**** Version Voxcom --> 2019.07.24 23:17:15:467 CLT
**** Start OCIClient initialization --> 2019.07.24 23:17:15:480 CLT
**** Sending request at: 2019.07.24 23:17:15:562 CLT
**** Time Out:120

**** Received response (Request process time: 32 ms)
AuthenticationRequest command successful

**** Sending request at: 2019.07.24 23:17:15:597 CLT
**** Time Out:120

**** Received response (Request process time: 36 ms)
LoginRequest command successful

**** Line InputFile: C:\Users\cs\Desktop\VisualStudioProjects\CloudPBX\ProyectoEmpresa\bin\Debug\voxcom\tmp_userLicense\GetUserLicense\1_GetUserLicense_request.xml;C:\Users\cs\Desktop\VisualStudioProjects\CloudPBX\ProyectoEmpresa\bin\Debug\voxcom\tmp_userLicense\GetUserLicense\1_cloudpbx_response.xml
**** Line InputFile: C:\Users\cs\Desktop\VisualStudioProjects\CloudPBX\ProyectoEmpresa\bin\Debug\voxcom\tmp_userLicense\GetUserLicense\2_GetUserLicense_request.xml;C:\Users\cs\Desktop\VisualStudioProjects\CloudPBX\ProyectoEmpresa\bin\Debug\voxcom\tmp_userLicense\GetUserLicense\2_cloudpbx_response.xml
**** Line InputFile: C:\Users\cs\Desktop\VisualStudioProjects\CloudPBX\ProyectoEmpresa\bin\Debug\voxcom\tmp_userLicense\GetUserLicense\3_GetUserLicense_request.xml;C:\Users\cs\Desktop\VisualStudioProjects\CloudPBX\ProyectoEmpresa\bin\Debug\voxcom\tmp_userLicense\GetUserLicense\3_cloudpbx_response.xml
********* Starting Run #: 1 in: 3 ms *********
**** Voxcom-> Procesando archivo de entrada:C:\Users\cs\Desktop\VisualStudioProjects\CloudPBX\ProyectoEmpresa\bin\Debug\voxcom\tmp_userLicense\GetUserLicense\1_GetUserLicense_request.xml
**** Voxcom-> Procesando archivo de salida :C:\Users\cs\Desktop\VisualStudioProjects\CloudPBX\ProyectoEmpresa\bin\Debug\voxcom\tmp_userLicense\GetUserLicense\1_cloudpbx_response.xml
**** Reading request(s) from file: C:\Users\cs\Desktop\VisualStudioProjects\CloudPBX\ProyectoEmpresa\bin\Debug\voxcom\tmp_userLicense\GetUserLicense\1_GetUserLicense_request.xml
**** Writing response to file: C:\Users\cs\Desktop\VisualStudioProjects\CloudPBX\ProyectoEmpresa\bin\Debug\voxcom\tmp_userLicense\GetUserLicense\1_cloudpbx_response.xml
**** Sending request #: 1 from file: C:\Users\cs\Desktop\VisualStudioProjects\CloudPBX\ProyectoEmpresa\bin\Debug\voxcom\tmp_userLicense\GetUserLicense\1_GetUserLicense_request.xml at: 2019.07.24 23:17:15:658 CLT
**** Time Out:120

**** Received response (Request process time: 204 ms)
**** Voxcom-> Procesando archivo de entrada:C:\Users\cs\Desktop\VisualStudioProjects\CloudPBX\ProyectoEmpresa\bin\Debug\voxcom\tmp_userLicense\GetUserLicense\2_GetUserLicense_request.xml
**** Voxcom-> Procesando archivo de salida :C:\Users\cs\Desktop\VisualStudioProjects\CloudPBX\ProyectoEmpresa\bin\Debug\voxcom\tmp_userLicense\GetUserLicense\2_cloudpbx_response.xml
**** Reading request(s) from file: C:\Users\cs\Desktop\VisualStudioProjects\CloudPBX\ProyectoEmpresa\bin\Debug\voxcom\tmp_userLicense\GetUserLicense\2_GetUserLicense_request.xml
**** Writing response to file: C:\Users\cs\Desktop\VisualStudioProjects\CloudPBX\ProyectoEmpresa\bin\Debug\voxcom\tmp_userLicense\GetUserLicense\2_cloudpbx_response.xml
**** Sending request #: 2 from file: C:\Users\cs\Desktop\VisualStudioProjects\CloudPBX\ProyectoEmpresa\bin\Debug\voxcom\tmp_userLicense\GetUserLicense\2_GetUserLicense_request.xml at: 2019.07.24 23:17:15:890 CLT
**** Time Out:120

**** Received response (Request process time: 36 ms)
**** Voxcom-> Procesando archivo de entrada:C:\Users\cs\Desktop\VisualStudioProjects\CloudPBX\ProyectoEmpresa\bin\Debug\voxcom\tmp_userLicense\GetUserLicense\3_GetUserLicense_request.xml
**** Voxcom-> Procesando archivo de salida :C:\Users\cs\Desktop\VisualStudioProjects\CloudPBX\ProyectoEmpresa\bin\Debug\voxcom\tmp_userLicense\GetUserLicense\3_cloudpbx_response.xml
**** Reading request(s) from file: C:\Users\cs\Desktop\VisualStudioProjects\CloudPBX\ProyectoEmpresa\bin\Debug\voxcom\tmp_userLicense\GetUserLicense\3_GetUserLicense_request.xml
**** Writing response to file: C:\Users\cs\Desktop\VisualStudioProjects\CloudPBX\ProyectoEmpresa\bin\Debug\voxcom\tmp_userLicense\GetUserLicense\3_cloudpbx_response.xml
**** Sending request #: 3 from file: C:\Users\cs\Desktop\VisualStudioProjects\CloudPBX\ProyectoEmpresa\bin\Debug\voxcom\tmp_userLicense\GetUserLicense\3_GetUserLicense_request.xml at: 2019.07.24 23:17:15:944 CLT
**** Time Out:120

**** Received response (Request process time: 136 ms)

Run #: 1 -- Statistics ========================>
Total Requests: 3
Total Time for all requests: 376 ms
Average Time per request: 125 ms
Smallest request time: 36 ms
Longest request time: 204 ms, FileName: C:\Users\cs\Desktop\VisualStudioProjects\CloudPBX\ProyectoEmpresa\bin\Debug\voxcom\tmp_userLicense\GetUserLicense\1_GetUserLicense_request.xml, Time: 2019.07.24 23:17:15:867 CLT
<========================

**** Sending request at: 2019.07.24 23:17:16:101 CLT
**** Time Out:1

**** Received response (Request process time: 1000 ms)
LogoutRequest command successful (no response when OCS)

