**** Version Voxcom --> 2019.08.13 23:30:11:832 CLT
**** Start OCIClient initialization --> 2019.08.13 23:30:11:839 CLT
**** Sending request at: 2019.08.13 23:30:11:883 CLT
**** Time Out:120

**** Received response (Request process time: 47 ms)
AuthenticationRequest command successful

**** Sending request at: 2019.08.13 23:30:11:933 CLT
**** Time Out:120

**** Received response (Request process time: 38 ms)
LoginRequest command successful

**** Line InputFile: C:\Users\cs\Desktop\VisualStudioProjects\CloudPBX\ProyectoEmpresa\bin\Debug\voxcom\tmp_usersNames\ModifyUsersNames\1_ModifyUserName_request.xml;C:\Users\cs\Desktop\VisualStudioProjects\CloudPBX\ProyectoEmpresa\bin\Debug\voxcom\tmp_usersNames\ModifyUsersNames\1_cloudpbx_response.xml
**** Line InputFile: C:\Users\cs\Desktop\VisualStudioProjects\CloudPBX\ProyectoEmpresa\bin\Debug\voxcom\tmp_usersNames\ModifyUsersNames\2_ModifyUserName_request.xml;C:\Users\cs\Desktop\VisualStudioProjects\CloudPBX\ProyectoEmpresa\bin\Debug\voxcom\tmp_usersNames\ModifyUsersNames\2_cloudpbx_response.xml
**** Line InputFile: C:\Users\cs\Desktop\VisualStudioProjects\CloudPBX\ProyectoEmpresa\bin\Debug\voxcom\tmp_usersNames\ModifyUsersNames\3_ModifyUserName_request.xml;C:\Users\cs\Desktop\VisualStudioProjects\CloudPBX\ProyectoEmpresa\bin\Debug\voxcom\tmp_usersNames\ModifyUsersNames\3_cloudpbx_response.xml
********* Starting Run #: 1 in: 3 ms *********
**** Voxcom-> Procesando archivo de entrada:C:\Users\cs\Desktop\VisualStudioProjects\CloudPBX\ProyectoEmpresa\bin\Debug\voxcom\tmp_usersNames\ModifyUsersNames\1_ModifyUserName_request.xml
**** Voxcom-> Procesando archivo de salida :C:\Users\cs\Desktop\VisualStudioProjects\CloudPBX\ProyectoEmpresa\bin\Debug\voxcom\tmp_usersNames\ModifyUsersNames\1_cloudpbx_response.xml
**** Reading request(s) from file: C:\Users\cs\Desktop\VisualStudioProjects\CloudPBX\ProyectoEmpresa\bin\Debug\voxcom\tmp_usersNames\ModifyUsersNames\1_ModifyUserName_request.xml
**** Writing response to file: C:\Users\cs\Desktop\VisualStudioProjects\CloudPBX\ProyectoEmpresa\bin\Debug\voxcom\tmp_usersNames\ModifyUsersNames\1_cloudpbx_response.xml
**** Sending request #: 1 from file: C:\Users\cs\Desktop\VisualStudioProjects\CloudPBX\ProyectoEmpresa\bin\Debug\voxcom\tmp_usersNames\ModifyUsersNames\1_ModifyUserName_request.xml at: 2019.08.13 23:30:11:990 CLT
**** Time Out:120

**** Received response (Request process time: 60 ms)
**** Voxcom-> Procesando archivo de entrada:C:\Users\cs\Desktop\VisualStudioProjects\CloudPBX\ProyectoEmpresa\bin\Debug\voxcom\tmp_usersNames\ModifyUsersNames\2_ModifyUserName_request.xml
**** Voxcom-> Procesando archivo de salida :C:\Users\cs\Desktop\VisualStudioProjects\CloudPBX\ProyectoEmpresa\bin\Debug\voxcom\tmp_usersNames\ModifyUsersNames\2_cloudpbx_response.xml
**** Reading request(s) from file: C:\Users\cs\Desktop\VisualStudioProjects\CloudPBX\ProyectoEmpresa\bin\Debug\voxcom\tmp_usersNames\ModifyUsersNames\2_ModifyUserName_request.xml
**** Writing response to file: C:\Users\cs\Desktop\VisualStudioProjects\CloudPBX\ProyectoEmpresa\bin\Debug\voxcom\tmp_usersNames\ModifyUsersNames\2_cloudpbx_response.xml
**** Sending request #: 2 from file: C:\Users\cs\Desktop\VisualStudioProjects\CloudPBX\ProyectoEmpresa\bin\Debug\voxcom\tmp_usersNames\ModifyUsersNames\2_ModifyUserName_request.xml at: 2019.08.13 23:30:12:074 CLT
**** Time Out:120

**** Received response (Request process time: 52 ms)
**** Voxcom-> Procesando archivo de entrada:C:\Users\cs\Desktop\VisualStudioProjects\CloudPBX\ProyectoEmpresa\bin\Debug\voxcom\tmp_usersNames\ModifyUsersNames\3_ModifyUserName_request.xml
**** Voxcom-> Procesando archivo de salida :C:\Users\cs\Desktop\VisualStudioProjects\CloudPBX\ProyectoEmpresa\bin\Debug\voxcom\tmp_usersNames\ModifyUsersNames\3_cloudpbx_response.xml
**** Reading request(s) from file: C:\Users\cs\Desktop\VisualStudioProjects\CloudPBX\ProyectoEmpresa\bin\Debug\voxcom\tmp_usersNames\ModifyUsersNames\3_ModifyUserName_request.xml
**** Writing response to file: C:\Users\cs\Desktop\VisualStudioProjects\CloudPBX\ProyectoEmpresa\bin\Debug\voxcom\tmp_usersNames\ModifyUsersNames\3_cloudpbx_response.xml
**** Sending request #: 3 from file: C:\Users\cs\Desktop\VisualStudioProjects\CloudPBX\ProyectoEmpresa\bin\Debug\voxcom\tmp_usersNames\ModifyUsersNames\3_ModifyUserName_request.xml at: 2019.08.13 23:30:12:141 CLT
**** Time Out:120

**** Received response (Request process time: 46 ms)

Run #: 1 -- Statistics ========================>
Total Requests: 3
Total Time for all requests: 158 ms
Average Time per request: 52 ms
Smallest request time: 46 ms
Longest request time: 60 ms, FileName: C:\Users\cs\Desktop\VisualStudioProjects\CloudPBX\ProyectoEmpresa\bin\Debug\voxcom\tmp_usersNames\ModifyUsersNames\1_ModifyUserName_request.xml, Time: 2019.08.13 23:30:12:055 CLT
<========================

**** Sending request at: 2019.08.13 23:30:12:204 CLT
**** Time Out:1

**** Received response (Request process time: 1000 ms)
LogoutRequest command successful (no response when OCS)

