**** Version Voxcom --> 2019.08.21 12:37:09:858 CLT
**** Start OCIClient initialization --> 2019.08.21 12:37:09:869 CLT
**** Sending request at: 2019.08.21 12:37:10:019 CLT
**** Time Out:120

**** Received response (Request process time: 78 ms)
AuthenticationRequest command successful

**** Sending request at: 2019.08.21 12:37:10:100 CLT
**** Time Out:120

**** Received response (Request process time: 16 ms)
LoginRequest command successful

**** Line InputFile: C:\Users\cs\Desktop\VisualStudioProjects\CloudPBX\ProyectoEmpresa\bin\Debug\voxcom\tmp_usersNames\GetUserListInGroup\1_GetUserList_request.xml;C:\Users\cs\Desktop\VisualStudioProjects\CloudPBX\ProyectoEmpresa\bin\Debug\voxcom\tmp_usersNames\GetUserListInGroup\1_cloudpbx_response.xml
********* Starting Run #: 1 in: 3 ms *********
**** Voxcom-> Procesando archivo de entrada:C:\Users\cs\Desktop\VisualStudioProjects\CloudPBX\ProyectoEmpresa\bin\Debug\voxcom\tmp_usersNames\GetUserListInGroup\1_GetUserList_request.xml
**** Voxcom-> Procesando archivo de salida :C:\Users\cs\Desktop\VisualStudioProjects\CloudPBX\ProyectoEmpresa\bin\Debug\voxcom\tmp_usersNames\GetUserListInGroup\1_cloudpbx_response.xml
**** Reading request(s) from file: C:\Users\cs\Desktop\VisualStudioProjects\CloudPBX\ProyectoEmpresa\bin\Debug\voxcom\tmp_usersNames\GetUserListInGroup\1_GetUserList_request.xml
**** Writing response to file: C:\Users\cs\Desktop\VisualStudioProjects\CloudPBX\ProyectoEmpresa\bin\Debug\voxcom\tmp_usersNames\GetUserListInGroup\1_cloudpbx_response.xml
**** Sending request #: 1 from file: C:\Users\cs\Desktop\VisualStudioProjects\CloudPBX\ProyectoEmpresa\bin\Debug\voxcom\tmp_usersNames\GetUserListInGroup\1_GetUserList_request.xml at: 2019.08.21 12:37:10:133 CLT
**** Time Out:120

**** Received response (Request process time: 44 ms)

Run #: 1 -- Statistics ========================>
Total Requests: 1
Total Time for all requests: 44 ms
Average Time per request: 44 ms
Smallest request time: 44 ms
Longest request time: 44 ms, FileName: C:\Users\cs\Desktop\VisualStudioProjects\CloudPBX\ProyectoEmpresa\bin\Debug\voxcom\tmp_usersNames\GetUserListInGroup\1_GetUserList_request.xml, Time: 2019.08.21 12:37:10:182 CLT
<========================

**** Sending request at: 2019.08.21 12:37:10:213 CLT
**** Time Out:1

**** Received response (Request process time: 1001 ms)
LogoutRequest command successful (no response when OCS)

