**** Version Voxcom --> 2019.08.13 23:38:19:675 CLT
**** Start OCIClient initialization --> 2019.08.13 23:38:19:686 CLT
**** Sending request at: 2019.08.13 23:38:19:743 CLT
**** Time Out:120

**** Received response (Request process time: 34 ms)
AuthenticationRequest command successful

**** Sending request at: 2019.08.13 23:38:19:782 CLT
**** Time Out:120

**** Received response (Request process time: 24 ms)
LoginRequest command successful

**** Line InputFile: C:\Users\cs\Desktop\VisualStudioProjects\CloudPBX\ProyectoEmpresa\bin\Debug\voxcom\tmp_usersNames\ModifyUsersNames\1_ModifyUserName_request.xml;C:\Users\cs\Desktop\VisualStudioProjects\CloudPBX\ProyectoEmpresa\bin\Debug\voxcom\tmp_usersNames\ModifyUsersNames\1_cloudpbx_response.xml
**** Line InputFile: C:\Users\cs\Desktop\VisualStudioProjects\CloudPBX\ProyectoEmpresa\bin\Debug\voxcom\tmp_usersNames\ModifyUsersNames\2_ModifyUserName_request.xml;C:\Users\cs\Desktop\VisualStudioProjects\CloudPBX\ProyectoEmpresa\bin\Debug\voxcom\tmp_usersNames\ModifyUsersNames\2_cloudpbx_response.xml
**** Line InputFile: C:\Users\cs\Desktop\VisualStudioProjects\CloudPBX\ProyectoEmpresa\bin\Debug\voxcom\tmp_usersNames\ModifyUsersNames\3_ModifyUserName_request.xml;C:\Users\cs\Desktop\VisualStudioProjects\CloudPBX\ProyectoEmpresa\bin\Debug\voxcom\tmp_usersNames\ModifyUsersNames\3_cloudpbx_response.xml
********* Starting Run #: 1 in: 3 ms *********
**** Voxcom-> Procesando archivo de entrada:C:\Users\cs\Desktop\VisualStudioProjects\CloudPBX\ProyectoEmpresa\bin\Debug\voxcom\tmp_usersNames\ModifyUsersNames\1_ModifyUserName_request.xml
**** Voxcom-> Procesando archivo de salida :C:\Users\cs\Desktop\VisualStudioProjects\CloudPBX\ProyectoEmpresa\bin\Debug\voxcom\tmp_usersNames\ModifyUsersNames\1_cloudpbx_response.xml
**** Reading request(s) from file: C:\Users\cs\Desktop\VisualStudioProjects\CloudPBX\ProyectoEmpresa\bin\Debug\voxcom\tmp_usersNames\ModifyUsersNames\1_ModifyUserName_request.xml
**** Writing response to file: C:\Users\cs\Desktop\VisualStudioProjects\CloudPBX\ProyectoEmpresa\bin\Debug\voxcom\tmp_usersNames\ModifyUsersNames\1_cloudpbx_response.xml
**** Sending request #: 1 from file: C:\Users\cs\Desktop\VisualStudioProjects\CloudPBX\ProyectoEmpresa\bin\Debug\voxcom\tmp_usersNames\ModifyUsersNames\1_ModifyUserName_request.xml at: 2019.08.13 23:38:19:822 CLT
**** Time Out:120

**** Received response (Request process time: 44 ms)
**** Voxcom-> Procesando archivo de entrada:C:\Users\cs\Desktop\VisualStudioProjects\CloudPBX\ProyectoEmpresa\bin\Debug\voxcom\tmp_usersNames\ModifyUsersNames\2_ModifyUserName_request.xml
**** Voxcom-> Procesando archivo de salida :C:\Users\cs\Desktop\VisualStudioProjects\CloudPBX\ProyectoEmpresa\bin\Debug\voxcom\tmp_usersNames\ModifyUsersNames\2_cloudpbx_response.xml
**** Reading request(s) from file: C:\Users\cs\Desktop\VisualStudioProjects\CloudPBX\ProyectoEmpresa\bin\Debug\voxcom\tmp_usersNames\ModifyUsersNames\2_ModifyUserName_request.xml
**** Writing response to file: C:\Users\cs\Desktop\VisualStudioProjects\CloudPBX\ProyectoEmpresa\bin\Debug\voxcom\tmp_usersNames\ModifyUsersNames\2_cloudpbx_response.xml
**** Sending request #: 2 from file: C:\Users\cs\Desktop\VisualStudioProjects\CloudPBX\ProyectoEmpresa\bin\Debug\voxcom\tmp_usersNames\ModifyUsersNames\2_ModifyUserName_request.xml at: 2019.08.13 23:38:19:888 CLT
**** Time Out:120

**** Received response (Request process time: 31 ms)
**** Voxcom-> Procesando archivo de entrada:C:\Users\cs\Desktop\VisualStudioProjects\CloudPBX\ProyectoEmpresa\bin\Debug\voxcom\tmp_usersNames\ModifyUsersNames\3_ModifyUserName_request.xml
**** Voxcom-> Procesando archivo de salida :C:\Users\cs\Desktop\VisualStudioProjects\CloudPBX\ProyectoEmpresa\bin\Debug\voxcom\tmp_usersNames\ModifyUsersNames\3_cloudpbx_response.xml
**** Reading request(s) from file: C:\Users\cs\Desktop\VisualStudioProjects\CloudPBX\ProyectoEmpresa\bin\Debug\voxcom\tmp_usersNames\ModifyUsersNames\3_ModifyUserName_request.xml
**** Writing response to file: C:\Users\cs\Desktop\VisualStudioProjects\CloudPBX\ProyectoEmpresa\bin\Debug\voxcom\tmp_usersNames\ModifyUsersNames\3_cloudpbx_response.xml
**** Sending request #: 3 from file: C:\Users\cs\Desktop\VisualStudioProjects\CloudPBX\ProyectoEmpresa\bin\Debug\voxcom\tmp_usersNames\ModifyUsersNames\3_ModifyUserName_request.xml at: 2019.08.13 23:38:19:938 CLT
**** Time Out:120

**** Received response (Request process time: 34 ms)

Run #: 1 -- Statistics ========================>
Total Requests: 3
Total Time for all requests: 109 ms
Average Time per request: 36 ms
Smallest request time: 31 ms
Longest request time: 44 ms, FileName: C:\Users\cs\Desktop\VisualStudioProjects\CloudPBX\ProyectoEmpresa\bin\Debug\voxcom\tmp_usersNames\ModifyUsersNames\1_ModifyUserName_request.xml, Time: 2019.08.13 23:38:19:868 CLT
<========================

**** Sending request at: 2019.08.13 23:38:19:989 CLT
**** Time Out:1

**** Received response (Request process time: 1001 ms)
LogoutRequest command successful (no response when OCS)

