**** Version Voxcom --> 2019.08.14 11:46:01:156 CLT
**** Start OCIClient initialization --> 2019.08.14 11:46:01:164 CLT
**** Sending request at: 2019.08.14 11:46:01:195 CLT
**** Time Out:120

**** Received response (Request process time: 23 ms)
AuthenticationRequest command successful

**** Sending request at: 2019.08.14 11:46:01:220 CLT
**** Time Out:120

**** Received response (Request process time: 9 ms)
LoginRequest command successful

**** Line InputFile: C:\Users\cs\Desktop\VisualStudioProjects\CloudPBX\ProyectoEmpresa\bin\Debug\voxcom\tmp_usersNames\ModifyUsersNames\1_ModifyUserName_request.xml;C:\Users\cs\Desktop\VisualStudioProjects\CloudPBX\ProyectoEmpresa\bin\Debug\voxcom\tmp_usersNames\ModifyUsersNames\1_cloudpbx_response.xml
********* Starting Run #: 1 in: 3 ms *********
**** Voxcom-> Procesando archivo de entrada:C:\Users\cs\Desktop\VisualStudioProjects\CloudPBX\ProyectoEmpresa\bin\Debug\voxcom\tmp_usersNames\ModifyUsersNames\1_ModifyUserName_request.xml
**** Voxcom-> Procesando archivo de salida :C:\Users\cs\Desktop\VisualStudioProjects\CloudPBX\ProyectoEmpresa\bin\Debug\voxcom\tmp_usersNames\ModifyUsersNames\1_cloudpbx_response.xml
**** Reading request(s) from file: C:\Users\cs\Desktop\VisualStudioProjects\CloudPBX\ProyectoEmpresa\bin\Debug\voxcom\tmp_usersNames\ModifyUsersNames\1_ModifyUserName_request.xml
**** Writing response to file: C:\Users\cs\Desktop\VisualStudioProjects\CloudPBX\ProyectoEmpresa\bin\Debug\voxcom\tmp_usersNames\ModifyUsersNames\1_cloudpbx_response.xml
**** Sending request #: 1 from file: C:\Users\cs\Desktop\VisualStudioProjects\CloudPBX\ProyectoEmpresa\bin\Debug\voxcom\tmp_usersNames\ModifyUsersNames\1_ModifyUserName_request.xml at: 2019.08.14 11:46:01:238 CLT
**** Time Out:120

**** Received response (Request process time: 24 ms)

Run #: 1 -- Statistics ========================>
Total Requests: 1
Total Time for all requests: 24 ms
Average Time per request: 24 ms
Smallest request time: 24 ms
Longest request time: 24 ms, FileName: C:\Users\cs\Desktop\VisualStudioProjects\CloudPBX\ProyectoEmpresa\bin\Debug\voxcom\tmp_usersNames\ModifyUsersNames\1_ModifyUserName_request.xml, Time: 2019.08.14 11:46:01:265 CLT
<========================

**** Sending request at: 2019.08.14 11:46:01:287 CLT
**** Time Out:1

**** Received response (Request process time: 1002 ms)
LogoutRequest command successful (no response when OCS)

