**** Version Voxcom --> 2019.07.24 16:31:38:438 CLT
**** Start OCIClient initialization --> 2019.07.24 16:31:38:446 CLT
**** Sending request at: 2019.07.24 16:31:38:491 CLT
**** Time Out:120

**** Received response (Request process time: 31 ms)
AuthenticationRequest command successful

**** Sending request at: 2019.07.24 16:31:38:531 CLT
**** Time Out:120

**** Received response (Request process time: 10 ms)
LoginRequest command successful

**** Line InputFile: C:\Users\cs\Desktop\VisualStudioProjects\CloudPBX\ProyectoEmpresa\bin\Debug\voxcom\tmp_userLicense\AssigmentUserLicense\UnAssignServices\1_AssignServices_request.xml;C:\Users\cs\Desktop\VisualStudioProjects\CloudPBX\ProyectoEmpresa\bin\Debug\voxcom\tmp_userLicense\AssigmentUserLicense\UnAssignServices\1_cloudpbx_response.xml
********* Starting Run #: 1 in: 3 ms *********
**** Voxcom-> Procesando archivo de entrada:C:\Users\cs\Desktop\VisualStudioProjects\CloudPBX\ProyectoEmpresa\bin\Debug\voxcom\tmp_userLicense\AssigmentUserLicense\UnAssignServices\1_AssignServices_request.xml
**** Voxcom-> Procesando archivo de salida :C:\Users\cs\Desktop\VisualStudioProjects\CloudPBX\ProyectoEmpresa\bin\Debug\voxcom\tmp_userLicense\AssigmentUserLicense\UnAssignServices\1_cloudpbx_response.xml
**** Reading request(s) from file: C:\Users\cs\Desktop\VisualStudioProjects\CloudPBX\ProyectoEmpresa\bin\Debug\voxcom\tmp_userLicense\AssigmentUserLicense\UnAssignServices\1_AssignServices_request.xml
**** Writing response to file: C:\Users\cs\Desktop\VisualStudioProjects\CloudPBX\ProyectoEmpresa\bin\Debug\voxcom\tmp_userLicense\AssigmentUserLicense\UnAssignServices\1_cloudpbx_response.xml
**** Sending request #: 1 from file: C:\Users\cs\Desktop\VisualStudioProjects\CloudPBX\ProyectoEmpresa\bin\Debug\voxcom\tmp_userLicense\AssigmentUserLicense\UnAssignServices\1_AssignServices_request.xml at: 2019.07.24 16:31:38:565 CLT
**** Time Out:120

**** Received response (Request process time: 76 ms)

Run #: 1 -- Statistics ========================>
Total Requests: 1
Total Time for all requests: 76 ms
Average Time per request: 76 ms
Smallest request time: 76 ms
Longest request time: 76 ms, FileName: C:\Users\cs\Desktop\VisualStudioProjects\CloudPBX\ProyectoEmpresa\bin\Debug\voxcom\tmp_userLicense\AssigmentUserLicense\UnAssignServices\1_AssignServices_request.xml, Time: 2019.07.24 16:31:38:644 CLT
<========================

**** Sending request at: 2019.07.24 16:31:38:675 CLT
**** Time Out:1

**** Received response (Request process time: 1000 ms)
LogoutRequest command successful (no response when OCS)

