**** Version Voxcom --> 2019.07.24 23:15:32:349 CLT
**** Start OCIClient initialization --> 2019.07.24 23:15:32:357 CLT
**** Sending request at: 2019.07.24 23:15:32:414 CLT
**** Time Out:120

**** Received response (Request process time: 126 ms)
AuthenticationRequest command successful

**** Sending request at: 2019.07.24 23:15:32:561 CLT
**** Time Out:120

**** Received response (Request process time: 77 ms)
LoginRequest command successful

**** Line InputFile: C:\Users\cs\Desktop\VisualStudioProjects\CloudPBX\ProyectoEmpresa\bin\Debug\voxcom\tmp_userLicense\AssigmentUserLicense\UnAssignServices\1_AssignServices_request.xml;C:\Users\cs\Desktop\VisualStudioProjects\CloudPBX\ProyectoEmpresa\bin\Debug\voxcom\tmp_userLicense\AssigmentUserLicense\UnAssignServices\1_cloudpbx_response.xml
********* Starting Run #: 1 in: 3 ms *********
**** Voxcom-> Procesando archivo de entrada:C:\Users\cs\Desktop\VisualStudioProjects\CloudPBX\ProyectoEmpresa\bin\Debug\voxcom\tmp_userLicense\AssigmentUserLicense\UnAssignServices\1_AssignServices_request.xml
**** Voxcom-> Procesando archivo de salida :C:\Users\cs\Desktop\VisualStudioProjects\CloudPBX\ProyectoEmpresa\bin\Debug\voxcom\tmp_userLicense\AssigmentUserLicense\UnAssignServices\1_cloudpbx_response.xml
**** Reading request(s) from file: C:\Users\cs\Desktop\VisualStudioProjects\CloudPBX\ProyectoEmpresa\bin\Debug\voxcom\tmp_userLicense\AssigmentUserLicense\UnAssignServices\1_AssignServices_request.xml
**** Writing response to file: C:\Users\cs\Desktop\VisualStudioProjects\CloudPBX\ProyectoEmpresa\bin\Debug\voxcom\tmp_userLicense\AssigmentUserLicense\UnAssignServices\1_cloudpbx_response.xml
**** Sending request #: 1 from file: C:\Users\cs\Desktop\VisualStudioProjects\CloudPBX\ProyectoEmpresa\bin\Debug\voxcom\tmp_userLicense\AssigmentUserLicense\UnAssignServices\1_AssignServices_request.xml at: 2019.07.24 23:15:32:655 CLT
**** Time Out:120

**** Received response (Request process time: 29 ms)

Run #: 1 -- Statistics ========================>
Total Requests: 1
Total Time for all requests: 29 ms
Average Time per request: 29 ms
Smallest request time: 29 ms
Longest request time: 29 ms, FileName: C:\Users\cs\Desktop\VisualStudioProjects\CloudPBX\ProyectoEmpresa\bin\Debug\voxcom\tmp_userLicense\AssigmentUserLicense\UnAssignServices\1_AssignServices_request.xml, Time: 2019.07.24 23:15:32:688 CLT
<========================

**** Sending request at: 2019.07.24 23:15:32:712 CLT
**** Time Out:1

**** Received response (Request process time: 1000 ms)
LogoutRequest command successful (no response when OCS)

