**** Version Voxcom --> 2019.08.14 11:27:46:899 CLT
**** Start OCIClient initialization --> 2019.08.14 11:27:46:912 CLT
**** Sending request at: 2019.08.14 11:27:46:954 CLT
**** Time Out:120

**** Received response (Request process time: 25 ms)
AuthenticationRequest command successful

**** Sending request at: 2019.08.14 11:27:46:981 CLT
**** Time Out:120

**** Received response (Request process time: 12 ms)
LoginRequest command successful

**** Line InputFile: C:\Users\cs\Desktop\VisualStudioProjects\CloudPBX\ProyectoEmpresa\bin\Debug\voxcom\tmp_usersNames\GetUserListInGroup\1_GetUserList_request.xml;C:\Users\cs\Desktop\VisualStudioProjects\CloudPBX\ProyectoEmpresa\bin\Debug\voxcom\tmp_usersNames\GetUserListInGroup\1_cloudpbx_response.xml
********* Starting Run #: 1 in: 3 ms *********
**** Voxcom-> Procesando archivo de entrada:C:\Users\cs\Desktop\VisualStudioProjects\CloudPBX\ProyectoEmpresa\bin\Debug\voxcom\tmp_usersNames\GetUserListInGroup\1_GetUserList_request.xml
**** Voxcom-> Procesando archivo de salida :C:\Users\cs\Desktop\VisualStudioProjects\CloudPBX\ProyectoEmpresa\bin\Debug\voxcom\tmp_usersNames\GetUserListInGroup\1_cloudpbx_response.xml
**** Reading request(s) from file: C:\Users\cs\Desktop\VisualStudioProjects\CloudPBX\ProyectoEmpresa\bin\Debug\voxcom\tmp_usersNames\GetUserListInGroup\1_GetUserList_request.xml
**** Writing response to file: C:\Users\cs\Desktop\VisualStudioProjects\CloudPBX\ProyectoEmpresa\bin\Debug\voxcom\tmp_usersNames\GetUserListInGroup\1_cloudpbx_response.xml
**** Sending request #: 1 from file: C:\Users\cs\Desktop\VisualStudioProjects\CloudPBX\ProyectoEmpresa\bin\Debug\voxcom\tmp_usersNames\GetUserListInGroup\1_GetUserList_request.xml at: 2019.08.14 11:27:47:008 CLT
**** Time Out:120

**** Received response (Request process time: 13 ms)

Run #: 1 -- Statistics ========================>
Total Requests: 1
Total Time for all requests: 13 ms
Average Time per request: 13 ms
Smallest request time: 13 ms
Longest request time: 13 ms, FileName: C:\Users\cs\Desktop\VisualStudioProjects\CloudPBX\ProyectoEmpresa\bin\Debug\voxcom\tmp_usersNames\GetUserListInGroup\1_GetUserList_request.xml, Time: 2019.08.14 11:27:47:024 CLT
<========================

**** Sending request at: 2019.08.14 11:27:47:044 CLT
**** Time Out:1

**** Received response (Request process time: 1000 ms)
LogoutRequest command successful (no response when OCS)

