**** Version Voxcom --> 2019.08.13 14:16:52:433 CLT
**** Start OCIClient initialization --> 2019.08.13 14:16:52:441 CLT
**** Sending request at: 2019.08.13 14:16:52:481 CLT
**** Time Out:120

**** Received response (Request process time: 23 ms)
AuthenticationRequest command successful

**** Sending request at: 2019.08.13 14:16:52:507 CLT
**** Time Out:120

**** Received response (Request process time: 12 ms)
LoginRequest command successful

**** Line InputFile: C:\Users\cs\Desktop\VisualStudioProjects\CloudPBX\ProyectoEmpresa\bin\Debug\voxcom\tmp_userLicense\GetUserListInGroup\1_GetUserList_request.xml;C:\Users\cs\Desktop\VisualStudioProjects\CloudPBX\ProyectoEmpresa\bin\Debug\voxcom\tmp_userLicense\GetUserListInGroup\1_cloudpbx_response.xml
********* Starting Run #: 1 in: 3 ms *********
**** Voxcom-> Procesando archivo de entrada:C:\Users\cs\Desktop\VisualStudioProjects\CloudPBX\ProyectoEmpresa\bin\Debug\voxcom\tmp_userLicense\GetUserListInGroup\1_GetUserList_request.xml
**** Voxcom-> Procesando archivo de salida :C:\Users\cs\Desktop\VisualStudioProjects\CloudPBX\ProyectoEmpresa\bin\Debug\voxcom\tmp_userLicense\GetUserListInGroup\1_cloudpbx_response.xml
**** Reading request(s) from file: C:\Users\cs\Desktop\VisualStudioProjects\CloudPBX\ProyectoEmpresa\bin\Debug\voxcom\tmp_userLicense\GetUserListInGroup\1_GetUserList_request.xml
**** Writing response to file: C:\Users\cs\Desktop\VisualStudioProjects\CloudPBX\ProyectoEmpresa\bin\Debug\voxcom\tmp_userLicense\GetUserListInGroup\1_cloudpbx_response.xml
**** Sending request #: 1 from file: C:\Users\cs\Desktop\VisualStudioProjects\CloudPBX\ProyectoEmpresa\bin\Debug\voxcom\tmp_userLicense\GetUserListInGroup\1_GetUserList_request.xml at: 2019.08.13 14:16:52:529 CLT
**** Time Out:120

**** Received response (Request process time: 17 ms)

Run #: 1 -- Statistics ========================>
Total Requests: 1
Total Time for all requests: 17 ms
Average Time per request: 17 ms
Smallest request time: 17 ms
Longest request time: 17 ms, FileName: C:\Users\cs\Desktop\VisualStudioProjects\CloudPBX\ProyectoEmpresa\bin\Debug\voxcom\tmp_userLicense\GetUserListInGroup\1_GetUserList_request.xml, Time: 2019.08.13 14:16:52:547 CLT
<========================

**** Sending request at: 2019.08.13 14:16:52:580 CLT
**** Time Out:1

**** Received response (Request process time: 1001 ms)
LogoutRequest command successful (no response when OCS)

