**** Version Voxcom --> 2019.07.24 12:14:14:718 CLT
**** Start OCIClient initialization --> 2019.07.24 12:14:14:729 CLT
**** Sending request at: 2019.07.24 12:14:14:938 CLT
**** Time Out:120

**** Received response (Request process time: 23 ms)
AuthenticationRequest command successful

**** Sending request at: 2019.07.24 12:14:14:964 CLT
**** Time Out:120

**** Received response (Request process time: 205 ms)
LoginRequest command successful

**** Line InputFile: C:\Users\cs\Desktop\VisualStudioProjects\CloudPBX\ProyectoEmpresa\bin\Debug\voxcom\tmp_proxy\getDeviceName\1_DeviceGetList_request.xml;C:\Users\cs\Desktop\VisualStudioProjects\CloudPBX\ProyectoEmpresa\bin\Debug\voxcom\tmp_proxy\getDeviceName\1_cloudpbx_response.xml
********* Starting Run #: 1 in: 3 ms *********
**** Voxcom-> Procesando archivo de entrada:C:\Users\cs\Desktop\VisualStudioProjects\CloudPBX\ProyectoEmpresa\bin\Debug\voxcom\tmp_proxy\getDeviceName\1_DeviceGetList_request.xml
**** Voxcom-> Procesando archivo de salida :C:\Users\cs\Desktop\VisualStudioProjects\CloudPBX\ProyectoEmpresa\bin\Debug\voxcom\tmp_proxy\getDeviceName\1_cloudpbx_response.xml
**** Reading request(s) from file: C:\Users\cs\Desktop\VisualStudioProjects\CloudPBX\ProyectoEmpresa\bin\Debug\voxcom\tmp_proxy\getDeviceName\1_DeviceGetList_request.xml
**** Writing response to file: C:\Users\cs\Desktop\VisualStudioProjects\CloudPBX\ProyectoEmpresa\bin\Debug\voxcom\tmp_proxy\getDeviceName\1_cloudpbx_response.xml
**** Sending request #: 1 from file: C:\Users\cs\Desktop\VisualStudioProjects\CloudPBX\ProyectoEmpresa\bin\Debug\voxcom\tmp_proxy\getDeviceName\1_DeviceGetList_request.xml at: 2019.07.24 12:14:15:181 CLT
**** Time Out:120

**** Received response (Request process time: 49 ms)

Run #: 1 -- Statistics ========================>
Total Requests: 1
Total Time for all requests: 49 ms
Average Time per request: 49 ms
Smallest request time: 49 ms
Longest request time: 49 ms, FileName: C:\Users\cs\Desktop\VisualStudioProjects\CloudPBX\ProyectoEmpresa\bin\Debug\voxcom\tmp_proxy\getDeviceName\1_DeviceGetList_request.xml, Time: 2019.07.24 12:14:15:234 CLT
<========================

**** Sending request at: 2019.07.24 12:14:15:257 CLT
**** Time Out:1

**** Received response (Request process time: 1000 ms)
LogoutRequest command successful (no response when OCS)

