**** Version Voxcom --> 2019.07.24 22:51:26:671 CLT
**** Start OCIClient initialization --> 2019.07.24 22:51:26:680 CLT
**** Sending request at: 2019.07.24 22:51:26:721 CLT
**** Time Out:120

**** Received response (Request process time: 40 ms)
AuthenticationRequest command successful

**** Sending request at: 2019.07.24 22:51:26:766 CLT
**** Time Out:120

**** Received response (Request process time: 24 ms)
LoginRequest command successful

**** Line InputFile: C:\Users\cs\Desktop\VisualStudioProjects\CloudPBX\ProyectoEmpresa\bin\Debug\voxcom\tmp_proxy\getDeviceName\1_DeviceGetList_request.xml;C:\Users\cs\Desktop\VisualStudioProjects\CloudPBX\ProyectoEmpresa\bin\Debug\voxcom\tmp_proxy\getDeviceName\1_cloudpbx_response.xml
********* Starting Run #: 1 in: 3 ms *********
**** Voxcom-> Procesando archivo de entrada:C:\Users\cs\Desktop\VisualStudioProjects\CloudPBX\ProyectoEmpresa\bin\Debug\voxcom\tmp_proxy\getDeviceName\1_DeviceGetList_request.xml
**** Voxcom-> Procesando archivo de salida :C:\Users\cs\Desktop\VisualStudioProjects\CloudPBX\ProyectoEmpresa\bin\Debug\voxcom\tmp_proxy\getDeviceName\1_cloudpbx_response.xml
**** Reading request(s) from file: C:\Users\cs\Desktop\VisualStudioProjects\CloudPBX\ProyectoEmpresa\bin\Debug\voxcom\tmp_proxy\getDeviceName\1_DeviceGetList_request.xml
**** Writing response to file: C:\Users\cs\Desktop\VisualStudioProjects\CloudPBX\ProyectoEmpresa\bin\Debug\voxcom\tmp_proxy\getDeviceName\1_cloudpbx_response.xml
**** Sending request #: 1 from file: C:\Users\cs\Desktop\VisualStudioProjects\CloudPBX\ProyectoEmpresa\bin\Debug\voxcom\tmp_proxy\getDeviceName\1_DeviceGetList_request.xml at: 2019.07.24 22:51:26:803 CLT
**** Time Out:120

**** Received response (Request process time: 28 ms)

Run #: 1 -- Statistics ========================>
Total Requests: 1
Total Time for all requests: 28 ms
Average Time per request: 28 ms
Smallest request time: 28 ms
Longest request time: 28 ms, FileName: C:\Users\cs\Desktop\VisualStudioProjects\CloudPBX\ProyectoEmpresa\bin\Debug\voxcom\tmp_proxy\getDeviceName\1_DeviceGetList_request.xml, Time: 2019.07.24 22:51:26:834 CLT
<========================

**** Sending request at: 2019.07.24 22:51:26:883 CLT
**** Time Out:1

**** Received response (Request process time: 1002 ms)
LogoutRequest command successful (no response when OCS)

