**** Version Voxcom --> 2019.07.24 00:00:46:896 CLT
**** Start OCIClient initialization --> 2019.07.24 00:00:46:905 CLT
**** Sending request at: 2019.07.24 00:00:46:986 CLT
**** Time Out:120

**** Received response (Request process time: 52 ms)
AuthenticationRequest command successful

**** Sending request at: 2019.07.24 00:00:47:040 CLT
**** Time Out:120

**** Received response (Request process time: 22 ms)
LoginRequest command successful

**** Line InputFile: C:\Users\cs\Desktop\VisualStudioProjects\CloudPBX\ProyectoEmpresa\bin\Debug\voxcom\tmp_proxy\getDeviceName\1_DeviceGetList_request.xml;C:\Users\cs\Desktop\VisualStudioProjects\CloudPBX\ProyectoEmpresa\bin\Debug\voxcom\tmp_proxy\getDeviceName\1_cloudpbx_response.xml
********* Starting Run #: 1 in: 3 ms *********
**** Voxcom-> Procesando archivo de entrada:C:\Users\cs\Desktop\VisualStudioProjects\CloudPBX\ProyectoEmpresa\bin\Debug\voxcom\tmp_proxy\getDeviceName\1_DeviceGetList_request.xml
**** Voxcom-> Procesando archivo de salida :C:\Users\cs\Desktop\VisualStudioProjects\CloudPBX\ProyectoEmpresa\bin\Debug\voxcom\tmp_proxy\getDeviceName\1_cloudpbx_response.xml
**** Reading request(s) from file: C:\Users\cs\Desktop\VisualStudioProjects\CloudPBX\ProyectoEmpresa\bin\Debug\voxcom\tmp_proxy\getDeviceName\1_DeviceGetList_request.xml
**** Writing response to file: C:\Users\cs\Desktop\VisualStudioProjects\CloudPBX\ProyectoEmpresa\bin\Debug\voxcom\tmp_proxy\getDeviceName\1_cloudpbx_response.xml
**** Sending request #: 1 from file: C:\Users\cs\Desktop\VisualStudioProjects\CloudPBX\ProyectoEmpresa\bin\Debug\voxcom\tmp_proxy\getDeviceName\1_DeviceGetList_request.xml at: 2019.07.24 00:00:47:075 CLT
**** Time Out:120

**** Received response (Request process time: 129 ms)

Run #: 1 -- Statistics ========================>
Total Requests: 1
Total Time for all requests: 129 ms
Average Time per request: 129 ms
Smallest request time: 129 ms
Longest request time: 129 ms, FileName: C:\Users\cs\Desktop\VisualStudioProjects\CloudPBX\ProyectoEmpresa\bin\Debug\voxcom\tmp_proxy\getDeviceName\1_DeviceGetList_request.xml, Time: 2019.07.24 00:00:47:207 CLT
<========================

**** Sending request at: 2019.07.24 00:00:47:228 CLT
**** Time Out:1

**** Received response (Request process time: 1001 ms)
LogoutRequest command successful (no response when OCS)

