**** Version Voxcom --> 2019.07.24 17:04:30:629 CLT
**** Start OCIClient initialization --> 2019.07.24 17:04:30:636 CLT
**** Sending request at: 2019.07.24 17:04:30:668 CLT
**** Time Out:120

**** Received response (Request process time: 24 ms)
AuthenticationRequest command successful

**** Sending request at: 2019.07.24 17:04:30:695 CLT
**** Time Out:120

**** Received response (Request process time: 12 ms)
LoginRequest command successful

**** Line InputFile: C:\Users\cs\Desktop\VisualStudioProjects\CloudPBX\ProyectoEmpresa\bin\Debug\voxcom\tmp_userLicense\AssigmentUserLicense\UnAssignServices\1_AssignServices_request.xml;C:\Users\cs\Desktop\VisualStudioProjects\CloudPBX\ProyectoEmpresa\bin\Debug\voxcom\tmp_userLicense\AssigmentUserLicense\UnAssignServices\1_cloudpbx_response.xml
**** Line InputFile: C:\Users\cs\Desktop\VisualStudioProjects\CloudPBX\ProyectoEmpresa\bin\Debug\voxcom\tmp_userLicense\AssigmentUserLicense\UnAssignServices\2_AssignServices_request.xml;C:\Users\cs\Desktop\VisualStudioProjects\CloudPBX\ProyectoEmpresa\bin\Debug\voxcom\tmp_userLicense\AssigmentUserLicense\UnAssignServices\2_cloudpbx_response.xml
**** Line InputFile: C:\Users\cs\Desktop\VisualStudioProjects\CloudPBX\ProyectoEmpresa\bin\Debug\voxcom\tmp_userLicense\AssigmentUserLicense\UnAssignServices\3_AssignServices_request.xml;C:\Users\cs\Desktop\VisualStudioProjects\CloudPBX\ProyectoEmpresa\bin\Debug\voxcom\tmp_userLicense\AssigmentUserLicense\UnAssignServices\3_cloudpbx_response.xml
********* Starting Run #: 1 in: 3 ms *********
**** Voxcom-> Procesando archivo de entrada:C:\Users\cs\Desktop\VisualStudioProjects\CloudPBX\ProyectoEmpresa\bin\Debug\voxcom\tmp_userLicense\AssigmentUserLicense\UnAssignServices\1_AssignServices_request.xml
**** Voxcom-> Procesando archivo de salida :C:\Users\cs\Desktop\VisualStudioProjects\CloudPBX\ProyectoEmpresa\bin\Debug\voxcom\tmp_userLicense\AssigmentUserLicense\UnAssignServices\1_cloudpbx_response.xml
**** Reading request(s) from file: C:\Users\cs\Desktop\VisualStudioProjects\CloudPBX\ProyectoEmpresa\bin\Debug\voxcom\tmp_userLicense\AssigmentUserLicense\UnAssignServices\1_AssignServices_request.xml
**** Writing response to file: C:\Users\cs\Desktop\VisualStudioProjects\CloudPBX\ProyectoEmpresa\bin\Debug\voxcom\tmp_userLicense\AssigmentUserLicense\UnAssignServices\1_cloudpbx_response.xml
**** Sending request #: 1 from file: C:\Users\cs\Desktop\VisualStudioProjects\CloudPBX\ProyectoEmpresa\bin\Debug\voxcom\tmp_userLicense\AssigmentUserLicense\UnAssignServices\1_AssignServices_request.xml at: 2019.07.24 17:04:30:720 CLT
**** Time Out:120

**** Received response (Request process time: 41 ms)
**** Voxcom-> Procesando archivo de entrada:C:\Users\cs\Desktop\VisualStudioProjects\CloudPBX\ProyectoEmpresa\bin\Debug\voxcom\tmp_userLicense\AssigmentUserLicense\UnAssignServices\2_AssignServices_request.xml
**** Voxcom-> Procesando archivo de salida :C:\Users\cs\Desktop\VisualStudioProjects\CloudPBX\ProyectoEmpresa\bin\Debug\voxcom\tmp_userLicense\AssigmentUserLicense\UnAssignServices\2_cloudpbx_response.xml
**** Reading request(s) from file: C:\Users\cs\Desktop\VisualStudioProjects\CloudPBX\ProyectoEmpresa\bin\Debug\voxcom\tmp_userLicense\AssigmentUserLicense\UnAssignServices\2_AssignServices_request.xml
**** Writing response to file: C:\Users\cs\Desktop\VisualStudioProjects\CloudPBX\ProyectoEmpresa\bin\Debug\voxcom\tmp_userLicense\AssigmentUserLicense\UnAssignServices\2_cloudpbx_response.xml
**** Sending request #: 2 from file: C:\Users\cs\Desktop\VisualStudioProjects\CloudPBX\ProyectoEmpresa\bin\Debug\voxcom\tmp_userLicense\AssigmentUserLicense\UnAssignServices\2_AssignServices_request.xml at: 2019.07.24 17:04:30:785 CLT
**** Time Out:120

**** Received response (Request process time: 16 ms)
**** Voxcom-> Procesando archivo de entrada:C:\Users\cs\Desktop\VisualStudioProjects\CloudPBX\ProyectoEmpresa\bin\Debug\voxcom\tmp_userLicense\AssigmentUserLicense\UnAssignServices\3_AssignServices_request.xml
**** Voxcom-> Procesando archivo de salida :C:\Users\cs\Desktop\VisualStudioProjects\CloudPBX\ProyectoEmpresa\bin\Debug\voxcom\tmp_userLicense\AssigmentUserLicense\UnAssignServices\3_cloudpbx_response.xml
**** Reading request(s) from file: C:\Users\cs\Desktop\VisualStudioProjects\CloudPBX\ProyectoEmpresa\bin\Debug\voxcom\tmp_userLicense\AssigmentUserLicense\UnAssignServices\3_AssignServices_request.xml
**** Writing response to file: C:\Users\cs\Desktop\VisualStudioProjects\CloudPBX\ProyectoEmpresa\bin\Debug\voxcom\tmp_userLicense\AssigmentUserLicense\UnAssignServices\3_cloudpbx_response.xml
**** Sending request #: 3 from file: C:\Users\cs\Desktop\VisualStudioProjects\CloudPBX\ProyectoEmpresa\bin\Debug\voxcom\tmp_userLicense\AssigmentUserLicense\UnAssignServices\3_AssignServices_request.xml at: 2019.07.24 17:04:30:820 CLT
**** Time Out:120

**** Received response (Request process time: 16 ms)

Run #: 1 -- Statistics ========================>
Total Requests: 3
Total Time for all requests: 73 ms
Average Time per request: 24 ms
Smallest request time: 16 ms
Longest request time: 41 ms, FileName: C:\Users\cs\Desktop\VisualStudioProjects\CloudPBX\ProyectoEmpresa\bin\Debug\voxcom\tmp_userLicense\AssigmentUserLicense\UnAssignServices\1_AssignServices_request.xml, Time: 2019.07.24 17:04:30:766 CLT
<========================

**** Sending request at: 2019.07.24 17:04:30:856 CLT
**** Time Out:1

**** Received response (Request process time: 1001 ms)
LogoutRequest command successful (no response when OCS)

