**** Version Voxcom --> 2019.08.23 22:58:19:094 CLT
**** Start OCIClient initialization --> 2019.08.23 22:58:19:103 CLT
**** Sending request at: 2019.08.23 22:58:19:197 CLT
**** Time Out:120

**** Received response (Request process time: 84 ms)
AuthenticationRequest command successful

**** Sending request at: 2019.08.23 22:58:19:286 CLT
**** Time Out:120

**** Received response (Request process time: 73 ms)
LoginRequest command successful

**** Line InputFile: C:\Users\cs\Downloads\CloudPBX\ProyectoEmpresa\bin\Debug\voxcom\tmp_cloud\1_CreateDomain_request.xml;C:\Users\cs\Downloads\CloudPBX\ProyectoEmpresa\bin\Debug\voxcom\tmp_cloud\1_cloudpbx_response.xml
**** Line InputFile: C:\Users\cs\Downloads\CloudPBX\ProyectoEmpresa\bin\Debug\voxcom\tmp_cloud\2_AssignDomain_request.xml;C:\Users\cs\Downloads\CloudPBX\ProyectoEmpresa\bin\Debug\voxcom\tmp_cloud\2_cloudpbx_response.xml
**** Line InputFile: C:\Users\cs\Downloads\CloudPBX\ProyectoEmpresa\bin\Debug\voxcom\tmp_cloud\3_CreateNumbers_request.xml;C:\Users\cs\Downloads\CloudPBX\ProyectoEmpresa\bin\Debug\voxcom\tmp_cloud\3_cloudpbx_response.xml
**** Line InputFile: C:\Users\cs\Downloads\CloudPBX\ProyectoEmpresa\bin\Debug\voxcom\tmp_cloud\4_CreateProfileGroup_request.xml;C:\Users\cs\Downloads\CloudPBX\ProyectoEmpresa\bin\Debug\voxcom\tmp_cloud\4_cloudpbx_response.xml
**** Line InputFile: C:\Users\cs\Downloads\CloudPBX\ProyectoEmpresa\bin\Debug\voxcom\tmp_cloud\5_ExtensionsLength_request.xml;C:\Users\cs\Downloads\CloudPBX\ProyectoEmpresa\bin\Debug\voxcom\tmp_cloud\5_cloudpbx_response.xml
**** Line InputFile: C:\Users\cs\Downloads\CloudPBX\ProyectoEmpresa\bin\Debug\voxcom\servicesFile_cloud\6_SelectServices_request.xml;C:\Users\cs\Downloads\CloudPBX\ProyectoEmpresa\bin\Debug\voxcom\tmp_cloud\6_cloudpbx_response.xml
**** Line InputFile: C:\Users\cs\Downloads\CloudPBX\ProyectoEmpresa\bin\Debug\voxcom\tmp_cloud\7_AssignServices_request.xml;C:\Users\cs\Downloads\CloudPBX\ProyectoEmpresa\bin\Debug\voxcom\tmp_cloud\7_cloudpbx_response.xml
**** Line InputFile: C:\Users\cs\Downloads\CloudPBX\ProyectoEmpresa\bin\Debug\voxcom\tmp_cloud\8_AssignNumber_request.xml;C:\Users\cs\Downloads\CloudPBX\ProyectoEmpresa\bin\Debug\voxcom\tmp_cloud\8_cloudpbx_response.xml
**** Line InputFile: C:\Users\cs\Downloads\CloudPBX\ProyectoEmpresa\bin\Debug\voxcom\tmp_cloud\9_CreateDevice_request.xml;C:\Users\cs\Downloads\CloudPBX\ProyectoEmpresa\bin\Debug\voxcom\tmp_cloud\9_cloudpbx_response.xml
**** Line InputFile: C:\Users\cs\Downloads\CloudPBX\ProyectoEmpresa\bin\Debug\voxcom\tmp_cloud\10_CreateDevice_request.xml;C:\Users\cs\Downloads\CloudPBX\ProyectoEmpresa\bin\Debug\voxcom\tmp_cloud\10_cloudpbx_response.xml
**** Line InputFile: C:\Users\cs\Downloads\CloudPBX\ProyectoEmpresa\bin\Debug\voxcom\tmp_cloud\11_CreateDevice_request.xml;C:\Users\cs\Downloads\CloudPBX\ProyectoEmpresa\bin\Debug\voxcom\tmp_cloud\11_cloudpbx_response.xml
**** Line InputFile: C:\Users\cs\Downloads\CloudPBX\ProyectoEmpresa\bin\Debug\voxcom\tmp_cloud\12_CreateUser_request.xml;C:\Users\cs\Downloads\CloudPBX\ProyectoEmpresa\bin\Debug\voxcom\tmp_cloud\12_cloudpbx_response.xml
**** Line InputFile: C:\Users\cs\Downloads\CloudPBX\ProyectoEmpresa\bin\Debug\voxcom\tmp_cloud\13_CreateUser_request.xml;C:\Users\cs\Downloads\CloudPBX\ProyectoEmpresa\bin\Debug\voxcom\tmp_cloud\13_cloudpbx_response.xml
**** Line InputFile: C:\Users\cs\Downloads\CloudPBX\ProyectoEmpresa\bin\Debug\voxcom\tmp_cloud\14_CreateUser_request.xml;C:\Users\cs\Downloads\CloudPBX\ProyectoEmpresa\bin\Debug\voxcom\tmp_cloud\14_cloudpbx_response.xml
**** Line InputFile: C:\Users\cs\Downloads\CloudPBX\ProyectoEmpresa\bin\Debug\voxcom\tmp_cloud\15_CreateProxy_request.xml;C:\Users\cs\Downloads\CloudPBX\ProyectoEmpresa\bin\Debug\voxcom\tmp_cloud\15_cloudpbx_response.xml
**** Line InputFile: C:\Users\cs\Downloads\CloudPBX\ProyectoEmpresa\bin\Debug\voxcom\tmp_cloud\16_CreateProxy_request.xml;C:\Users\cs\Downloads\CloudPBX\ProyectoEmpresa\bin\Debug\voxcom\tmp_cloud\16_cloudpbx_response.xml
**** Line InputFile: C:\Users\cs\Downloads\CloudPBX\ProyectoEmpresa\bin\Debug\voxcom\tmp_cloud\17_CreateProxy_request.xml;C:\Users\cs\Downloads\CloudPBX\ProyectoEmpresa\bin\Debug\voxcom\tmp_cloud\17_cloudpbx_response.xml
**** Line InputFile: C:\Users\cs\Downloads\CloudPBX\ProyectoEmpresa\bin\Debug\voxcom\tmp_cloud\18_AssignUser_request.xml;C:\Users\cs\Downloads\CloudPBX\ProyectoEmpresa\bin\Debug\voxcom\tmp_cloud\18_cloudpbx_response.xml
**** Line InputFile: C:\Users\cs\Downloads\CloudPBX\ProyectoEmpresa\bin\Debug\voxcom\tmp_cloud\19_AssignUser_request.xml;C:\Users\cs\Downloads\CloudPBX\ProyectoEmpresa\bin\Debug\voxcom\tmp_cloud\19_cloudpbx_response.xml
**** Line InputFile: C:\Users\cs\Downloads\CloudPBX\ProyectoEmpresa\bin\Debug\voxcom\tmp_cloud\20_AssignUser_request.xml;C:\Users\cs\Downloads\CloudPBX\ProyectoEmpresa\bin\Debug\voxcom\tmp_cloud\20_cloudpbx_response.xml
**** Line InputFile: C:\Users\cs\Downloads\CloudPBX\ProyectoEmpresa\bin\Debug\voxcom\tmp_cloud\21_AssignServices_request.xml;C:\Users\cs\Downloads\CloudPBX\ProyectoEmpresa\bin\Debug\voxcom\tmp_cloud\21_cloudpbx_response.xml
**** Line InputFile: C:\Users\cs\Downloads\CloudPBX\ProyectoEmpresa\bin\Debug\voxcom\tmp_cloud\22_AssignServices_request.xml;C:\Users\cs\Downloads\CloudPBX\ProyectoEmpresa\bin\Debug\voxcom\tmp_cloud\22_cloudpbx_response.xml
**** Line InputFile: C:\Users\cs\Downloads\CloudPBX\ProyectoEmpresa\bin\Debug\voxcom\tmp_cloud\23_AssignServices_request.xml;C:\Users\cs\Downloads\CloudPBX\ProyectoEmpresa\bin\Debug\voxcom\tmp_cloud\23_cloudpbx_response.xml
**** Line InputFile: C:\Users\cs\Downloads\CloudPBX\ProyectoEmpresa\bin\Debug\voxcom\tmp_cloud\24_OCP_request.xml;C:\Users\cs\Downloads\CloudPBX\ProyectoEmpresa\bin\Debug\voxcom\tmp_cloud\24_cloudpbx_response.xml
**** Line InputFile: C:\Users\cs\Downloads\CloudPBX\ProyectoEmpresa\bin\Debug\voxcom\tmp_cloud\25_OCP_request.xml;C:\Users\cs\Downloads\CloudPBX\ProyectoEmpresa\bin\Debug\voxcom\tmp_cloud\25_cloudpbx_response.xml
**** Line InputFile: C:\Users\cs\Downloads\CloudPBX\ProyectoEmpresa\bin\Debug\voxcom\tmp_cloud\26_OCP_request.xml;C:\Users\cs\Downloads\CloudPBX\ProyectoEmpresa\bin\Debug\voxcom\tmp_cloud\26_cloudpbx_response.xml
**** Line InputFile: C:\Users\cs\Downloads\CloudPBX\ProyectoEmpresa\bin\Debug\voxcom\tmp_cloud\27_AssignPasswordSIP_request.xml;C:\Users\cs\Downloads\CloudPBX\ProyectoEmpresa\bin\Debug\voxcom\tmp_cloud\27_cloudpbx_response.xml
**** Line InputFile: C:\Users\cs\Downloads\CloudPBX\ProyectoEmpresa\bin\Debug\voxcom\tmp_cloud\28_AssignPasswordSIP_request.xml;C:\Users\cs\Downloads\CloudPBX\ProyectoEmpresa\bin\Debug\voxcom\tmp_cloud\28_cloudpbx_response.xml
**** Line InputFile: C:\Users\cs\Downloads\CloudPBX\ProyectoEmpresa\bin\Debug\voxcom\tmp_cloud\29_AssignPasswordSIP_request.xml;C:\Users\cs\Downloads\CloudPBX\ProyectoEmpresa\bin\Debug\voxcom\tmp_cloud\29_cloudpbx_response.xml
**** Line InputFile: C:\Users\cs\Downloads\CloudPBX\ProyectoEmpresa\bin\Debug\voxcom\tmp_cloud\30_ActivateNumber_request.xml;C:\Users\cs\Downloads\CloudPBX\ProyectoEmpresa\bin\Debug\voxcom\tmp_cloud\30_cloudpbx_response.xml
**** Line InputFile: C:\Users\cs\Downloads\CloudPBX\ProyectoEmpresa\bin\Debug\voxcom\tmp_cloud\31_ActivateNumber_request.xml;C:\Users\cs\Downloads\CloudPBX\ProyectoEmpresa\bin\Debug\voxcom\tmp_cloud\31_cloudpbx_response.xml
**** Line InputFile: C:\Users\cs\Downloads\CloudPBX\ProyectoEmpresa\bin\Debug\voxcom\tmp_cloud\32_ActivateNumber_request.xml;C:\Users\cs\Downloads\CloudPBX\ProyectoEmpresa\bin\Debug\voxcom\tmp_cloud\32_cloudpbx_response.xml
**** Line InputFile: C:\Users\cs\Downloads\CloudPBX\ProyectoEmpresa\bin\Debug\voxcom\tmp_cloud\33_GroupMusicOnHold_request.xml;C:\Users\cs\Downloads\CloudPBX\ProyectoEmpresa\bin\Debug\voxcom\tmp_cloud\33_cloudpbx_response.xml
********* Starting Run #: 1 in: 3 ms *********
**** Voxcom-> Procesando archivo de entrada:C:\Users\cs\Downloads\CloudPBX\ProyectoEmpresa\bin\Debug\voxcom\tmp_cloud\1_CreateDomain_request.xml
**** Voxcom-> Procesando archivo de salida :C:\Users\cs\Downloads\CloudPBX\ProyectoEmpresa\bin\Debug\voxcom\tmp_cloud\1_cloudpbx_response.xml
**** Reading request(s) from file: C:\Users\cs\Downloads\CloudPBX\ProyectoEmpresa\bin\Debug\voxcom\tmp_cloud\1_CreateDomain_request.xml
**** Writing response to file: C:\Users\cs\Downloads\CloudPBX\ProyectoEmpresa\bin\Debug\voxcom\tmp_cloud\1_cloudpbx_response.xml
**** Sending request #: 1 from file: C:\Users\cs\Downloads\CloudPBX\ProyectoEmpresa\bin\Debug\voxcom\tmp_cloud\1_CreateDomain_request.xml at: 2019.08.23 22:58:19:434 CLT
**** Time Out:120

**** Received response (Request process time: 73 ms)
**** Voxcom-> Procesando archivo de entrada:C:\Users\cs\Downloads\CloudPBX\ProyectoEmpresa\bin\Debug\voxcom\tmp_cloud\2_AssignDomain_request.xml
**** Voxcom-> Procesando archivo de salida :C:\Users\cs\Downloads\CloudPBX\ProyectoEmpresa\bin\Debug\voxcom\tmp_cloud\2_cloudpbx_response.xml
**** Reading request(s) from file: C:\Users\cs\Downloads\CloudPBX\ProyectoEmpresa\bin\Debug\voxcom\tmp_cloud\2_AssignDomain_request.xml
**** Writing response to file: C:\Users\cs\Downloads\CloudPBX\ProyectoEmpresa\bin\Debug\voxcom\tmp_cloud\2_cloudpbx_response.xml
**** Sending request #: 2 from file: C:\Users\cs\Downloads\CloudPBX\ProyectoEmpresa\bin\Debug\voxcom\tmp_cloud\2_AssignDomain_request.xml at: 2019.08.23 22:58:19:533 CLT
**** Time Out:120

**** Received response (Request process time: 69 ms)
**** Voxcom-> Procesando archivo de entrada:C:\Users\cs\Downloads\CloudPBX\ProyectoEmpresa\bin\Debug\voxcom\tmp_cloud\3_CreateNumbers_request.xml
**** Voxcom-> Procesando archivo de salida :C:\Users\cs\Downloads\CloudPBX\ProyectoEmpresa\bin\Debug\voxcom\tmp_cloud\3_cloudpbx_response.xml
**** Reading request(s) from file: C:\Users\cs\Downloads\CloudPBX\ProyectoEmpresa\bin\Debug\voxcom\tmp_cloud\3_CreateNumbers_request.xml
**** Writing response to file: C:\Users\cs\Downloads\CloudPBX\ProyectoEmpresa\bin\Debug\voxcom\tmp_cloud\3_cloudpbx_response.xml
**** Sending request #: 3 from file: C:\Users\cs\Downloads\CloudPBX\ProyectoEmpresa\bin\Debug\voxcom\tmp_cloud\3_CreateNumbers_request.xml at: 2019.08.23 22:58:19:627 CLT
**** Time Out:120

**** Received response (Request process time: 77 ms)
**** Voxcom-> Procesando archivo de entrada:C:\Users\cs\Downloads\CloudPBX\ProyectoEmpresa\bin\Debug\voxcom\tmp_cloud\4_CreateProfileGroup_request.xml
**** Voxcom-> Procesando archivo de salida :C:\Users\cs\Downloads\CloudPBX\ProyectoEmpresa\bin\Debug\voxcom\tmp_cloud\4_cloudpbx_response.xml
**** Reading request(s) from file: C:\Users\cs\Downloads\CloudPBX\ProyectoEmpresa\bin\Debug\voxcom\tmp_cloud\4_CreateProfileGroup_request.xml
**** Writing response to file: C:\Users\cs\Downloads\CloudPBX\ProyectoEmpresa\bin\Debug\voxcom\tmp_cloud\4_cloudpbx_response.xml
**** Sending request #: 4 from file: C:\Users\cs\Downloads\CloudPBX\ProyectoEmpresa\bin\Debug\voxcom\tmp_cloud\4_CreateProfileGroup_request.xml at: 2019.08.23 22:58:19:745 CLT
**** Time Out:120

**** Received response (Request process time: 81 ms)
**** Voxcom-> Procesando archivo de entrada:C:\Users\cs\Downloads\CloudPBX\ProyectoEmpresa\bin\Debug\voxcom\tmp_cloud\5_ExtensionsLength_request.xml
**** Voxcom-> Procesando archivo de salida :C:\Users\cs\Downloads\CloudPBX\ProyectoEmpresa\bin\Debug\voxcom\tmp_cloud\5_cloudpbx_response.xml
**** Reading request(s) from file: C:\Users\cs\Downloads\CloudPBX\ProyectoEmpresa\bin\Debug\voxcom\tmp_cloud\5_ExtensionsLength_request.xml
**** Writing response to file: C:\Users\cs\Downloads\CloudPBX\ProyectoEmpresa\bin\Debug\voxcom\tmp_cloud\5_cloudpbx_response.xml
**** Sending request #: 5 from file: C:\Users\cs\Downloads\CloudPBX\ProyectoEmpresa\bin\Debug\voxcom\tmp_cloud\5_ExtensionsLength_request.xml at: 2019.08.23 22:58:19:847 CLT
**** Time Out:120

**** Received response (Request process time: 82 ms)
**** Voxcom-> Procesando archivo de entrada:C:\Users\cs\Downloads\CloudPBX\ProyectoEmpresa\bin\Debug\voxcom\servicesFile_cloud\6_SelectServices_request.xml
**** Voxcom-> Procesando archivo de salida :C:\Users\cs\Downloads\CloudPBX\ProyectoEmpresa\bin\Debug\voxcom\tmp_cloud\6_cloudpbx_response.xml
**** Reading request(s) from file: C:\Users\cs\Downloads\CloudPBX\ProyectoEmpresa\bin\Debug\voxcom\servicesFile_cloud\6_SelectServices_request.xml
**** Writing response to file: C:\Users\cs\Downloads\CloudPBX\ProyectoEmpresa\bin\Debug\voxcom\tmp_cloud\6_cloudpbx_response.xml
**** Sending request #: 6 from file: C:\Users\cs\Downloads\CloudPBX\ProyectoEmpresa\bin\Debug\voxcom\servicesFile_cloud\6_SelectServices_request.xml at: 2019.08.23 22:58:19:998 CLT
**** Time Out:120

**** Received response (Request process time: 258 ms)
**** Voxcom-> Procesando archivo de entrada:C:\Users\cs\Downloads\CloudPBX\ProyectoEmpresa\bin\Debug\voxcom\tmp_cloud\7_AssignServices_request.xml
**** Voxcom-> Procesando archivo de salida :C:\Users\cs\Downloads\CloudPBX\ProyectoEmpresa\bin\Debug\voxcom\tmp_cloud\7_cloudpbx_response.xml
**** Reading request(s) from file: C:\Users\cs\Downloads\CloudPBX\ProyectoEmpresa\bin\Debug\voxcom\tmp_cloud\7_AssignServices_request.xml
**** Writing response to file: C:\Users\cs\Downloads\CloudPBX\ProyectoEmpresa\bin\Debug\voxcom\tmp_cloud\7_cloudpbx_response.xml
**** Sending request #: 7 from file: C:\Users\cs\Downloads\CloudPBX\ProyectoEmpresa\bin\Debug\voxcom\tmp_cloud\7_AssignServices_request.xml at: 2019.08.23 22:58:20:272 CLT
**** Time Out:120

**** Received response (Request process time: 123 ms)
**** Voxcom-> Procesando archivo de entrada:C:\Users\cs\Downloads\CloudPBX\ProyectoEmpresa\bin\Debug\voxcom\tmp_cloud\8_AssignNumber_request.xml
**** Voxcom-> Procesando archivo de salida :C:\Users\cs\Downloads\CloudPBX\ProyectoEmpresa\bin\Debug\voxcom\tmp_cloud\8_cloudpbx_response.xml
**** Reading request(s) from file: C:\Users\cs\Downloads\CloudPBX\ProyectoEmpresa\bin\Debug\voxcom\tmp_cloud\8_AssignNumber_request.xml
**** Writing response to file: C:\Users\cs\Downloads\CloudPBX\ProyectoEmpresa\bin\Debug\voxcom\tmp_cloud\8_cloudpbx_response.xml
**** Sending request #: 8 from file: C:\Users\cs\Downloads\CloudPBX\ProyectoEmpresa\bin\Debug\voxcom\tmp_cloud\8_AssignNumber_request.xml at: 2019.08.23 22:58:20:412 CLT
**** Time Out:120

**** Received response (Request process time: 94 ms)
**** Voxcom-> Procesando archivo de entrada:C:\Users\cs\Downloads\CloudPBX\ProyectoEmpresa\bin\Debug\voxcom\tmp_cloud\9_CreateDevice_request.xml
**** Voxcom-> Procesando archivo de salida :C:\Users\cs\Downloads\CloudPBX\ProyectoEmpresa\bin\Debug\voxcom\tmp_cloud\9_cloudpbx_response.xml
**** Reading request(s) from file: C:\Users\cs\Downloads\CloudPBX\ProyectoEmpresa\bin\Debug\voxcom\tmp_cloud\9_CreateDevice_request.xml
**** Writing response to file: C:\Users\cs\Downloads\CloudPBX\ProyectoEmpresa\bin\Debug\voxcom\tmp_cloud\9_cloudpbx_response.xml
**** Sending request #: 9 from file: C:\Users\cs\Downloads\CloudPBX\ProyectoEmpresa\bin\Debug\voxcom\tmp_cloud\9_CreateDevice_request.xml at: 2019.08.23 22:58:20:526 CLT
**** Time Out:120

**** Received response (Request process time: 87 ms)
**** Voxcom-> Procesando archivo de entrada:C:\Users\cs\Downloads\CloudPBX\ProyectoEmpresa\bin\Debug\voxcom\tmp_cloud\10_CreateDevice_request.xml
**** Voxcom-> Procesando archivo de salida :C:\Users\cs\Downloads\CloudPBX\ProyectoEmpresa\bin\Debug\voxcom\tmp_cloud\10_cloudpbx_response.xml
**** Reading request(s) from file: C:\Users\cs\Downloads\CloudPBX\ProyectoEmpresa\bin\Debug\voxcom\tmp_cloud\10_CreateDevice_request.xml
**** Writing response to file: C:\Users\cs\Downloads\CloudPBX\ProyectoEmpresa\bin\Debug\voxcom\tmp_cloud\10_cloudpbx_response.xml
**** Sending request #: 10 from file: C:\Users\cs\Downloads\CloudPBX\ProyectoEmpresa\bin\Debug\voxcom\tmp_cloud\10_CreateDevice_request.xml at: 2019.08.23 22:58:20:633 CLT
**** Time Out:120

**** Received response (Request process time: 92 ms)
**** Voxcom-> Procesando archivo de entrada:C:\Users\cs\Downloads\CloudPBX\ProyectoEmpresa\bin\Debug\voxcom\tmp_cloud\11_CreateDevice_request.xml
**** Voxcom-> Procesando archivo de salida :C:\Users\cs\Downloads\CloudPBX\ProyectoEmpresa\bin\Debug\voxcom\tmp_cloud\11_cloudpbx_response.xml
**** Reading request(s) from file: C:\Users\cs\Downloads\CloudPBX\ProyectoEmpresa\bin\Debug\voxcom\tmp_cloud\11_CreateDevice_request.xml
**** Writing response to file: C:\Users\cs\Downloads\CloudPBX\ProyectoEmpresa\bin\Debug\voxcom\tmp_cloud\11_cloudpbx_response.xml
**** Sending request #: 11 from file: C:\Users\cs\Downloads\CloudPBX\ProyectoEmpresa\bin\Debug\voxcom\tmp_cloud\11_CreateDevice_request.xml at: 2019.08.23 22:58:20:750 CLT
**** Time Out:120

**** Received response (Request process time: 95 ms)
**** Voxcom-> Procesando archivo de entrada:C:\Users\cs\Downloads\CloudPBX\ProyectoEmpresa\bin\Debug\voxcom\tmp_cloud\12_CreateUser_request.xml
**** Voxcom-> Procesando archivo de salida :C:\Users\cs\Downloads\CloudPBX\ProyectoEmpresa\bin\Debug\voxcom\tmp_cloud\12_cloudpbx_response.xml
**** Reading request(s) from file: C:\Users\cs\Downloads\CloudPBX\ProyectoEmpresa\bin\Debug\voxcom\tmp_cloud\12_CreateUser_request.xml
**** Writing response to file: C:\Users\cs\Downloads\CloudPBX\ProyectoEmpresa\bin\Debug\voxcom\tmp_cloud\12_cloudpbx_response.xml
**** Sending request #: 12 from file: C:\Users\cs\Downloads\CloudPBX\ProyectoEmpresa\bin\Debug\voxcom\tmp_cloud\12_CreateUser_request.xml at: 2019.08.23 22:58:20:871 CLT
**** Time Out:120

**** Received response (Request process time: 104 ms)
**** Voxcom-> Procesando archivo de entrada:C:\Users\cs\Downloads\CloudPBX\ProyectoEmpresa\bin\Debug\voxcom\tmp_cloud\13_CreateUser_request.xml
**** Voxcom-> Procesando archivo de salida :C:\Users\cs\Downloads\CloudPBX\ProyectoEmpresa\bin\Debug\voxcom\tmp_cloud\13_cloudpbx_response.xml
**** Reading request(s) from file: C:\Users\cs\Downloads\CloudPBX\ProyectoEmpresa\bin\Debug\voxcom\tmp_cloud\13_CreateUser_request.xml
**** Writing response to file: C:\Users\cs\Downloads\CloudPBX\ProyectoEmpresa\bin\Debug\voxcom\tmp_cloud\13_cloudpbx_response.xml
**** Sending request #: 13 from file: C:\Users\cs\Downloads\CloudPBX\ProyectoEmpresa\bin\Debug\voxcom\tmp_cloud\13_CreateUser_request.xml at: 2019.08.23 22:58:21:001 CLT
**** Time Out:120

**** Received response (Request process time: 99 ms)
**** Voxcom-> Procesando archivo de entrada:C:\Users\cs\Downloads\CloudPBX\ProyectoEmpresa\bin\Debug\voxcom\tmp_cloud\14_CreateUser_request.xml
**** Voxcom-> Procesando archivo de salida :C:\Users\cs\Downloads\CloudPBX\ProyectoEmpresa\bin\Debug\voxcom\tmp_cloud\14_cloudpbx_response.xml
**** Reading request(s) from file: C:\Users\cs\Downloads\CloudPBX\ProyectoEmpresa\bin\Debug\voxcom\tmp_cloud\14_CreateUser_request.xml
**** Writing response to file: C:\Users\cs\Downloads\CloudPBX\ProyectoEmpresa\bin\Debug\voxcom\tmp_cloud\14_cloudpbx_response.xml
**** Sending request #: 14 from file: C:\Users\cs\Downloads\CloudPBX\ProyectoEmpresa\bin\Debug\voxcom\tmp_cloud\14_CreateUser_request.xml at: 2019.08.23 22:58:21:128 CLT
**** Time Out:120

**** Received response (Request process time: 101 ms)
**** Voxcom-> Procesando archivo de entrada:C:\Users\cs\Downloads\CloudPBX\ProyectoEmpresa\bin\Debug\voxcom\tmp_cloud\15_CreateProxy_request.xml
**** Voxcom-> Procesando archivo de salida :C:\Users\cs\Downloads\CloudPBX\ProyectoEmpresa\bin\Debug\voxcom\tmp_cloud\15_cloudpbx_response.xml
**** Reading request(s) from file: C:\Users\cs\Downloads\CloudPBX\ProyectoEmpresa\bin\Debug\voxcom\tmp_cloud\15_CreateProxy_request.xml
**** Writing response to file: C:\Users\cs\Downloads\CloudPBX\ProyectoEmpresa\bin\Debug\voxcom\tmp_cloud\15_cloudpbx_response.xml
**** Sending request #: 15 from file: C:\Users\cs\Downloads\CloudPBX\ProyectoEmpresa\bin\Debug\voxcom\tmp_cloud\15_CreateProxy_request.xml at: 2019.08.23 22:58:21:249 CLT
**** Time Out:120

**** Received response (Request process time: 93 ms)
**** Voxcom-> Procesando archivo de entrada:C:\Users\cs\Downloads\CloudPBX\ProyectoEmpresa\bin\Debug\voxcom\tmp_cloud\16_CreateProxy_request.xml
**** Voxcom-> Procesando archivo de salida :C:\Users\cs\Downloads\CloudPBX\ProyectoEmpresa\bin\Debug\voxcom\tmp_cloud\16_cloudpbx_response.xml
**** Reading request(s) from file: C:\Users\cs\Downloads\CloudPBX\ProyectoEmpresa\bin\Debug\voxcom\tmp_cloud\16_CreateProxy_request.xml
**** Writing response to file: C:\Users\cs\Downloads\CloudPBX\ProyectoEmpresa\bin\Debug\voxcom\tmp_cloud\16_cloudpbx_response.xml
**** Sending request #: 16 from file: C:\Users\cs\Downloads\CloudPBX\ProyectoEmpresa\bin\Debug\voxcom\tmp_cloud\16_CreateProxy_request.xml at: 2019.08.23 22:58:21:362 CLT
**** Time Out:120

**** Received response (Request process time: 84 ms)
**** Voxcom-> Procesando archivo de entrada:C:\Users\cs\Downloads\CloudPBX\ProyectoEmpresa\bin\Debug\voxcom\tmp_cloud\17_CreateProxy_request.xml
**** Voxcom-> Procesando archivo de salida :C:\Users\cs\Downloads\CloudPBX\ProyectoEmpresa\bin\Debug\voxcom\tmp_cloud\17_cloudpbx_response.xml
**** Reading request(s) from file: C:\Users\cs\Downloads\CloudPBX\ProyectoEmpresa\bin\Debug\voxcom\tmp_cloud\17_CreateProxy_request.xml
**** Writing response to file: C:\Users\cs\Downloads\CloudPBX\ProyectoEmpresa\bin\Debug\voxcom\tmp_cloud\17_cloudpbx_response.xml
**** Sending request #: 17 from file: C:\Users\cs\Downloads\CloudPBX\ProyectoEmpresa\bin\Debug\voxcom\tmp_cloud\17_CreateProxy_request.xml at: 2019.08.23 22:58:21:468 CLT
**** Time Out:120

**** Received response (Request process time: 85 ms)
**** Voxcom-> Procesando archivo de entrada:C:\Users\cs\Downloads\CloudPBX\ProyectoEmpresa\bin\Debug\voxcom\tmp_cloud\18_AssignUser_request.xml
**** Voxcom-> Procesando archivo de salida :C:\Users\cs\Downloads\CloudPBX\ProyectoEmpresa\bin\Debug\voxcom\tmp_cloud\18_cloudpbx_response.xml
**** Reading request(s) from file: C:\Users\cs\Downloads\CloudPBX\ProyectoEmpresa\bin\Debug\voxcom\tmp_cloud\18_AssignUser_request.xml
**** Writing response to file: C:\Users\cs\Downloads\CloudPBX\ProyectoEmpresa\bin\Debug\voxcom\tmp_cloud\18_cloudpbx_response.xml
**** Sending request #: 18 from file: C:\Users\cs\Downloads\CloudPBX\ProyectoEmpresa\bin\Debug\voxcom\tmp_cloud\18_AssignUser_request.xml at: 2019.08.23 22:58:21:573 CLT
**** Time Out:120

**** Received response (Request process time: 95 ms)
**** Voxcom-> Procesando archivo de entrada:C:\Users\cs\Downloads\CloudPBX\ProyectoEmpresa\bin\Debug\voxcom\tmp_cloud\19_AssignUser_request.xml
**** Voxcom-> Procesando archivo de salida :C:\Users\cs\Downloads\CloudPBX\ProyectoEmpresa\bin\Debug\voxcom\tmp_cloud\19_cloudpbx_response.xml
**** Reading request(s) from file: C:\Users\cs\Downloads\CloudPBX\ProyectoEmpresa\bin\Debug\voxcom\tmp_cloud\19_AssignUser_request.xml
**** Writing response to file: C:\Users\cs\Downloads\CloudPBX\ProyectoEmpresa\bin\Debug\voxcom\tmp_cloud\19_cloudpbx_response.xml
**** Sending request #: 19 from file: C:\Users\cs\Downloads\CloudPBX\ProyectoEmpresa\bin\Debug\voxcom\tmp_cloud\19_AssignUser_request.xml at: 2019.08.23 22:58:21:689 CLT
**** Time Out:120

**** Received response (Request process time: 84 ms)
**** Voxcom-> Procesando archivo de entrada:C:\Users\cs\Downloads\CloudPBX\ProyectoEmpresa\bin\Debug\voxcom\tmp_cloud\20_AssignUser_request.xml
**** Voxcom-> Procesando archivo de salida :C:\Users\cs\Downloads\CloudPBX\ProyectoEmpresa\bin\Debug\voxcom\tmp_cloud\20_cloudpbx_response.xml
**** Reading request(s) from file: C:\Users\cs\Downloads\CloudPBX\ProyectoEmpresa\bin\Debug\voxcom\tmp_cloud\20_AssignUser_request.xml
**** Writing response to file: C:\Users\cs\Downloads\CloudPBX\ProyectoEmpresa\bin\Debug\voxcom\tmp_cloud\20_cloudpbx_response.xml
**** Sending request #: 20 from file: C:\Users\cs\Downloads\CloudPBX\ProyectoEmpresa\bin\Debug\voxcom\tmp_cloud\20_AssignUser_request.xml at: 2019.08.23 22:58:21:794 CLT
**** Time Out:120

**** Received response (Request process time: 88 ms)
**** Voxcom-> Procesando archivo de entrada:C:\Users\cs\Downloads\CloudPBX\ProyectoEmpresa\bin\Debug\voxcom\tmp_cloud\21_AssignServices_request.xml
**** Voxcom-> Procesando archivo de salida :C:\Users\cs\Downloads\CloudPBX\ProyectoEmpresa\bin\Debug\voxcom\tmp_cloud\21_cloudpbx_response.xml
**** Reading request(s) from file: C:\Users\cs\Downloads\CloudPBX\ProyectoEmpresa\bin\Debug\voxcom\tmp_cloud\21_AssignServices_request.xml
**** Writing response to file: C:\Users\cs\Downloads\CloudPBX\ProyectoEmpresa\bin\Debug\voxcom\tmp_cloud\21_cloudpbx_response.xml
**** Sending request #: 21 from file: C:\Users\cs\Downloads\CloudPBX\ProyectoEmpresa\bin\Debug\voxcom\tmp_cloud\21_AssignServices_request.xml at: 2019.08.23 22:58:21:908 CLT
**** Time Out:120

**** Received response (Request process time: 82 ms)
**** Voxcom-> Procesando archivo de entrada:C:\Users\cs\Downloads\CloudPBX\ProyectoEmpresa\bin\Debug\voxcom\tmp_cloud\22_AssignServices_request.xml
**** Voxcom-> Procesando archivo de salida :C:\Users\cs\Downloads\CloudPBX\ProyectoEmpresa\bin\Debug\voxcom\tmp_cloud\22_cloudpbx_response.xml
**** Reading request(s) from file: C:\Users\cs\Downloads\CloudPBX\ProyectoEmpresa\bin\Debug\voxcom\tmp_cloud\22_AssignServices_request.xml
**** Writing response to file: C:\Users\cs\Downloads\CloudPBX\ProyectoEmpresa\bin\Debug\voxcom\tmp_cloud\22_cloudpbx_response.xml
**** Sending request #: 22 from file: C:\Users\cs\Downloads\CloudPBX\ProyectoEmpresa\bin\Debug\voxcom\tmp_cloud\22_AssignServices_request.xml at: 2019.08.23 22:58:22:011 CLT
**** Time Out:120

**** Received response (Request process time: 78 ms)
**** Voxcom-> Procesando archivo de entrada:C:\Users\cs\Downloads\CloudPBX\ProyectoEmpresa\bin\Debug\voxcom\tmp_cloud\23_AssignServices_request.xml
**** Voxcom-> Procesando archivo de salida :C:\Users\cs\Downloads\CloudPBX\ProyectoEmpresa\bin\Debug\voxcom\tmp_cloud\23_cloudpbx_response.xml
**** Reading request(s) from file: C:\Users\cs\Downloads\CloudPBX\ProyectoEmpresa\bin\Debug\voxcom\tmp_cloud\23_AssignServices_request.xml
**** Writing response to file: C:\Users\cs\Downloads\CloudPBX\ProyectoEmpresa\bin\Debug\voxcom\tmp_cloud\23_cloudpbx_response.xml
**** Sending request #: 23 from file: C:\Users\cs\Downloads\CloudPBX\ProyectoEmpresa\bin\Debug\voxcom\tmp_cloud\23_AssignServices_request.xml at: 2019.08.23 22:58:22:106 CLT
**** Time Out:120

**** Received response (Request process time: 79 ms)
**** Voxcom-> Procesando archivo de entrada:C:\Users\cs\Downloads\CloudPBX\ProyectoEmpresa\bin\Debug\voxcom\tmp_cloud\24_OCP_request.xml
**** Voxcom-> Procesando archivo de salida :C:\Users\cs\Downloads\CloudPBX\ProyectoEmpresa\bin\Debug\voxcom\tmp_cloud\24_cloudpbx_response.xml
**** Reading request(s) from file: C:\Users\cs\Downloads\CloudPBX\ProyectoEmpresa\bin\Debug\voxcom\tmp_cloud\24_OCP_request.xml
**** Writing response to file: C:\Users\cs\Downloads\CloudPBX\ProyectoEmpresa\bin\Debug\voxcom\tmp_cloud\24_cloudpbx_response.xml
**** Sending request #: 24 from file: C:\Users\cs\Downloads\CloudPBX\ProyectoEmpresa\bin\Debug\voxcom\tmp_cloud\24_OCP_request.xml at: 2019.08.23 22:58:22:202 CLT
**** Time Out:120

**** Received response (Request process time: 82 ms)
**** Voxcom-> Procesando archivo de entrada:C:\Users\cs\Downloads\CloudPBX\ProyectoEmpresa\bin\Debug\voxcom\tmp_cloud\25_OCP_request.xml
**** Voxcom-> Procesando archivo de salida :C:\Users\cs\Downloads\CloudPBX\ProyectoEmpresa\bin\Debug\voxcom\tmp_cloud\25_cloudpbx_response.xml
**** Reading request(s) from file: C:\Users\cs\Downloads\CloudPBX\ProyectoEmpresa\bin\Debug\voxcom\tmp_cloud\25_OCP_request.xml
**** Writing response to file: C:\Users\cs\Downloads\CloudPBX\ProyectoEmpresa\bin\Debug\voxcom\tmp_cloud\25_cloudpbx_response.xml
**** Sending request #: 25 from file: C:\Users\cs\Downloads\CloudPBX\ProyectoEmpresa\bin\Debug\voxcom\tmp_cloud\25_OCP_request.xml at: 2019.08.23 22:58:22:297 CLT
**** Time Out:120

**** Received response (Request process time: 76 ms)
**** Voxcom-> Procesando archivo de entrada:C:\Users\cs\Downloads\CloudPBX\ProyectoEmpresa\bin\Debug\voxcom\tmp_cloud\26_OCP_request.xml
**** Voxcom-> Procesando archivo de salida :C:\Users\cs\Downloads\CloudPBX\ProyectoEmpresa\bin\Debug\voxcom\tmp_cloud\26_cloudpbx_response.xml
**** Reading request(s) from file: C:\Users\cs\Downloads\CloudPBX\ProyectoEmpresa\bin\Debug\voxcom\tmp_cloud\26_OCP_request.xml
**** Writing response to file: C:\Users\cs\Downloads\CloudPBX\ProyectoEmpresa\bin\Debug\voxcom\tmp_cloud\26_cloudpbx_response.xml
**** Sending request #: 26 from file: C:\Users\cs\Downloads\CloudPBX\ProyectoEmpresa\bin\Debug\voxcom\tmp_cloud\26_OCP_request.xml at: 2019.08.23 22:58:22:390 CLT
**** Time Out:120

**** Received response (Request process time: 73 ms)
**** Voxcom-> Procesando archivo de entrada:C:\Users\cs\Downloads\CloudPBX\ProyectoEmpresa\bin\Debug\voxcom\tmp_cloud\27_AssignPasswordSIP_request.xml
**** Voxcom-> Procesando archivo de salida :C:\Users\cs\Downloads\CloudPBX\ProyectoEmpresa\bin\Debug\voxcom\tmp_cloud\27_cloudpbx_response.xml
**** Reading request(s) from file: C:\Users\cs\Downloads\CloudPBX\ProyectoEmpresa\bin\Debug\voxcom\tmp_cloud\27_AssignPasswordSIP_request.xml
**** Writing response to file: C:\Users\cs\Downloads\CloudPBX\ProyectoEmpresa\bin\Debug\voxcom\tmp_cloud\27_cloudpbx_response.xml
**** Sending request #: 27 from file: C:\Users\cs\Downloads\CloudPBX\ProyectoEmpresa\bin\Debug\voxcom\tmp_cloud\27_AssignPasswordSIP_request.xml at: 2019.08.23 22:58:22:477 CLT
**** Time Out:120

**** Received response (Request process time: 74 ms)
**** Voxcom-> Procesando archivo de entrada:C:\Users\cs\Downloads\CloudPBX\ProyectoEmpresa\bin\Debug\voxcom\tmp_cloud\28_AssignPasswordSIP_request.xml
**** Voxcom-> Procesando archivo de salida :C:\Users\cs\Downloads\CloudPBX\ProyectoEmpresa\bin\Debug\voxcom\tmp_cloud\28_cloudpbx_response.xml
**** Reading request(s) from file: C:\Users\cs\Downloads\CloudPBX\ProyectoEmpresa\bin\Debug\voxcom\tmp_cloud\28_AssignPasswordSIP_request.xml
**** Writing response to file: C:\Users\cs\Downloads\CloudPBX\ProyectoEmpresa\bin\Debug\voxcom\tmp_cloud\28_cloudpbx_response.xml
**** Sending request #: 28 from file: C:\Users\cs\Downloads\CloudPBX\ProyectoEmpresa\bin\Debug\voxcom\tmp_cloud\28_AssignPasswordSIP_request.xml at: 2019.08.23 22:58:22:577 CLT
**** Time Out:120

**** Received response (Request process time: 65 ms)
**** Voxcom-> Procesando archivo de entrada:C:\Users\cs\Downloads\CloudPBX\ProyectoEmpresa\bin\Debug\voxcom\tmp_cloud\29_AssignPasswordSIP_request.xml
**** Voxcom-> Procesando archivo de salida :C:\Users\cs\Downloads\CloudPBX\ProyectoEmpresa\bin\Debug\voxcom\tmp_cloud\29_cloudpbx_response.xml
**** Reading request(s) from file: C:\Users\cs\Downloads\CloudPBX\ProyectoEmpresa\bin\Debug\voxcom\tmp_cloud\29_AssignPasswordSIP_request.xml
**** Writing response to file: C:\Users\cs\Downloads\CloudPBX\ProyectoEmpresa\bin\Debug\voxcom\tmp_cloud\29_cloudpbx_response.xml
**** Sending request #: 29 from file: C:\Users\cs\Downloads\CloudPBX\ProyectoEmpresa\bin\Debug\voxcom\tmp_cloud\29_AssignPasswordSIP_request.xml at: 2019.08.23 22:58:22:670 CLT
**** Time Out:120

**** Received response (Request process time: 75 ms)
**** Voxcom-> Procesando archivo de entrada:C:\Users\cs\Downloads\CloudPBX\ProyectoEmpresa\bin\Debug\voxcom\tmp_cloud\30_ActivateNumber_request.xml
**** Voxcom-> Procesando archivo de salida :C:\Users\cs\Downloads\CloudPBX\ProyectoEmpresa\bin\Debug\voxcom\tmp_cloud\30_cloudpbx_response.xml
**** Reading request(s) from file: C:\Users\cs\Downloads\CloudPBX\ProyectoEmpresa\bin\Debug\voxcom\tmp_cloud\30_ActivateNumber_request.xml
**** Writing response to file: C:\Users\cs\Downloads\CloudPBX\ProyectoEmpresa\bin\Debug\voxcom\tmp_cloud\30_cloudpbx_response.xml
**** Sending request #: 30 from file: C:\Users\cs\Downloads\CloudPBX\ProyectoEmpresa\bin\Debug\voxcom\tmp_cloud\30_ActivateNumber_request.xml at: 2019.08.23 22:58:22:758 CLT
**** Time Out:120

**** Received response (Request process time: 74 ms)
**** Voxcom-> Procesando archivo de entrada:C:\Users\cs\Downloads\CloudPBX\ProyectoEmpresa\bin\Debug\voxcom\tmp_cloud\31_ActivateNumber_request.xml
**** Voxcom-> Procesando archivo de salida :C:\Users\cs\Downloads\CloudPBX\ProyectoEmpresa\bin\Debug\voxcom\tmp_cloud\31_cloudpbx_response.xml
**** Reading request(s) from file: C:\Users\cs\Downloads\CloudPBX\ProyectoEmpresa\bin\Debug\voxcom\tmp_cloud\31_ActivateNumber_request.xml
**** Writing response to file: C:\Users\cs\Downloads\CloudPBX\ProyectoEmpresa\bin\Debug\voxcom\tmp_cloud\31_cloudpbx_response.xml
**** Sending request #: 31 from file: C:\Users\cs\Downloads\CloudPBX\ProyectoEmpresa\bin\Debug\voxcom\tmp_cloud\31_ActivateNumber_request.xml at: 2019.08.23 22:58:22:853 CLT
**** Time Out:120

**** Received response (Request process time: 112 ms)
**** Voxcom-> Procesando archivo de entrada:C:\Users\cs\Downloads\CloudPBX\ProyectoEmpresa\bin\Debug\voxcom\tmp_cloud\32_ActivateNumber_request.xml
**** Voxcom-> Procesando archivo de salida :C:\Users\cs\Downloads\CloudPBX\ProyectoEmpresa\bin\Debug\voxcom\tmp_cloud\32_cloudpbx_response.xml
**** Reading request(s) from file: C:\Users\cs\Downloads\CloudPBX\ProyectoEmpresa\bin\Debug\voxcom\tmp_cloud\32_ActivateNumber_request.xml
**** Writing response to file: C:\Users\cs\Downloads\CloudPBX\ProyectoEmpresa\bin\Debug\voxcom\tmp_cloud\32_cloudpbx_response.xml
**** Sending request #: 32 from file: C:\Users\cs\Downloads\CloudPBX\ProyectoEmpresa\bin\Debug\voxcom\tmp_cloud\32_ActivateNumber_request.xml at: 2019.08.23 22:58:22:983 CLT
**** Time Out:120

**** Received response (Request process time: 74 ms)
**** Voxcom-> Procesando archivo de entrada:C:\Users\cs\Downloads\CloudPBX\ProyectoEmpresa\bin\Debug\voxcom\tmp_cloud\33_GroupMusicOnHold_request.xml
**** Voxcom-> Procesando archivo de salida :C:\Users\cs\Downloads\CloudPBX\ProyectoEmpresa\bin\Debug\voxcom\tmp_cloud\33_cloudpbx_response.xml
**** Reading request(s) from file: C:\Users\cs\Downloads\CloudPBX\ProyectoEmpresa\bin\Debug\voxcom\tmp_cloud\33_GroupMusicOnHold_request.xml
**** Writing response to file: C:\Users\cs\Downloads\CloudPBX\ProyectoEmpresa\bin\Debug\voxcom\tmp_cloud\33_cloudpbx_response.xml
**** Sending request #: 33 from file: C:\Users\cs\Downloads\CloudPBX\ProyectoEmpresa\bin\Debug\voxcom\tmp_cloud\33_GroupMusicOnHold_request.xml at: 2019.08.23 22:58:23:087 CLT
**** Time Out:120

**** Received response (Request process time: 95 ms)

Run #: 1 -- Statistics ========================>
Total Requests: 33
Total Time for all requests: 3003 ms
Average Time per request: 91 ms
Smallest request time: 65 ms
Longest request time: 258 ms, FileName: C:\Users\cs\Downloads\CloudPBX\ProyectoEmpresa\bin\Debug\voxcom\servicesFile_cloud\6_SelectServices_request.xml, Time: 2019.08.23 22:58:20:259 CLT
<========================

**** Sending request at: 2019.08.23 22:58:23:205 CLT
**** Time Out:1

**** Received response (Request process time: 1000 ms)
LogoutRequest command successful (no response when OCS)

