**** Version Voxcom --> 2019.08.13 21:49:07:948 CLT
**** Start OCIClient initialization --> 2019.08.13 21:49:07:956 CLT
**** Sending request at: 2019.08.13 21:49:07:998 CLT
**** Time Out:120

**** Received response (Request process time: 34 ms)
AuthenticationRequest command successful

**** Sending request at: 2019.08.13 21:49:08:035 CLT
**** Time Out:120

**** Received response (Request process time: 26 ms)
LoginRequest command successful

**** Line InputFile: C:\Users\cs\Desktop\VisualStudioProjects\CloudPBX\ProyectoEmpresa\bin\Debug\voxcom\tmp_usersNames\GetUserListInGroup\1_GetUserList_request.xml;C:\Users\cs\Desktop\VisualStudioProjects\CloudPBX\ProyectoEmpresa\bin\Debug\voxcom\tmp_usersNames\GetUserListInGroup\1_cloudpbx_response.xml
********* Starting Run #: 1 in: 3 ms *********
**** Voxcom-> Procesando archivo de entrada:C:\Users\cs\Desktop\VisualStudioProjects\CloudPBX\ProyectoEmpresa\bin\Debug\voxcom\tmp_usersNames\GetUserListInGroup\1_GetUserList_request.xml
**** Voxcom-> Procesando archivo de salida :C:\Users\cs\Desktop\VisualStudioProjects\CloudPBX\ProyectoEmpresa\bin\Debug\voxcom\tmp_usersNames\GetUserListInGroup\1_cloudpbx_response.xml
**** Reading request(s) from file: C:\Users\cs\Desktop\VisualStudioProjects\CloudPBX\ProyectoEmpresa\bin\Debug\voxcom\tmp_usersNames\GetUserListInGroup\1_GetUserList_request.xml
**** Writing response to file: C:\Users\cs\Desktop\VisualStudioProjects\CloudPBX\ProyectoEmpresa\bin\Debug\voxcom\tmp_usersNames\GetUserListInGroup\1_cloudpbx_response.xml
**** Sending request #: 1 from file: C:\Users\cs\Desktop\VisualStudioProjects\CloudPBX\ProyectoEmpresa\bin\Debug\voxcom\tmp_usersNames\GetUserListInGroup\1_GetUserList_request.xml at: 2019.08.13 21:49:08:077 CLT
**** Time Out:120

**** Received response (Request process time: 28 ms)

Run #: 1 -- Statistics ========================>
Total Requests: 1
Total Time for all requests: 28 ms
Average Time per request: 28 ms
Smallest request time: 28 ms
Longest request time: 28 ms, FileName: C:\Users\cs\Desktop\VisualStudioProjects\CloudPBX\ProyectoEmpresa\bin\Debug\voxcom\tmp_usersNames\GetUserListInGroup\1_GetUserList_request.xml, Time: 2019.08.13 21:49:08:106 CLT
<========================

**** Sending request at: 2019.08.13 21:49:08:125 CLT
**** Time Out:1

**** Received response (Request process time: 1000 ms)
LogoutRequest command successful (no response when OCS)

