**** Version Voxcom --> 2019.07.24 23:45:00:141 CLT
**** Start OCIClient initialization --> 2019.07.24 23:45:00:170 CLT
**** Sending request at: 2019.07.24 23:45:00:216 CLT
**** Time Out:120

**** Received response (Request process time: 36 ms)
AuthenticationRequest command successful

**** Sending request at: 2019.07.24 23:45:00:255 CLT
**** Time Out:120

**** Received response (Request process time: 24 ms)
LoginRequest command successful

**** Line InputFile: C:\Users\cs\Desktop\VisualStudioProjects\CloudPBX\ProyectoEmpresa\bin\Debug\voxcom\tmp_userLicense\GetUserListInGroup\1_GetUserList_request.xml;C:\Users\cs\Desktop\VisualStudioProjects\CloudPBX\ProyectoEmpresa\bin\Debug\voxcom\tmp_userLicense\GetUserListInGroup\1_cloudpbx_response.xml
********* Starting Run #: 1 in: 3 ms *********
**** Voxcom-> Procesando archivo de entrada:C:\Users\cs\Desktop\VisualStudioProjects\CloudPBX\ProyectoEmpresa\bin\Debug\voxcom\tmp_userLicense\GetUserListInGroup\1_GetUserList_request.xml
**** Voxcom-> Procesando archivo de salida :C:\Users\cs\Desktop\VisualStudioProjects\CloudPBX\ProyectoEmpresa\bin\Debug\voxcom\tmp_userLicense\GetUserListInGroup\1_cloudpbx_response.xml
**** Reading request(s) from file: C:\Users\cs\Desktop\VisualStudioProjects\CloudPBX\ProyectoEmpresa\bin\Debug\voxcom\tmp_userLicense\GetUserListInGroup\1_GetUserList_request.xml
**** Writing response to file: C:\Users\cs\Desktop\VisualStudioProjects\CloudPBX\ProyectoEmpresa\bin\Debug\voxcom\tmp_userLicense\GetUserListInGroup\1_cloudpbx_response.xml
**** Sending request #: 1 from file: C:\Users\cs\Desktop\VisualStudioProjects\CloudPBX\ProyectoEmpresa\bin\Debug\voxcom\tmp_userLicense\GetUserListInGroup\1_GetUserList_request.xml at: 2019.07.24 23:45:00:294 CLT
**** Time Out:120

**** Received response (Request process time: 30 ms)

Run #: 1 -- Statistics ========================>
Total Requests: 1
Total Time for all requests: 30 ms
Average Time per request: 30 ms
Smallest request time: 30 ms
Longest request time: 30 ms, FileName: C:\Users\cs\Desktop\VisualStudioProjects\CloudPBX\ProyectoEmpresa\bin\Debug\voxcom\tmp_userLicense\GetUserListInGroup\1_GetUserList_request.xml, Time: 2019.07.24 23:45:00:327 CLT
<========================

**** Sending request at: 2019.07.24 23:45:00:369 CLT
**** Time Out:1

**** Received response (Request process time: 1000 ms)
LogoutRequest command successful (no response when OCS)

