**** Version Voxcom --> 2019.07.12 23:57:26:217 CLT
**** Start OCIClient initialization --> 2019.07.12 23:57:26:224 CLT
**** Sending request at: 2019.07.12 23:57:26:300 CLT
**** Time Out:120

**** Received response (Request process time: 89 ms)
AuthenticationRequest command successful

**** Sending request at: 2019.07.12 23:57:26:393 CLT
**** Time Out:120

**** Received response (Request process time: 65 ms)
LoginRequest command successful

**** Line InputFile: C:\Users\cs\Desktop\VisualStudioProjects\CloudPBX\ProyectoEmpresa\bin\Debug\voxcom\tmp_servicePack_user\userGetListInGroup\1_UserGetList_request_tmp.xml;C:\Users\cs\Desktop\VisualStudioProjects\CloudPBX\ProyectoEmpresa\bin\Debug\voxcom\tmp_servicePack_user\userGetListInGroup\1_cloudpbx_response_.xml
********* Starting Run #: 1 in: 3 ms *********
**** Voxcom-> Procesando archivo de entrada:C:\Users\cs\Desktop\VisualStudioProjects\CloudPBX\ProyectoEmpresa\bin\Debug\voxcom\tmp_servicePack_user\userGetListInGroup\1_UserGetList_request_tmp.xml
**** Voxcom-> Procesando archivo de salida :C:\Users\cs\Desktop\VisualStudioProjects\CloudPBX\ProyectoEmpresa\bin\Debug\voxcom\tmp_servicePack_user\userGetListInGroup\1_cloudpbx_response_.xml
**** Reading request(s) from file: C:\Users\cs\Desktop\VisualStudioProjects\CloudPBX\ProyectoEmpresa\bin\Debug\voxcom\tmp_servicePack_user\userGetListInGroup\1_UserGetList_request_tmp.xml
**** Writing response to file: C:\Users\cs\Desktop\VisualStudioProjects\CloudPBX\ProyectoEmpresa\bin\Debug\voxcom\tmp_servicePack_user\userGetListInGroup\1_cloudpbx_response_.xml
**** Sending request #: 1 from file: C:\Users\cs\Desktop\VisualStudioProjects\CloudPBX\ProyectoEmpresa\bin\Debug\voxcom\tmp_servicePack_user\userGetListInGroup\1_UserGetList_request_tmp.xml at: 2019.07.12 23:57:26:470 CLT
**** Time Out:120

**** Received response (Request process time: 72 ms)

Run #: 1 -- Statistics ========================>
Total Requests: 1
Total Time for all requests: 72 ms
Average Time per request: 72 ms
Smallest request time: 72 ms
Longest request time: 72 ms, FileName: C:\Users\cs\Desktop\VisualStudioProjects\CloudPBX\ProyectoEmpresa\bin\Debug\voxcom\tmp_servicePack_user\userGetListInGroup\1_UserGetList_request_tmp.xml, Time: 2019.07.12 23:57:26:547 CLT
<========================

**** Sending request at: 2019.07.12 23:57:26:597 CLT
**** Time Out:1

**** Received response (Request process time: 1002 ms)
LogoutRequest command successful (no response when OCS)

