**** Version Voxcom --> 2019.07.08 11:54:29:205 CLT
**** Start OCIClient initialization --> 2019.07.08 11:54:29:220 CLT
**** Sending request at: 2019.07.08 11:54:29:258 CLT
**** Time Out:120

**** Received response (Request process time: 25 ms)
AuthenticationRequest command successful

**** Sending request at: 2019.07.08 11:54:29:287 CLT
**** Time Out:120

**** Received response (Request process time: 13 ms)
LoginRequest command successful

**** Line InputFile: C:\Users\cs\Desktop\VisualStudioProjects\CloudPBX\ProyectoEmpresa\bin\Debug\voxcom\tmp_proxy\getDeviceName\1_DeviceGetList_request_tmp.xml;C:\Users\cs\Desktop\VisualStudioProjects\CloudPBX\ProyectoEmpresa\bin\Debug\voxcom\tmp_proxy\getDeviceName\1_cloudpbx_response_.xml
********* Starting Run #: 1 in: 3 ms *********
**** Voxcom-> Procesando archivo de entrada:C:\Users\cs\Desktop\VisualStudioProjects\CloudPBX\ProyectoEmpresa\bin\Debug\voxcom\tmp_proxy\getDeviceName\1_DeviceGetList_request_tmp.xml
**** Voxcom-> Procesando archivo de salida :C:\Users\cs\Desktop\VisualStudioProjects\CloudPBX\ProyectoEmpresa\bin\Debug\voxcom\tmp_proxy\getDeviceName\1_cloudpbx_response_.xml
**** Reading request(s) from file: C:\Users\cs\Desktop\VisualStudioProjects\CloudPBX\ProyectoEmpresa\bin\Debug\voxcom\tmp_proxy\getDeviceName\1_DeviceGetList_request_tmp.xml
**** Writing response to file: C:\Users\cs\Desktop\VisualStudioProjects\CloudPBX\ProyectoEmpresa\bin\Debug\voxcom\tmp_proxy\getDeviceName\1_cloudpbx_response_.xml
**** Sending request #: 1 from file: C:\Users\cs\Desktop\VisualStudioProjects\CloudPBX\ProyectoEmpresa\bin\Debug\voxcom\tmp_proxy\getDeviceName\1_DeviceGetList_request_tmp.xml at: 2019.07.08 11:54:29:350 CLT
**** Time Out:120

**** Received response (Request process time: 148 ms)

Run #: 1 -- Statistics ========================>
Total Requests: 1
Total Time for all requests: 148 ms
Average Time per request: 148 ms
Smallest request time: 148 ms
Longest request time: 148 ms, FileName: C:\Users\cs\Desktop\VisualStudioProjects\CloudPBX\ProyectoEmpresa\bin\Debug\voxcom\tmp_proxy\getDeviceName\1_DeviceGetList_request_tmp.xml, Time: 2019.07.08 11:54:29:498 CLT
<========================

**** Sending request at: 2019.07.08 11:54:29:529 CLT
**** Time Out:1

**** Received response (Request process time: 1014 ms)
LogoutRequest command successful (no response when OCS)

