**** Version Voxcom --> 2019.07.22 13:11:06:197 CLT
**** Start OCIClient initialization --> 2019.07.22 13:11:06:205 CLT
**** Sending request at: 2019.07.22 13:11:06:243 CLT
**** Time Out:120

**** Received response (Request process time: 77 ms)
AuthenticationRequest command successful

**** Sending request at: 2019.07.22 13:11:06:323 CLT
**** Time Out:120

**** Received response (Request process time: 10 ms)
LoginRequest command successful

**** Line InputFile: C:\Users\cs\Desktop\VisualStudioProjects\CloudPBX\ProyectoEmpresa\bin\Debug\voxcom\tmp_userLicense\AssigmentUserLicense\1_AssignServices_request.xml;C:\Users\cs\Desktop\VisualStudioProjects\CloudPBX\ProyectoEmpresa\bin\Debug\voxcom\tmp_userLicense\AssigmentUserLicense\1_cloudpbx_response.xml
********* Starting Run #: 1 in: 3 ms *********
**** Voxcom-> Procesando archivo de entrada:C:\Users\cs\Desktop\VisualStudioProjects\CloudPBX\ProyectoEmpresa\bin\Debug\voxcom\tmp_userLicense\AssigmentUserLicense\1_AssignServices_request.xml
**** Voxcom-> Procesando archivo de salida :C:\Users\cs\Desktop\VisualStudioProjects\CloudPBX\ProyectoEmpresa\bin\Debug\voxcom\tmp_userLicense\AssigmentUserLicense\1_cloudpbx_response.xml
**** Reading request(s) from file: C:\Users\cs\Desktop\VisualStudioProjects\CloudPBX\ProyectoEmpresa\bin\Debug\voxcom\tmp_userLicense\AssigmentUserLicense\1_AssignServices_request.xml
**** Writing response to file: C:\Users\cs\Desktop\VisualStudioProjects\CloudPBX\ProyectoEmpresa\bin\Debug\voxcom\tmp_userLicense\AssigmentUserLicense\1_cloudpbx_response.xml
**** Sending request #: 1 from file: C:\Users\cs\Desktop\VisualStudioProjects\CloudPBX\ProyectoEmpresa\bin\Debug\voxcom\tmp_userLicense\AssigmentUserLicense\1_AssignServices_request.xml at: 2019.07.22 13:11:06:346 CLT
**** Time Out:120

**** Received response (Request process time: 92 ms)

Run #: 1 -- Statistics ========================>
Total Requests: 1
Total Time for all requests: 92 ms
Average Time per request: 92 ms
Smallest request time: 92 ms
Longest request time: 92 ms, FileName: C:\Users\cs\Desktop\VisualStudioProjects\CloudPBX\ProyectoEmpresa\bin\Debug\voxcom\tmp_userLicense\AssigmentUserLicense\1_AssignServices_request.xml, Time: 2019.07.22 13:11:06:440 CLT
<========================

**** Sending request at: 2019.07.22 13:11:06:459 CLT
**** Time Out:1

**** Received response (Request process time: 1000 ms)
LogoutRequest command successful (no response when OCS)

