**** Version Voxcom --> 2019.07.16 17:43:12:548 CLT
**** Start OCIClient initialization --> 2019.07.16 17:43:12:561 CLT
**** Sending request at: 2019.07.16 17:43:12:615 CLT
**** Time Out:120

**** Received response (Request process time: 35 ms)
AuthenticationRequest command successful

**** Sending request at: 2019.07.16 17:43:12:653 CLT
**** Time Out:120

**** Received response (Request process time: 27 ms)
LoginRequest command successful

**** Line InputFile: C:\Users\cs\Desktop\VisualStudioProjects\CloudPBX\ProyectoEmpresa\bin\Debug\voxcom\tmp_proxy\getDeviceName\1_DeviceGetList_request.xml;C:\Users\cs\Desktop\VisualStudioProjects\CloudPBX\ProyectoEmpresa\bin\Debug\voxcom\tmp_proxy\getDeviceName\1_cloudpbx_response.xml
********* Starting Run #: 1 in: 3 ms *********
**** Voxcom-> Procesando archivo de entrada:C:\Users\cs\Desktop\VisualStudioProjects\CloudPBX\ProyectoEmpresa\bin\Debug\voxcom\tmp_proxy\getDeviceName\1_DeviceGetList_request.xml
**** Voxcom-> Procesando archivo de salida :C:\Users\cs\Desktop\VisualStudioProjects\CloudPBX\ProyectoEmpresa\bin\Debug\voxcom\tmp_proxy\getDeviceName\1_cloudpbx_response.xml
**** Reading request(s) from file: C:\Users\cs\Desktop\VisualStudioProjects\CloudPBX\ProyectoEmpresa\bin\Debug\voxcom\tmp_proxy\getDeviceName\1_DeviceGetList_request.xml
**** Writing response to file: C:\Users\cs\Desktop\VisualStudioProjects\CloudPBX\ProyectoEmpresa\bin\Debug\voxcom\tmp_proxy\getDeviceName\1_cloudpbx_response.xml
**** Sending request #: 1 from file: C:\Users\cs\Desktop\VisualStudioProjects\CloudPBX\ProyectoEmpresa\bin\Debug\voxcom\tmp_proxy\getDeviceName\1_DeviceGetList_request.xml at: 2019.07.16 17:43:12:691 CLT
**** Time Out:120

**** Received response (Request process time: 21 ms)

Run #: 1 -- Statistics ========================>
Total Requests: 1
Total Time for all requests: 21 ms
Average Time per request: 21 ms
Smallest request time: 21 ms
Longest request time: 21 ms, FileName: C:\Users\cs\Desktop\VisualStudioProjects\CloudPBX\ProyectoEmpresa\bin\Debug\voxcom\tmp_proxy\getDeviceName\1_DeviceGetList_request.xml, Time: 2019.07.16 17:43:12:720 CLT
<========================

**** Sending request at: 2019.07.16 17:43:12:746 CLT
**** Time Out:1

**** Received response (Request process time: 1002 ms)
LogoutRequest command successful (no response when OCS)

