**** Version Voxcom --> 2019.07.19 12:26:10:791 CLT
**** Start OCIClient initialization --> 2019.07.19 12:26:10:802 CLT
**** Sending request at: 2019.07.19 12:26:10:855 CLT
**** Time Out:120

**** Received response (Request process time: 50 ms)
AuthenticationRequest command successful

**** Sending request at: 2019.07.19 12:26:10:908 CLT
**** Time Out:120

**** Received response (Request process time: 11 ms)
LoginRequest command successful

**** Line InputFile: C:\Users\cs\Desktop\VisualStudioProjects\CloudPBX\ProyectoEmpresa\bin\Debug\voxcom\tmp_userLicense\userGetLicense\1_UserGetLicense_request.xml;C:\Users\cs\Desktop\VisualStudioProjects\CloudPBX\ProyectoEmpresa\bin\Debug\voxcom\tmp_userLicense\userGetLicense\1_cloudpbx_response.xml
**** Line InputFile: C:\Users\cs\Desktop\VisualStudioProjects\CloudPBX\ProyectoEmpresa\bin\Debug\voxcom\tmp_userLicense\userGetLicense\2_UserGetLicense_request.xml;C:\Users\cs\Desktop\VisualStudioProjects\CloudPBX\ProyectoEmpresa\bin\Debug\voxcom\tmp_userLicense\userGetLicense\2_cloudpbx_response.xml
**** Line InputFile: C:\Users\cs\Desktop\VisualStudioProjects\CloudPBX\ProyectoEmpresa\bin\Debug\voxcom\tmp_userLicense\userGetLicense\3_UserGetLicense_request.xml;C:\Users\cs\Desktop\VisualStudioProjects\CloudPBX\ProyectoEmpresa\bin\Debug\voxcom\tmp_userLicense\userGetLicense\3_cloudpbx_response.xml
********* Starting Run #: 1 in: 3 ms *********
**** Voxcom-> Procesando archivo de entrada:C:\Users\cs\Desktop\VisualStudioProjects\CloudPBX\ProyectoEmpresa\bin\Debug\voxcom\tmp_userLicense\userGetLicense\1_UserGetLicense_request.xml
**** Voxcom-> Procesando archivo de salida :C:\Users\cs\Desktop\VisualStudioProjects\CloudPBX\ProyectoEmpresa\bin\Debug\voxcom\tmp_userLicense\userGetLicense\1_cloudpbx_response.xml
**** Reading request(s) from file: C:\Users\cs\Desktop\VisualStudioProjects\CloudPBX\ProyectoEmpresa\bin\Debug\voxcom\tmp_userLicense\userGetLicense\1_UserGetLicense_request.xml
**** Writing response to file: C:\Users\cs\Desktop\VisualStudioProjects\CloudPBX\ProyectoEmpresa\bin\Debug\voxcom\tmp_userLicense\userGetLicense\1_cloudpbx_response.xml
**** Sending request #: 1 from file: C:\Users\cs\Desktop\VisualStudioProjects\CloudPBX\ProyectoEmpresa\bin\Debug\voxcom\tmp_userLicense\userGetLicense\1_UserGetLicense_request.xml at: 2019.07.19 12:26:10:934 CLT
**** Time Out:120

**** Received response (Request process time: 113 ms)
**** Voxcom-> Procesando archivo de entrada:C:\Users\cs\Desktop\VisualStudioProjects\CloudPBX\ProyectoEmpresa\bin\Debug\voxcom\tmp_userLicense\userGetLicense\2_UserGetLicense_request.xml
**** Voxcom-> Procesando archivo de salida :C:\Users\cs\Desktop\VisualStudioProjects\CloudPBX\ProyectoEmpresa\bin\Debug\voxcom\tmp_userLicense\userGetLicense\2_cloudpbx_response.xml
**** Reading request(s) from file: C:\Users\cs\Desktop\VisualStudioProjects\CloudPBX\ProyectoEmpresa\bin\Debug\voxcom\tmp_userLicense\userGetLicense\2_UserGetLicense_request.xml
**** Writing response to file: C:\Users\cs\Desktop\VisualStudioProjects\CloudPBX\ProyectoEmpresa\bin\Debug\voxcom\tmp_userLicense\userGetLicense\2_cloudpbx_response.xml
**** Sending request #: 2 from file: C:\Users\cs\Desktop\VisualStudioProjects\CloudPBX\ProyectoEmpresa\bin\Debug\voxcom\tmp_userLicense\userGetLicense\2_UserGetLicense_request.xml at: 2019.07.19 12:26:11:145 CLT
**** Time Out:120

**** Received response (Request process time: 11 ms)
**** Voxcom-> Procesando archivo de entrada:C:\Users\cs\Desktop\VisualStudioProjects\CloudPBX\ProyectoEmpresa\bin\Debug\voxcom\tmp_userLicense\userGetLicense\3_UserGetLicense_request.xml
**** Voxcom-> Procesando archivo de salida :C:\Users\cs\Desktop\VisualStudioProjects\CloudPBX\ProyectoEmpresa\bin\Debug\voxcom\tmp_userLicense\userGetLicense\3_cloudpbx_response.xml
**** Reading request(s) from file: C:\Users\cs\Desktop\VisualStudioProjects\CloudPBX\ProyectoEmpresa\bin\Debug\voxcom\tmp_userLicense\userGetLicense\3_UserGetLicense_request.xml
**** Writing response to file: C:\Users\cs\Desktop\VisualStudioProjects\CloudPBX\ProyectoEmpresa\bin\Debug\voxcom\tmp_userLicense\userGetLicense\3_cloudpbx_response.xml
**** Sending request #: 3 from file: C:\Users\cs\Desktop\VisualStudioProjects\CloudPBX\ProyectoEmpresa\bin\Debug\voxcom\tmp_userLicense\userGetLicense\3_UserGetLicense_request.xml at: 2019.07.19 12:26:11:226 CLT
**** Time Out:120

**** Received response (Request process time: 35 ms)

Run #: 1 -- Statistics ========================>
Total Requests: 3
Total Time for all requests: 159 ms
Average Time per request: 53 ms
Smallest request time: 11 ms
Longest request time: 113 ms, FileName: C:\Users\cs\Desktop\VisualStudioProjects\CloudPBX\ProyectoEmpresa\bin\Debug\voxcom\tmp_userLicense\userGetLicense\1_UserGetLicense_request.xml, Time: 2019.07.19 12:26:11:054 CLT
<========================

**** Sending request at: 2019.07.19 12:26:11:298 CLT
**** Time Out:1

**** Received response (Request process time: 1001 ms)
LogoutRequest command successful (no response when OCS)

