**** Version Voxcom --> 2019.07.20 20:38:37:414 CLT
**** Start OCIClient initialization --> 2019.07.20 20:38:37:430 CLT
**** Sending request at: 2019.07.20 20:38:37:626 CLT
**** Time Out:120

**** Received response (Request process time: 188 ms)
AuthenticationRequest command successful

**** Sending request at: 2019.07.20 20:38:37:818 CLT
**** Time Out:120

**** Received response (Request process time: 70 ms)
LoginRequest command successful

**** Line InputFile: C:\Users\cs\Desktop\VisualStudioProjects\CloudPBX\ProyectoEmpresa\bin\Debug\voxcom\tmp_userLicense\userGetLicense\1_UserGetLicense_request.xml;C:\Users\cs\Desktop\VisualStudioProjects\CloudPBX\ProyectoEmpresa\bin\Debug\voxcom\tmp_userLicense\userGetLicense\1_cloudpbx_response.xml
**** Line InputFile: C:\Users\cs\Desktop\VisualStudioProjects\CloudPBX\ProyectoEmpresa\bin\Debug\voxcom\tmp_userLicense\userGetLicense\2_UserGetLicense_request.xml;C:\Users\cs\Desktop\VisualStudioProjects\CloudPBX\ProyectoEmpresa\bin\Debug\voxcom\tmp_userLicense\userGetLicense\2_cloudpbx_response.xml
**** Line InputFile: C:\Users\cs\Desktop\VisualStudioProjects\CloudPBX\ProyectoEmpresa\bin\Debug\voxcom\tmp_userLicense\userGetLicense\3_UserGetLicense_request.xml;C:\Users\cs\Desktop\VisualStudioProjects\CloudPBX\ProyectoEmpresa\bin\Debug\voxcom\tmp_userLicense\userGetLicense\3_cloudpbx_response.xml
********* Starting Run #: 1 in: 3 ms *********
**** Voxcom-> Procesando archivo de entrada:C:\Users\cs\Desktop\VisualStudioProjects\CloudPBX\ProyectoEmpresa\bin\Debug\voxcom\tmp_userLicense\userGetLicense\1_UserGetLicense_request.xml
**** Voxcom-> Procesando archivo de salida :C:\Users\cs\Desktop\VisualStudioProjects\CloudPBX\ProyectoEmpresa\bin\Debug\voxcom\tmp_userLicense\userGetLicense\1_cloudpbx_response.xml
**** Reading request(s) from file: C:\Users\cs\Desktop\VisualStudioProjects\CloudPBX\ProyectoEmpresa\bin\Debug\voxcom\tmp_userLicense\userGetLicense\1_UserGetLicense_request.xml
**** Writing response to file: C:\Users\cs\Desktop\VisualStudioProjects\CloudPBX\ProyectoEmpresa\bin\Debug\voxcom\tmp_userLicense\userGetLicense\1_cloudpbx_response.xml
**** Sending request #: 1 from file: C:\Users\cs\Desktop\VisualStudioProjects\CloudPBX\ProyectoEmpresa\bin\Debug\voxcom\tmp_userLicense\userGetLicense\1_UserGetLicense_request.xml at: 2019.07.20 20:38:37:939 CLT
**** Time Out:120

**** Received response (Request process time: 20 ms)
**** Voxcom-> Procesando archivo de entrada:C:\Users\cs\Desktop\VisualStudioProjects\CloudPBX\ProyectoEmpresa\bin\Debug\voxcom\tmp_userLicense\userGetLicense\2_UserGetLicense_request.xml
**** Voxcom-> Procesando archivo de salida :C:\Users\cs\Desktop\VisualStudioProjects\CloudPBX\ProyectoEmpresa\bin\Debug\voxcom\tmp_userLicense\userGetLicense\2_cloudpbx_response.xml
**** Reading request(s) from file: C:\Users\cs\Desktop\VisualStudioProjects\CloudPBX\ProyectoEmpresa\bin\Debug\voxcom\tmp_userLicense\userGetLicense\2_UserGetLicense_request.xml
**** Writing response to file: C:\Users\cs\Desktop\VisualStudioProjects\CloudPBX\ProyectoEmpresa\bin\Debug\voxcom\tmp_userLicense\userGetLicense\2_cloudpbx_response.xml
**** Sending request #: 2 from file: C:\Users\cs\Desktop\VisualStudioProjects\CloudPBX\ProyectoEmpresa\bin\Debug\voxcom\tmp_userLicense\userGetLicense\2_UserGetLicense_request.xml at: 2019.07.20 20:38:37:982 CLT
**** Time Out:120

**** Received response (Request process time: 20 ms)
**** Voxcom-> Procesando archivo de entrada:C:\Users\cs\Desktop\VisualStudioProjects\CloudPBX\ProyectoEmpresa\bin\Debug\voxcom\tmp_userLicense\userGetLicense\3_UserGetLicense_request.xml
**** Voxcom-> Procesando archivo de salida :C:\Users\cs\Desktop\VisualStudioProjects\CloudPBX\ProyectoEmpresa\bin\Debug\voxcom\tmp_userLicense\userGetLicense\3_cloudpbx_response.xml
**** Reading request(s) from file: C:\Users\cs\Desktop\VisualStudioProjects\CloudPBX\ProyectoEmpresa\bin\Debug\voxcom\tmp_userLicense\userGetLicense\3_UserGetLicense_request.xml
**** Writing response to file: C:\Users\cs\Desktop\VisualStudioProjects\CloudPBX\ProyectoEmpresa\bin\Debug\voxcom\tmp_userLicense\userGetLicense\3_cloudpbx_response.xml
**** Sending request #: 3 from file: C:\Users\cs\Desktop\VisualStudioProjects\CloudPBX\ProyectoEmpresa\bin\Debug\voxcom\tmp_userLicense\userGetLicense\3_UserGetLicense_request.xml at: 2019.07.20 20:38:38:021 CLT
**** Time Out:120

**** Received response (Request process time: 197 ms)

Run #: 1 -- Statistics ========================>
Total Requests: 3
Total Time for all requests: 237 ms
Average Time per request: 79 ms
Smallest request time: 20 ms
Longest request time: 197 ms, FileName: C:\Users\cs\Desktop\VisualStudioProjects\CloudPBX\ProyectoEmpresa\bin\Debug\voxcom\tmp_userLicense\userGetLicense\3_UserGetLicense_request.xml, Time: 2019.07.20 20:38:38:220 CLT
<========================

**** Sending request at: 2019.07.20 20:38:38:236 CLT
**** Time Out:1

**** Received response (Request process time: 1002 ms)
LogoutRequest command successful (no response when OCS)

