**** Version Voxcom --> 2019.07.18 16:20:11:107 CLT
**** Start OCIClient initialization --> 2019.07.18 16:20:11:119 CLT
**** Sending request at: 2019.07.18 16:20:11:164 CLT
**** Time Out:120

**** Received response (Request process time: 23 ms)
AuthenticationRequest command successful

**** Sending request at: 2019.07.18 16:20:11:190 CLT
**** Time Out:120

**** Received response (Request process time: 9 ms)
LoginRequest command successful

**** Line InputFile: C:\Users\cs\Desktop\VisualStudioProjects\CloudPBX\ProyectoEmpresa\bin\Debug\voxcom\tmp_userLicense\userGetListInGroup\1_UserGetList_request.xml;C:\Users\cs\Desktop\VisualStudioProjects\CloudPBX\ProyectoEmpresa\bin\Debug\voxcom\tmp_userLicense\userGetListInGroup\1_cloudpbx_response.xml
********* Starting Run #: 1 in: 3 ms *********
**** Voxcom-> Procesando archivo de entrada:C:\Users\cs\Desktop\VisualStudioProjects\CloudPBX\ProyectoEmpresa\bin\Debug\voxcom\tmp_userLicense\userGetListInGroup\1_UserGetList_request.xml
**** Voxcom-> Procesando archivo de salida :C:\Users\cs\Desktop\VisualStudioProjects\CloudPBX\ProyectoEmpresa\bin\Debug\voxcom\tmp_userLicense\userGetListInGroup\1_cloudpbx_response.xml
**** Reading request(s) from file: C:\Users\cs\Desktop\VisualStudioProjects\CloudPBX\ProyectoEmpresa\bin\Debug\voxcom\tmp_userLicense\userGetListInGroup\1_UserGetList_request.xml
**** Writing response to file: C:\Users\cs\Desktop\VisualStudioProjects\CloudPBX\ProyectoEmpresa\bin\Debug\voxcom\tmp_userLicense\userGetListInGroup\1_cloudpbx_response.xml
**** Sending request #: 1 from file: C:\Users\cs\Desktop\VisualStudioProjects\CloudPBX\ProyectoEmpresa\bin\Debug\voxcom\tmp_userLicense\userGetListInGroup\1_UserGetList_request.xml at: 2019.07.18 16:20:11:384 CLT
**** Time Out:120

**** Received response (Request process time: 11 ms)

Run #: 1 -- Statistics ========================>
Total Requests: 1
Total Time for all requests: 11 ms
Average Time per request: 11 ms
Smallest request time: 11 ms
Longest request time: 11 ms, FileName: C:\Users\cs\Desktop\VisualStudioProjects\CloudPBX\ProyectoEmpresa\bin\Debug\voxcom\tmp_userLicense\userGetListInGroup\1_UserGetList_request.xml, Time: 2019.07.18 16:20:11:399 CLT
<========================

**** Sending request at: 2019.07.18 16:20:11:421 CLT
**** Time Out:1

**** Received response (Request process time: 1000 ms)
LogoutRequest command successful (no response when OCS)

