**** Version Voxcom --> 2019.07.08 17:19:12:493 CLT
**** Start OCIClient initialization --> 2019.07.08 17:19:12:499 CLT
**** Sending request at: 2019.07.08 17:19:12:578 CLT
**** Time Out:120

**** Received response (Request process time: 26 ms)
AuthenticationRequest command successful

**** Sending request at: 2019.07.08 17:19:12:607 CLT
**** Time Out:120

**** Received response (Request process time: 62 ms)
LoginRequest command successful

**** Line InputFile: C:\Users\cs\Desktop\VisualStudioProjects\CloudPBX\ProyectoEmpresa\bin\Debug\voxcom\tmp_proxy\modifyProxy\1_CreateProxy_request_tmp.xml;C:\Users\cs\Desktop\VisualStudioProjects\CloudPBX\ProyectoEmpresa\bin\Debug\voxcom\tmp_proxy\modifyProxy\1_cloudpbx_response_.xml
**** Line InputFile: C:\Users\cs\Desktop\VisualStudioProjects\CloudPBX\ProyectoEmpresa\bin\Debug\voxcom\tmp_proxy\modifyProxy\2_CreateProxy_request_tmp.xml;C:\Users\cs\Desktop\VisualStudioProjects\CloudPBX\ProyectoEmpresa\bin\Debug\voxcom\tmp_proxy\modifyProxy\2_cloudpbx_response_.xml
**** Line InputFile: C:\Users\cs\Desktop\VisualStudioProjects\CloudPBX\ProyectoEmpresa\bin\Debug\voxcom\tmp_proxy\modifyProxy\3_CreateProxy_request_tmp.xml;C:\Users\cs\Desktop\VisualStudioProjects\CloudPBX\ProyectoEmpresa\bin\Debug\voxcom\tmp_proxy\modifyProxy\3_cloudpbx_response_.xml
**** Line InputFile: C:\Users\cs\Desktop\VisualStudioProjects\CloudPBX\ProyectoEmpresa\bin\Debug\voxcom\tmp_proxy\modifyProxy\4_CreateProxy_request_tmp.xml;C:\Users\cs\Desktop\VisualStudioProjects\CloudPBX\ProyectoEmpresa\bin\Debug\voxcom\tmp_proxy\modifyProxy\4_cloudpbx_response_.xml
**** Line InputFile: C:\Users\cs\Desktop\VisualStudioProjects\CloudPBX\ProyectoEmpresa\bin\Debug\voxcom\tmp_proxy\modifyProxy\5_RebuildDevice_request_tmp.xml;C:\Users\cs\Desktop\VisualStudioProjects\CloudPBX\ProyectoEmpresa\bin\Debug\voxcom\tmp_proxy\modifyProxy\5_cloudpbx_response_.xml
**** Line InputFile: C:\Users\cs\Desktop\VisualStudioProjects\CloudPBX\ProyectoEmpresa\bin\Debug\voxcom\tmp_proxy\modifyProxy\6_RebuildDevice_request_tmp.xml;C:\Users\cs\Desktop\VisualStudioProjects\CloudPBX\ProyectoEmpresa\bin\Debug\voxcom\tmp_proxy\modifyProxy\6_cloudpbx_response_.xml
**** Line InputFile: C:\Users\cs\Desktop\VisualStudioProjects\CloudPBX\ProyectoEmpresa\bin\Debug\voxcom\tmp_proxy\modifyProxy\7_RebuildDevice_request_tmp.xml;C:\Users\cs\Desktop\VisualStudioProjects\CloudPBX\ProyectoEmpresa\bin\Debug\voxcom\tmp_proxy\modifyProxy\7_cloudpbx_response_.xml
**** Line InputFile: C:\Users\cs\Desktop\VisualStudioProjects\CloudPBX\ProyectoEmpresa\bin\Debug\voxcom\tmp_proxy\modifyProxy\8_RebuildDevice_request_tmp.xml;C:\Users\cs\Desktop\VisualStudioProjects\CloudPBX\ProyectoEmpresa\bin\Debug\voxcom\tmp_proxy\modifyProxy\8_cloudpbx_response_.xml
********* Starting Run #: 1 in: 3 ms *********
**** Voxcom-> Procesando archivo de entrada:C:\Users\cs\Desktop\VisualStudioProjects\CloudPBX\ProyectoEmpresa\bin\Debug\voxcom\tmp_proxy\modifyProxy\1_CreateProxy_request_tmp.xml
**** Voxcom-> Procesando archivo de salida :C:\Users\cs\Desktop\VisualStudioProjects\CloudPBX\ProyectoEmpresa\bin\Debug\voxcom\tmp_proxy\modifyProxy\1_cloudpbx_response_.xml
**** Reading request(s) from file: C:\Users\cs\Desktop\VisualStudioProjects\CloudPBX\ProyectoEmpresa\bin\Debug\voxcom\tmp_proxy\modifyProxy\1_CreateProxy_request_tmp.xml
**** Writing response to file: C:\Users\cs\Desktop\VisualStudioProjects\CloudPBX\ProyectoEmpresa\bin\Debug\voxcom\tmp_proxy\modifyProxy\1_cloudpbx_response_.xml
**** Sending request #: 1 from file: C:\Users\cs\Desktop\VisualStudioProjects\CloudPBX\ProyectoEmpresa\bin\Debug\voxcom\tmp_proxy\modifyProxy\1_CreateProxy_request_tmp.xml at: 2019.07.08 17:19:12:721 CLT
**** Time Out:120

**** Received response (Request process time: 154 ms)
**** Voxcom-> Procesando archivo de entrada:C:\Users\cs\Desktop\VisualStudioProjects\CloudPBX\ProyectoEmpresa\bin\Debug\voxcom\tmp_proxy\modifyProxy\2_CreateProxy_request_tmp.xml
**** Voxcom-> Procesando archivo de salida :C:\Users\cs\Desktop\VisualStudioProjects\CloudPBX\ProyectoEmpresa\bin\Debug\voxcom\tmp_proxy\modifyProxy\2_cloudpbx_response_.xml
**** Reading request(s) from file: C:\Users\cs\Desktop\VisualStudioProjects\CloudPBX\ProyectoEmpresa\bin\Debug\voxcom\tmp_proxy\modifyProxy\2_CreateProxy_request_tmp.xml
**** Writing response to file: C:\Users\cs\Desktop\VisualStudioProjects\CloudPBX\ProyectoEmpresa\bin\Debug\voxcom\tmp_proxy\modifyProxy\2_cloudpbx_response_.xml
**** Sending request #: 2 from file: C:\Users\cs\Desktop\VisualStudioProjects\CloudPBX\ProyectoEmpresa\bin\Debug\voxcom\tmp_proxy\modifyProxy\2_CreateProxy_request_tmp.xml at: 2019.07.08 17:19:12:920 CLT
**** Time Out:120

**** Received response (Request process time: 10 ms)
**** Voxcom-> Procesando archivo de entrada:C:\Users\cs\Desktop\VisualStudioProjects\CloudPBX\ProyectoEmpresa\bin\Debug\voxcom\tmp_proxy\modifyProxy\3_CreateProxy_request_tmp.xml
**** Voxcom-> Procesando archivo de salida :C:\Users\cs\Desktop\VisualStudioProjects\CloudPBX\ProyectoEmpresa\bin\Debug\voxcom\tmp_proxy\modifyProxy\3_cloudpbx_response_.xml
**** Reading request(s) from file: C:\Users\cs\Desktop\VisualStudioProjects\CloudPBX\ProyectoEmpresa\bin\Debug\voxcom\tmp_proxy\modifyProxy\3_CreateProxy_request_tmp.xml
**** Writing response to file: C:\Users\cs\Desktop\VisualStudioProjects\CloudPBX\ProyectoEmpresa\bin\Debug\voxcom\tmp_proxy\modifyProxy\3_cloudpbx_response_.xml
**** Sending request #: 3 from file: C:\Users\cs\Desktop\VisualStudioProjects\CloudPBX\ProyectoEmpresa\bin\Debug\voxcom\tmp_proxy\modifyProxy\3_CreateProxy_request_tmp.xml at: 2019.07.08 17:19:12:951 CLT
**** Time Out:120

**** Received response (Request process time: 9 ms)
**** Voxcom-> Procesando archivo de entrada:C:\Users\cs\Desktop\VisualStudioProjects\CloudPBX\ProyectoEmpresa\bin\Debug\voxcom\tmp_proxy\modifyProxy\4_CreateProxy_request_tmp.xml
**** Voxcom-> Procesando archivo de salida :C:\Users\cs\Desktop\VisualStudioProjects\CloudPBX\ProyectoEmpresa\bin\Debug\voxcom\tmp_proxy\modifyProxy\4_cloudpbx_response_.xml
**** Reading request(s) from file: C:\Users\cs\Desktop\VisualStudioProjects\CloudPBX\ProyectoEmpresa\bin\Debug\voxcom\tmp_proxy\modifyProxy\4_CreateProxy_request_tmp.xml
**** Writing response to file: C:\Users\cs\Desktop\VisualStudioProjects\CloudPBX\ProyectoEmpresa\bin\Debug\voxcom\tmp_proxy\modifyProxy\4_cloudpbx_response_.xml
**** Sending request #: 4 from file: C:\Users\cs\Desktop\VisualStudioProjects\CloudPBX\ProyectoEmpresa\bin\Debug\voxcom\tmp_proxy\modifyProxy\4_CreateProxy_request_tmp.xml at: 2019.07.08 17:19:12:987 CLT
**** Time Out:120

**** Received response (Request process time: 8 ms)
**** Voxcom-> Procesando archivo de entrada:C:\Users\cs\Desktop\VisualStudioProjects\CloudPBX\ProyectoEmpresa\bin\Debug\voxcom\tmp_proxy\modifyProxy\5_RebuildDevice_request_tmp.xml
**** Voxcom-> Procesando archivo de salida :C:\Users\cs\Desktop\VisualStudioProjects\CloudPBX\ProyectoEmpresa\bin\Debug\voxcom\tmp_proxy\modifyProxy\5_cloudpbx_response_.xml
**** Reading request(s) from file: C:\Users\cs\Desktop\VisualStudioProjects\CloudPBX\ProyectoEmpresa\bin\Debug\voxcom\tmp_proxy\modifyProxy\5_RebuildDevice_request_tmp.xml
**** Writing response to file: C:\Users\cs\Desktop\VisualStudioProjects\CloudPBX\ProyectoEmpresa\bin\Debug\voxcom\tmp_proxy\modifyProxy\5_cloudpbx_response_.xml
**** Sending request #: 5 from file: C:\Users\cs\Desktop\VisualStudioProjects\CloudPBX\ProyectoEmpresa\bin\Debug\voxcom\tmp_proxy\modifyProxy\5_RebuildDevice_request_tmp.xml at: 2019.07.08 17:19:13:054 CLT
**** Time Out:120

**** Received response (Request process time: 143 ms)
**** Voxcom-> Procesando archivo de entrada:C:\Users\cs\Desktop\VisualStudioProjects\CloudPBX\ProyectoEmpresa\bin\Debug\voxcom\tmp_proxy\modifyProxy\6_RebuildDevice_request_tmp.xml
**** Voxcom-> Procesando archivo de salida :C:\Users\cs\Desktop\VisualStudioProjects\CloudPBX\ProyectoEmpresa\bin\Debug\voxcom\tmp_proxy\modifyProxy\6_cloudpbx_response_.xml
**** Reading request(s) from file: C:\Users\cs\Desktop\VisualStudioProjects\CloudPBX\ProyectoEmpresa\bin\Debug\voxcom\tmp_proxy\modifyProxy\6_RebuildDevice_request_tmp.xml
**** Writing response to file: C:\Users\cs\Desktop\VisualStudioProjects\CloudPBX\ProyectoEmpresa\bin\Debug\voxcom\tmp_proxy\modifyProxy\6_cloudpbx_response_.xml
**** Sending request #: 6 from file: C:\Users\cs\Desktop\VisualStudioProjects\CloudPBX\ProyectoEmpresa\bin\Debug\voxcom\tmp_proxy\modifyProxy\6_RebuildDevice_request_tmp.xml at: 2019.07.08 17:19:13:279 CLT
**** Time Out:120

**** Received response (Request process time: 10 ms)
**** Voxcom-> Procesando archivo de entrada:C:\Users\cs\Desktop\VisualStudioProjects\CloudPBX\ProyectoEmpresa\bin\Debug\voxcom\tmp_proxy\modifyProxy\7_RebuildDevice_request_tmp.xml
**** Voxcom-> Procesando archivo de salida :C:\Users\cs\Desktop\VisualStudioProjects\CloudPBX\ProyectoEmpresa\bin\Debug\voxcom\tmp_proxy\modifyProxy\7_cloudpbx_response_.xml
**** Reading request(s) from file: C:\Users\cs\Desktop\VisualStudioProjects\CloudPBX\ProyectoEmpresa\bin\Debug\voxcom\tmp_proxy\modifyProxy\7_RebuildDevice_request_tmp.xml
**** Writing response to file: C:\Users\cs\Desktop\VisualStudioProjects\CloudPBX\ProyectoEmpresa\bin\Debug\voxcom\tmp_proxy\modifyProxy\7_cloudpbx_response_.xml
**** Sending request #: 7 from file: C:\Users\cs\Desktop\VisualStudioProjects\CloudPBX\ProyectoEmpresa\bin\Debug\voxcom\tmp_proxy\modifyProxy\7_RebuildDevice_request_tmp.xml at: 2019.07.08 17:19:13:342 CLT
**** Time Out:120

**** Received response (Request process time: 108 ms)
**** Voxcom-> Procesando archivo de entrada:C:\Users\cs\Desktop\VisualStudioProjects\CloudPBX\ProyectoEmpresa\bin\Debug\voxcom\tmp_proxy\modifyProxy\8_RebuildDevice_request_tmp.xml
**** Voxcom-> Procesando archivo de salida :C:\Users\cs\Desktop\VisualStudioProjects\CloudPBX\ProyectoEmpresa\bin\Debug\voxcom\tmp_proxy\modifyProxy\8_cloudpbx_response_.xml
**** Reading request(s) from file: C:\Users\cs\Desktop\VisualStudioProjects\CloudPBX\ProyectoEmpresa\bin\Debug\voxcom\tmp_proxy\modifyProxy\8_RebuildDevice_request_tmp.xml
**** Writing response to file: C:\Users\cs\Desktop\VisualStudioProjects\CloudPBX\ProyectoEmpresa\bin\Debug\voxcom\tmp_proxy\modifyProxy\8_cloudpbx_response_.xml
**** Sending request #: 8 from file: C:\Users\cs\Desktop\VisualStudioProjects\CloudPBX\ProyectoEmpresa\bin\Debug\voxcom\tmp_proxy\modifyProxy\8_RebuildDevice_request_tmp.xml at: 2019.07.08 17:19:13:606 CLT
**** Time Out:120

**** Received response (Request process time: 11 ms)

Run #: 1 -- Statistics ========================>
Total Requests: 8
Total Time for all requests: 453 ms
Average Time per request: 56 ms
Smallest request time: 8 ms
Longest request time: 154 ms, FileName: C:\Users\cs\Desktop\VisualStudioProjects\CloudPBX\ProyectoEmpresa\bin\Debug\voxcom\tmp_proxy\modifyProxy\1_CreateProxy_request_tmp.xml, Time: 2019.07.08 17:19:12:878 CLT
<========================

**** Sending request at: 2019.07.08 17:19:13:633 CLT
**** Time Out:1

**** Received response (Request process time: 1001 ms)
LogoutRequest command successful (no response when OCS)

