**** Version Voxcom --> 2019.07.13 00:04:32:223 CLT
**** Start OCIClient initialization --> 2019.07.13 00:04:32:230 CLT
**** Sending request at: 2019.07.13 00:04:32:311 CLT
**** Time Out:120

**** Received response (Request process time: 101 ms)
AuthenticationRequest command successful

**** Sending request at: 2019.07.13 00:04:32:423 CLT
**** Time Out:120

**** Received response (Request process time: 73 ms)
LoginRequest command successful

**** Line InputFile: C:\Users\cs\Desktop\VisualStudioProjects\CloudPBX\ProyectoEmpresa\bin\Debug\voxcom\tmp_servicePack_user\userGetListInGroup\1_UserGetList_request_tmp.xml;C:\Users\cs\Desktop\VisualStudioProjects\CloudPBX\ProyectoEmpresa\bin\Debug\voxcom\tmp_servicePack_user\userGetListInGroup\1_cloudpbx_response_.xml
********* Starting Run #: 1 in: 3 ms *********
**** Voxcom-> Procesando archivo de entrada:C:\Users\cs\Desktop\VisualStudioProjects\CloudPBX\ProyectoEmpresa\bin\Debug\voxcom\tmp_servicePack_user\userGetListInGroup\1_UserGetList_request_tmp.xml
**** Voxcom-> Procesando archivo de salida :C:\Users\cs\Desktop\VisualStudioProjects\CloudPBX\ProyectoEmpresa\bin\Debug\voxcom\tmp_servicePack_user\userGetListInGroup\1_cloudpbx_response_.xml
**** Reading request(s) from file: C:\Users\cs\Desktop\VisualStudioProjects\CloudPBX\ProyectoEmpresa\bin\Debug\voxcom\tmp_servicePack_user\userGetListInGroup\1_UserGetList_request_tmp.xml
**** Writing response to file: C:\Users\cs\Desktop\VisualStudioProjects\CloudPBX\ProyectoEmpresa\bin\Debug\voxcom\tmp_servicePack_user\userGetListInGroup\1_cloudpbx_response_.xml
**** Sending request #: 1 from file: C:\Users\cs\Desktop\VisualStudioProjects\CloudPBX\ProyectoEmpresa\bin\Debug\voxcom\tmp_servicePack_user\userGetListInGroup\1_UserGetList_request_tmp.xml at: 2019.07.13 00:04:32:553 CLT
**** Time Out:120

**** Received response (Request process time: 65 ms)

Run #: 1 -- Statistics ========================>
Total Requests: 1
Total Time for all requests: 65 ms
Average Time per request: 65 ms
Smallest request time: 65 ms
Longest request time: 65 ms, FileName: C:\Users\cs\Desktop\VisualStudioProjects\CloudPBX\ProyectoEmpresa\bin\Debug\voxcom\tmp_servicePack_user\userGetListInGroup\1_UserGetList_request_tmp.xml, Time: 2019.07.13 00:04:32:632 CLT
<========================

**** Sending request at: 2019.07.13 00:04:32:720 CLT
**** Time Out:1

**** Received response (Request process time: 1001 ms)
LogoutRequest command successful (no response when OCS)

