**** Version Voxcom --> 2019.07.05 16:27:49:886 CLT
**** Start OCIClient initialization --> 2019.07.05 16:27:49:901 CLT
**** Sending request at: 2019.07.05 16:27:49:932 CLT
**** Time Out:120

**** Received response (Request process time: 32 ms)
AuthenticationRequest command successful

**** Sending request at: 2019.07.05 16:27:49:964 CLT
**** Time Out:120

**** Received response (Request process time: 15 ms)
LoginRequest command successful

**** Line InputFile: C:\Users\cs\Desktop\VisualStudioProjects\CloudPBX\ProyectoEmpresa\bin\Debug\voxcom\tmp_proxy\1_DeviceGetList_request_tmp.xml;C:\Users\cs\Desktop\VisualStudioProjects\CloudPBX\ProyectoEmpresa\bin\Debug\voxcom\tmp_proxy\1_Broadsoft_response_tmp.xml
********* Starting Run #: 1 in: 3 ms *********
**** Voxcom-> Procesando archivo de entrada:C:\Users\cs\Desktop\VisualStudioProjects\CloudPBX\ProyectoEmpresa\bin\Debug\voxcom\tmp_proxy\1_DeviceGetList_request_tmp.xml
**** Voxcom-> Procesando archivo de salida :C:\Users\cs\Desktop\VisualStudioProjects\CloudPBX\ProyectoEmpresa\bin\Debug\voxcom\tmp_proxy\1_Broadsoft_response_tmp.xml
**** Reading request(s) from file: C:\Users\cs\Desktop\VisualStudioProjects\CloudPBX\ProyectoEmpresa\bin\Debug\voxcom\tmp_proxy\1_DeviceGetList_request_tmp.xml
**** Writing response to file: C:\Users\cs\Desktop\VisualStudioProjects\CloudPBX\ProyectoEmpresa\bin\Debug\voxcom\tmp_proxy\1_Broadsoft_response_tmp.xml
**** Sending request #: 1 from file: C:\Users\cs\Desktop\VisualStudioProjects\CloudPBX\ProyectoEmpresa\bin\Debug\voxcom\tmp_proxy\1_DeviceGetList_request_tmp.xml at: 2019.07.05 16:27:49:986 CLT
**** Time Out:120

**** Received response (Request process time: 15 ms)

Run #: 1 -- Statistics ========================>
Total Requests: 1
Total Time for all requests: 15 ms
Average Time per request: 15 ms
Smallest request time: 15 ms
Longest request time: 15 ms, FileName: C:\Users\cs\Desktop\VisualStudioProjects\CloudPBX\ProyectoEmpresa\bin\Debug\voxcom\tmp_proxy\1_DeviceGetList_request_tmp.xml, Time: 2019.07.05 16:27:50:001 CLT
<========================

**** Sending request at: 2019.07.05 16:27:50:033 CLT
**** Time Out:1

**** Received response (Request process time: 1014 ms)
LogoutRequest command successful (no response when OCS)

