**** Version Voxcom --> 2019.07.22 17:30:02:434 CLT
**** Start OCIClient initialization --> 2019.07.22 17:30:02:441 CLT
**** Sending request at: 2019.07.22 17:30:02:644 CLT
**** Time Out:120

**** Received response (Request process time: 27 ms)
AuthenticationRequest command successful

**** Sending request at: 2019.07.22 17:30:02:674 CLT
**** Time Out:120

**** Received response (Request process time: 259 ms)
LoginRequest command successful

**** Line InputFile: C:\Users\cs\Desktop\VisualStudioProjects\CloudPBX\ProyectoEmpresa\bin\Debug\voxcom\tmp_userLicense\AssigmentUserLicense\AssignServices\1_AssignServices_request.xml;C:\Users\cs\Desktop\VisualStudioProjects\CloudPBX\ProyectoEmpresa\bin\Debug\voxcom\tmp_userLicense\AssigmentUserLicense\AssignServices\1_cloudpbx_response.xml
********* Starting Run #: 1 in: 3 ms *********
**** Voxcom-> Procesando archivo de entrada:C:\Users\cs\Desktop\VisualStudioProjects\CloudPBX\ProyectoEmpresa\bin\Debug\voxcom\tmp_userLicense\AssigmentUserLicense\AssignServices\1_AssignServices_request.xml
**** Voxcom-> Procesando archivo de salida :C:\Users\cs\Desktop\VisualStudioProjects\CloudPBX\ProyectoEmpresa\bin\Debug\voxcom\tmp_userLicense\AssigmentUserLicense\AssignServices\1_cloudpbx_response.xml
**** Reading request(s) from file: C:\Users\cs\Desktop\VisualStudioProjects\CloudPBX\ProyectoEmpresa\bin\Debug\voxcom\tmp_userLicense\AssigmentUserLicense\AssignServices\1_AssignServices_request.xml
**** Writing response to file: C:\Users\cs\Desktop\VisualStudioProjects\CloudPBX\ProyectoEmpresa\bin\Debug\voxcom\tmp_userLicense\AssigmentUserLicense\AssignServices\1_cloudpbx_response.xml
**** Sending request #: 1 from file: C:\Users\cs\Desktop\VisualStudioProjects\CloudPBX\ProyectoEmpresa\bin\Debug\voxcom\tmp_userLicense\AssigmentUserLicense\AssignServices\1_AssignServices_request.xml at: 2019.07.22 17:30:02:947 CLT
**** Time Out:120

**** Received response (Request process time: 314 ms)

Run #: 1 -- Statistics ========================>
Total Requests: 1
Total Time for all requests: 314 ms
Average Time per request: 314 ms
Smallest request time: 314 ms
Longest request time: 314 ms, FileName: C:\Users\cs\Desktop\VisualStudioProjects\CloudPBX\ProyectoEmpresa\bin\Debug\voxcom\tmp_userLicense\AssigmentUserLicense\AssignServices\1_AssignServices_request.xml, Time: 2019.07.22 17:30:03:264 CLT
<========================

**** Sending request at: 2019.07.22 17:30:03:291 CLT
**** Time Out:1

**** Received response (Request process time: 1001 ms)
LogoutRequest command successful (no response when OCS)

