**** Version Voxcom --> 2019.07.22 12:53:57:234 CLT
**** Start OCIClient initialization --> 2019.07.22 12:53:57:241 CLT
**** Sending request at: 2019.07.22 12:53:57:482 CLT
**** Time Out:120

**** Received response (Request process time: 24 ms)
AuthenticationRequest command successful

**** Sending request at: 2019.07.22 12:53:57:508 CLT
**** Time Out:120

**** Received response (Request process time: 10 ms)
LoginRequest command successful

**** Line InputFile: C:\Users\cs\Desktop\VisualStudioProjects\CloudPBX\ProyectoEmpresa\bin\Debug\voxcom\tmp_userLicense\AssigmentUserLicense\1_AssignServices_request.xml;C:\Users\cs\Desktop\VisualStudioProjects\CloudPBX\ProyectoEmpresa\bin\Debug\voxcom\tmp_userLicense\AssigmentUserLicense\1_cloudpbx_response.xml
********* Starting Run #: 1 in: 3 ms *********
**** Voxcom-> Procesando archivo de entrada:C:\Users\cs\Desktop\VisualStudioProjects\CloudPBX\ProyectoEmpresa\bin\Debug\voxcom\tmp_userLicense\AssigmentUserLicense\1_AssignServices_request.xml
**** Voxcom-> Procesando archivo de salida :C:\Users\cs\Desktop\VisualStudioProjects\CloudPBX\ProyectoEmpresa\bin\Debug\voxcom\tmp_userLicense\AssigmentUserLicense\1_cloudpbx_response.xml
**** Reading request(s) from file: C:\Users\cs\Desktop\VisualStudioProjects\CloudPBX\ProyectoEmpresa\bin\Debug\voxcom\tmp_userLicense\AssigmentUserLicense\1_AssignServices_request.xml
**** Writing response to file: C:\Users\cs\Desktop\VisualStudioProjects\CloudPBX\ProyectoEmpresa\bin\Debug\voxcom\tmp_userLicense\AssigmentUserLicense\1_cloudpbx_response.xml
**** Sending request #: 1 from file: C:\Users\cs\Desktop\VisualStudioProjects\CloudPBX\ProyectoEmpresa\bin\Debug\voxcom\tmp_userLicense\AssigmentUserLicense\1_AssignServices_request.xml at: 2019.07.22 12:53:57:531 CLT
**** Time Out:120

**** Received response (Request process time: 252 ms)

Run #: 1 -- Statistics ========================>
Total Requests: 1
Total Time for all requests: 252 ms
Average Time per request: 252 ms
Smallest request time: 252 ms
Longest request time: 252 ms, FileName: C:\Users\cs\Desktop\VisualStudioProjects\CloudPBX\ProyectoEmpresa\bin\Debug\voxcom\tmp_userLicense\AssigmentUserLicense\1_AssignServices_request.xml, Time: 2019.07.22 12:53:57:787 CLT
<========================

**** Sending request at: 2019.07.22 12:53:58:386 CLT
**** Time Out:1

**** Received response (Request process time: 1002 ms)
LogoutRequest command successful (no response when OCS)

