**** Version Voxcom --> 2019.06.19 11:37:43:690 CLT
**** Start OCIClient initialization --> 2019.06.19 11:37:43:700 CLT
**** Sending request at: 2019.06.19 11:37:43:737 CLT
**** Time Out:120

**** Received response (Request process time: 26 ms)
AuthenticationRequest command successful

**** Sending request at: 2019.06.19 11:37:43:766 CLT
**** Time Out:120

**** Received response (Request process time: 11 ms)
LoginRequest command successful

**** Line InputFile: C:\Users\cs\Desktop\VisualStudioProjects\CloudPBX\ProyectoEmpresa\bin\Debug\voxcom\tmp\CMM_request_tmp_1.xml;C:\Users\cs\Desktop\VisualStudioProjects\CloudPBX\ProyectoEmpresa\bin\Debug\voxcom\tmp\CMM_response_tmp_1.xml
********* Starting Run #: 1 in: 3 ms *********
**** Voxcom-> Procesando archivo de entrada:C:\Users\cs\Desktop\VisualStudioProjects\CloudPBX\ProyectoEmpresa\bin\Debug\voxcom\tmp\CMM_request_tmp_1.xml
**** Voxcom-> Procesando archivo de salida :C:\Users\cs\Desktop\VisualStudioProjects\CloudPBX\ProyectoEmpresa\bin\Debug\voxcom\tmp\CMM_response_tmp_1.xml
**** Reading request(s) from file: C:\Users\cs\Desktop\VisualStudioProjects\CloudPBX\ProyectoEmpresa\bin\Debug\voxcom\tmp\CMM_request_tmp_1.xml
**** Writing response to file: C:\Users\cs\Desktop\VisualStudioProjects\CloudPBX\ProyectoEmpresa\bin\Debug\voxcom\tmp\CMM_response_tmp_1.xml
**** Sending request #: 1 from file: C:\Users\cs\Desktop\VisualStudioProjects\CloudPBX\ProyectoEmpresa\bin\Debug\voxcom\tmp\CMM_request_tmp_1.xml at: 2019.06.19 11:37:43:787 CLT
**** Time Out:120

**** Received response (Request process time: 10 ms)

Run #: 1 -- Statistics ========================>
Total Requests: 1
Total Time for all requests: 10 ms
Average Time per request: 10 ms
Smallest request time: 10 ms
Longest request time: 10 ms, FileName: C:\Users\cs\Desktop\VisualStudioProjects\CloudPBX\ProyectoEmpresa\bin\Debug\voxcom\tmp\CMM_request_tmp_1.xml, Time: 2019.06.19 11:37:43:801 CLT
<========================

**** Sending request at: 2019.06.19 11:37:43:927 CLT
**** Time Out:1

**** Received response (Request process time: 1001 ms)
LogoutRequest command successful (no response when OCS)

