**** Version Voxcom --> 2019.07.05 15:38:42:812 CLT
**** Start OCIClient initialization --> 2019.07.05 15:38:42:828 CLT
**** Sending request at: 2019.07.05 15:38:42:859 CLT
**** Time Out:120

**** Received response (Request process time: 47 ms)
AuthenticationRequest command successful

**** Sending request at: 2019.07.05 15:38:42:906 CLT
**** Time Out:120

**** Received response (Request process time: 46 ms)
LoginRequest command successful

**** Line InputFile: C:\Users\cs\Desktop\VisualStudioProjects\CloudPBX\ProyectoEmpresa\bin\Debug\voxcom\tmp_proxy\1_DeviceGetList_request_tmp.xml;C:\Users\cs\Desktop\VisualStudioProjects\CloudPBX\ProyectoEmpresa\bin\Debug\voxcom\tmp_proxy\1_Broadsoft_response_tmp.xml
********* Starting Run #: 1 in: 3 ms *********
**** Voxcom-> Procesando archivo de entrada:C:\Users\cs\Desktop\VisualStudioProjects\CloudPBX\ProyectoEmpresa\bin\Debug\voxcom\tmp_proxy\1_DeviceGetList_request_tmp.xml
**** Voxcom-> Procesando archivo de salida :C:\Users\cs\Desktop\VisualStudioProjects\CloudPBX\ProyectoEmpresa\bin\Debug\voxcom\tmp_proxy\1_Broadsoft_response_tmp.xml
**** Reading request(s) from file: C:\Users\cs\Desktop\VisualStudioProjects\CloudPBX\ProyectoEmpresa\bin\Debug\voxcom\tmp_proxy\1_DeviceGetList_request_tmp.xml
**** Writing response to file: C:\Users\cs\Desktop\VisualStudioProjects\CloudPBX\ProyectoEmpresa\bin\Debug\voxcom\tmp_proxy\1_Broadsoft_response_tmp.xml
**** Sending request #: 1 from file: C:\Users\cs\Desktop\VisualStudioProjects\CloudPBX\ProyectoEmpresa\bin\Debug\voxcom\tmp_proxy\1_DeviceGetList_request_tmp.xml at: 2019.07.05 15:38:43:028 CLT
**** Time Out:120

**** Received response (Request process time: 94 ms)

Run #: 1 -- Statistics ========================>
Total Requests: 1
Total Time for all requests: 94 ms
Average Time per request: 94 ms
Smallest request time: 94 ms
Longest request time: 94 ms, FileName: C:\Users\cs\Desktop\VisualStudioProjects\CloudPBX\ProyectoEmpresa\bin\Debug\voxcom\tmp_proxy\1_DeviceGetList_request_tmp.xml, Time: 2019.07.05 15:38:43:122 CLT
<========================

**** Sending request at: 2019.07.05 15:38:43:138 CLT
**** Time Out:1

**** Received response (Request process time: 1000 ms)
LogoutRequest command successful (no response when OCS)

