**** Version Voxcom --> 2019.07.13 20:17:23:375 CLT
**** Start OCIClient initialization --> 2019.07.13 20:17:23:383 CLT
**** Sending request at: 2019.07.13 20:17:23:607 CLT
**** Time Out:120

**** Received response (Request process time: 135 ms)
AuthenticationRequest command successful

**** Sending request at: 2019.07.13 20:17:23:746 CLT
**** Time Out:120

**** Received response (Request process time: 103 ms)
LoginRequest command successful

**** Line InputFile: C:\Users\cs\Desktop\VisualStudioProjects\CloudPBX\ProyectoEmpresa\bin\Debug\voxcom\tmp_servicePack_user\userGetListServicePack\4_UserGetListServicePack_request_tmp.xml;C:\Users\cs\Desktop\VisualStudioProjects\CloudPBX\ProyectoEmpresa\bin\Debug\voxcom\tmp_servicePack_user\userGetListServicePack\4_cloudpbx_response.xml
**** Line InputFile: C:\Users\cs\Desktop\VisualStudioProjects\CloudPBX\ProyectoEmpresa\bin\Debug\voxcom\tmp_servicePack_user\userGetListServicePack\5_UserGetListServicePack_request_tmp.xml;C:\Users\cs\Desktop\VisualStudioProjects\CloudPBX\ProyectoEmpresa\bin\Debug\voxcom\tmp_servicePack_user\userGetListServicePack\5_cloudpbx_response.xml
**** Line InputFile: C:\Users\cs\Desktop\VisualStudioProjects\CloudPBX\ProyectoEmpresa\bin\Debug\voxcom\tmp_servicePack_user\userGetListServicePack\6_UserGetListServicePack_request_tmp.xml;C:\Users\cs\Desktop\VisualStudioProjects\CloudPBX\ProyectoEmpresa\bin\Debug\voxcom\tmp_servicePack_user\userGetListServicePack\6_cloudpbx_response.xml
**** Line InputFile: C:\Users\cs\Desktop\VisualStudioProjects\CloudPBX\ProyectoEmpresa\bin\Debug\voxcom\tmp_servicePack_user\userGetListServicePack\7_UserGetListServicePack_request_tmp.xml;C:\Users\cs\Desktop\VisualStudioProjects\CloudPBX\ProyectoEmpresa\bin\Debug\voxcom\tmp_servicePack_user\userGetListServicePack\7_cloudpbx_response.xml
**** Line InputFile: C:\Users\cs\Desktop\VisualStudioProjects\CloudPBX\ProyectoEmpresa\bin\Debug\voxcom\tmp_servicePack_user\userGetListServicePack\8_UserGetListServicePack_request_tmp.xml;C:\Users\cs\Desktop\VisualStudioProjects\CloudPBX\ProyectoEmpresa\bin\Debug\voxcom\tmp_servicePack_user\userGetListServicePack\8_cloudpbx_response.xml
********* Starting Run #: 1 in: 3 ms *********
**** Voxcom-> Procesando archivo de entrada:C:\Users\cs\Desktop\VisualStudioProjects\CloudPBX\ProyectoEmpresa\bin\Debug\voxcom\tmp_servicePack_user\userGetListServicePack\4_UserGetListServicePack_request_tmp.xml
**** Voxcom-> Procesando archivo de salida :C:\Users\cs\Desktop\VisualStudioProjects\CloudPBX\ProyectoEmpresa\bin\Debug\voxcom\tmp_servicePack_user\userGetListServicePack\4_cloudpbx_response.xml
**** Reading request(s) from file: C:\Users\cs\Desktop\VisualStudioProjects\CloudPBX\ProyectoEmpresa\bin\Debug\voxcom\tmp_servicePack_user\userGetListServicePack\4_UserGetListServicePack_request_tmp.xml
**** Writing response to file: C:\Users\cs\Desktop\VisualStudioProjects\CloudPBX\ProyectoEmpresa\bin\Debug\voxcom\tmp_servicePack_user\userGetListServicePack\4_cloudpbx_response.xml
**** Sending request #: 1 from file: C:\Users\cs\Desktop\VisualStudioProjects\CloudPBX\ProyectoEmpresa\bin\Debug\voxcom\tmp_servicePack_user\userGetListServicePack\4_UserGetListServicePack_request_tmp.xml at: 2019.07.13 20:17:23:930 CLT
**** Time Out:120

**** Received response (Request process time: 27 ms)
**** Voxcom-> Procesando archivo de entrada:C:\Users\cs\Desktop\VisualStudioProjects\CloudPBX\ProyectoEmpresa\bin\Debug\voxcom\tmp_servicePack_user\userGetListServicePack\5_UserGetListServicePack_request_tmp.xml
**** Voxcom-> Procesando archivo de salida :C:\Users\cs\Desktop\VisualStudioProjects\CloudPBX\ProyectoEmpresa\bin\Debug\voxcom\tmp_servicePack_user\userGetListServicePack\5_cloudpbx_response.xml
**** Reading request(s) from file: C:\Users\cs\Desktop\VisualStudioProjects\CloudPBX\ProyectoEmpresa\bin\Debug\voxcom\tmp_servicePack_user\userGetListServicePack\5_UserGetListServicePack_request_tmp.xml
**** Writing response to file: C:\Users\cs\Desktop\VisualStudioProjects\CloudPBX\ProyectoEmpresa\bin\Debug\voxcom\tmp_servicePack_user\userGetListServicePack\5_cloudpbx_response.xml
**** Sending request #: 2 from file: C:\Users\cs\Desktop\VisualStudioProjects\CloudPBX\ProyectoEmpresa\bin\Debug\voxcom\tmp_servicePack_user\userGetListServicePack\5_UserGetListServicePack_request_tmp.xml at: 2019.07.13 20:17:24:073 CLT
**** Time Out:120

**** Received response (Request process time: 145 ms)
**** Voxcom-> Procesando archivo de entrada:C:\Users\cs\Desktop\VisualStudioProjects\CloudPBX\ProyectoEmpresa\bin\Debug\voxcom\tmp_servicePack_user\userGetListServicePack\6_UserGetListServicePack_request_tmp.xml
**** Voxcom-> Procesando archivo de salida :C:\Users\cs\Desktop\VisualStudioProjects\CloudPBX\ProyectoEmpresa\bin\Debug\voxcom\tmp_servicePack_user\userGetListServicePack\6_cloudpbx_response.xml
**** Reading request(s) from file: C:\Users\cs\Desktop\VisualStudioProjects\CloudPBX\ProyectoEmpresa\bin\Debug\voxcom\tmp_servicePack_user\userGetListServicePack\6_UserGetListServicePack_request_tmp.xml
**** Writing response to file: C:\Users\cs\Desktop\VisualStudioProjects\CloudPBX\ProyectoEmpresa\bin\Debug\voxcom\tmp_servicePack_user\userGetListServicePack\6_cloudpbx_response.xml
**** Sending request #: 3 from file: C:\Users\cs\Desktop\VisualStudioProjects\CloudPBX\ProyectoEmpresa\bin\Debug\voxcom\tmp_servicePack_user\userGetListServicePack\6_UserGetListServicePack_request_tmp.xml at: 2019.07.13 20:17:24:267 CLT
**** Time Out:120

**** Received response (Request process time: 216 ms)
**** Voxcom-> Procesando archivo de entrada:C:\Users\cs\Desktop\VisualStudioProjects\CloudPBX\ProyectoEmpresa\bin\Debug\voxcom\tmp_servicePack_user\userGetListServicePack\7_UserGetListServicePack_request_tmp.xml
**** Voxcom-> Procesando archivo de salida :C:\Users\cs\Desktop\VisualStudioProjects\CloudPBX\ProyectoEmpresa\bin\Debug\voxcom\tmp_servicePack_user\userGetListServicePack\7_cloudpbx_response.xml
**** Reading request(s) from file: C:\Users\cs\Desktop\VisualStudioProjects\CloudPBX\ProyectoEmpresa\bin\Debug\voxcom\tmp_servicePack_user\userGetListServicePack\7_UserGetListServicePack_request_tmp.xml
**** Writing response to file: C:\Users\cs\Desktop\VisualStudioProjects\CloudPBX\ProyectoEmpresa\bin\Debug\voxcom\tmp_servicePack_user\userGetListServicePack\7_cloudpbx_response.xml
**** Sending request #: 4 from file: C:\Users\cs\Desktop\VisualStudioProjects\CloudPBX\ProyectoEmpresa\bin\Debug\voxcom\tmp_servicePack_user\userGetListServicePack\7_UserGetListServicePack_request_tmp.xml at: 2019.07.13 20:17:24:529 CLT
**** Time Out:120

**** Received response (Request process time: 21 ms)
**** Voxcom-> Procesando archivo de entrada:C:\Users\cs\Desktop\VisualStudioProjects\CloudPBX\ProyectoEmpresa\bin\Debug\voxcom\tmp_servicePack_user\userGetListServicePack\8_UserGetListServicePack_request_tmp.xml
**** Voxcom-> Procesando archivo de salida :C:\Users\cs\Desktop\VisualStudioProjects\CloudPBX\ProyectoEmpresa\bin\Debug\voxcom\tmp_servicePack_user\userGetListServicePack\8_cloudpbx_response.xml
**** Reading request(s) from file: C:\Users\cs\Desktop\VisualStudioProjects\CloudPBX\ProyectoEmpresa\bin\Debug\voxcom\tmp_servicePack_user\userGetListServicePack\8_UserGetListServicePack_request_tmp.xml
**** Writing response to file: C:\Users\cs\Desktop\VisualStudioProjects\CloudPBX\ProyectoEmpresa\bin\Debug\voxcom\tmp_servicePack_user\userGetListServicePack\8_cloudpbx_response.xml
**** Sending request #: 5 from file: C:\Users\cs\Desktop\VisualStudioProjects\CloudPBX\ProyectoEmpresa\bin\Debug\voxcom\tmp_servicePack_user\userGetListServicePack\8_UserGetListServicePack_request_tmp.xml at: 2019.07.13 20:17:24:594 CLT
**** Time Out:120

**** Received response (Request process time: 210 ms)

Run #: 1 -- Statistics ========================>
Total Requests: 5
Total Time for all requests: 619 ms
Average Time per request: 123 ms
Smallest request time: 21 ms
Longest request time: 216 ms, FileName: C:\Users\cs\Desktop\VisualStudioProjects\CloudPBX\ProyectoEmpresa\bin\Debug\voxcom\tmp_servicePack_user\userGetListServicePack\6_UserGetListServicePack_request_tmp.xml, Time: 2019.07.13 20:17:24:489 CLT
<========================

**** Sending request at: 2019.07.13 20:17:24:844 CLT
**** Time Out:1

**** Received response (Request process time: 1000 ms)
LogoutRequest command successful (no response when OCS)

