**** Version Voxcom --> 2019.07.21 13:42:00:220 CLT
**** Start OCIClient initialization --> 2019.07.21 13:42:00:229 CLT
**** Sending request at: 2019.07.21 13:42:00:280 CLT
**** Time Out:120

**** Received response (Request process time: 35 ms)
AuthenticationRequest command successful

**** Sending request at: 2019.07.21 13:42:00:317 CLT
**** Time Out:120

**** Received response (Request process time: 21 ms)
LoginRequest command successful

**** Line InputFile: C:\Users\cs\Desktop\VisualStudioProjects\CloudPBX\ProyectoEmpresa\bin\Debug\voxcom\tmp_userLicense\userGetListInGroup\1_UserGetList_request.xml;C:\Users\cs\Desktop\VisualStudioProjects\CloudPBX\ProyectoEmpresa\bin\Debug\voxcom\tmp_userLicense\userGetListInGroup\1_cloudpbx_response.xml
********* Starting Run #: 1 in: 3 ms *********
**** Voxcom-> Procesando archivo de entrada:C:\Users\cs\Desktop\VisualStudioProjects\CloudPBX\ProyectoEmpresa\bin\Debug\voxcom\tmp_userLicense\userGetListInGroup\1_UserGetList_request.xml
**** Voxcom-> Procesando archivo de salida :C:\Users\cs\Desktop\VisualStudioProjects\CloudPBX\ProyectoEmpresa\bin\Debug\voxcom\tmp_userLicense\userGetListInGroup\1_cloudpbx_response.xml
**** Reading request(s) from file: C:\Users\cs\Desktop\VisualStudioProjects\CloudPBX\ProyectoEmpresa\bin\Debug\voxcom\tmp_userLicense\userGetListInGroup\1_UserGetList_request.xml
**** Writing response to file: C:\Users\cs\Desktop\VisualStudioProjects\CloudPBX\ProyectoEmpresa\bin\Debug\voxcom\tmp_userLicense\userGetListInGroup\1_cloudpbx_response.xml
**** Sending request #: 1 from file: C:\Users\cs\Desktop\VisualStudioProjects\CloudPBX\ProyectoEmpresa\bin\Debug\voxcom\tmp_userLicense\userGetListInGroup\1_UserGetList_request.xml at: 2019.07.21 13:42:00:349 CLT
**** Time Out:120

**** Received response (Request process time: 25 ms)

Run #: 1 -- Statistics ========================>
Total Requests: 1
Total Time for all requests: 25 ms
Average Time per request: 25 ms
Smallest request time: 25 ms
Longest request time: 25 ms, FileName: C:\Users\cs\Desktop\VisualStudioProjects\CloudPBX\ProyectoEmpresa\bin\Debug\voxcom\tmp_userLicense\userGetListInGroup\1_UserGetList_request.xml, Time: 2019.07.21 13:42:00:378 CLT
<========================

**** Sending request at: 2019.07.21 13:42:00:414 CLT
**** Time Out:1

**** Received response (Request process time: 1000 ms)
LogoutRequest command successful (no response when OCS)

