**** Version Voxcom --> 2019.07.22 12:46:22:224 CLT
**** Start OCIClient initialization --> 2019.07.22 12:46:22:235 CLT
**** Sending request at: 2019.07.22 12:46:22:273 CLT
**** Time Out:120

**** Received response (Request process time: 27 ms)
AuthenticationRequest command successful

**** Sending request at: 2019.07.22 12:46:22:303 CLT
**** Time Out:120

**** Received response (Request process time: 13 ms)
LoginRequest command successful

**** Line InputFile: C:\Users\cs\Desktop\VisualStudioProjects\CloudPBX\ProyectoEmpresa\bin\Debug\voxcom\tmp_userLicense\GetUserLicense\1_GetUserLicense_request.xml;C:\Users\cs\Desktop\VisualStudioProjects\CloudPBX\ProyectoEmpresa\bin\Debug\voxcom\tmp_userLicense\GetUserLicense\1_cloudpbx_response.xml
**** Line InputFile: C:\Users\cs\Desktop\VisualStudioProjects\CloudPBX\ProyectoEmpresa\bin\Debug\voxcom\tmp_userLicense\GetUserLicense\2_GetUserLicense_request.xml;C:\Users\cs\Desktop\VisualStudioProjects\CloudPBX\ProyectoEmpresa\bin\Debug\voxcom\tmp_userLicense\GetUserLicense\2_cloudpbx_response.xml
**** Line InputFile: C:\Users\cs\Desktop\VisualStudioProjects\CloudPBX\ProyectoEmpresa\bin\Debug\voxcom\tmp_userLicense\GetUserLicense\3_GetUserLicense_request.xml;C:\Users\cs\Desktop\VisualStudioProjects\CloudPBX\ProyectoEmpresa\bin\Debug\voxcom\tmp_userLicense\GetUserLicense\3_cloudpbx_response.xml
********* Starting Run #: 1 in: 3 ms *********
**** Voxcom-> Procesando archivo de entrada:C:\Users\cs\Desktop\VisualStudioProjects\CloudPBX\ProyectoEmpresa\bin\Debug\voxcom\tmp_userLicense\GetUserLicense\1_GetUserLicense_request.xml
**** Voxcom-> Procesando archivo de salida :C:\Users\cs\Desktop\VisualStudioProjects\CloudPBX\ProyectoEmpresa\bin\Debug\voxcom\tmp_userLicense\GetUserLicense\1_cloudpbx_response.xml
**** Reading request(s) from file: C:\Users\cs\Desktop\VisualStudioProjects\CloudPBX\ProyectoEmpresa\bin\Debug\voxcom\tmp_userLicense\GetUserLicense\1_GetUserLicense_request.xml
**** Writing response to file: C:\Users\cs\Desktop\VisualStudioProjects\CloudPBX\ProyectoEmpresa\bin\Debug\voxcom\tmp_userLicense\GetUserLicense\1_cloudpbx_response.xml
**** Sending request #: 1 from file: C:\Users\cs\Desktop\VisualStudioProjects\CloudPBX\ProyectoEmpresa\bin\Debug\voxcom\tmp_userLicense\GetUserLicense\1_GetUserLicense_request.xml at: 2019.07.22 12:46:22:343 CLT
**** Time Out:120

**** Received response (Request process time: 14 ms)
**** Voxcom-> Procesando archivo de entrada:C:\Users\cs\Desktop\VisualStudioProjects\CloudPBX\ProyectoEmpresa\bin\Debug\voxcom\tmp_userLicense\GetUserLicense\2_GetUserLicense_request.xml
**** Voxcom-> Procesando archivo de salida :C:\Users\cs\Desktop\VisualStudioProjects\CloudPBX\ProyectoEmpresa\bin\Debug\voxcom\tmp_userLicense\GetUserLicense\2_cloudpbx_response.xml
**** Reading request(s) from file: C:\Users\cs\Desktop\VisualStudioProjects\CloudPBX\ProyectoEmpresa\bin\Debug\voxcom\tmp_userLicense\GetUserLicense\2_GetUserLicense_request.xml
**** Writing response to file: C:\Users\cs\Desktop\VisualStudioProjects\CloudPBX\ProyectoEmpresa\bin\Debug\voxcom\tmp_userLicense\GetUserLicense\2_cloudpbx_response.xml
**** Sending request #: 2 from file: C:\Users\cs\Desktop\VisualStudioProjects\CloudPBX\ProyectoEmpresa\bin\Debug\voxcom\tmp_userLicense\GetUserLicense\2_GetUserLicense_request.xml at: 2019.07.22 12:46:22:379 CLT
**** Time Out:120

**** Received response (Request process time: 10 ms)
**** Voxcom-> Procesando archivo de entrada:C:\Users\cs\Desktop\VisualStudioProjects\CloudPBX\ProyectoEmpresa\bin\Debug\voxcom\tmp_userLicense\GetUserLicense\3_GetUserLicense_request.xml
**** Voxcom-> Procesando archivo de salida :C:\Users\cs\Desktop\VisualStudioProjects\CloudPBX\ProyectoEmpresa\bin\Debug\voxcom\tmp_userLicense\GetUserLicense\3_cloudpbx_response.xml
**** Reading request(s) from file: C:\Users\cs\Desktop\VisualStudioProjects\CloudPBX\ProyectoEmpresa\bin\Debug\voxcom\tmp_userLicense\GetUserLicense\3_GetUserLicense_request.xml
**** Writing response to file: C:\Users\cs\Desktop\VisualStudioProjects\CloudPBX\ProyectoEmpresa\bin\Debug\voxcom\tmp_userLicense\GetUserLicense\3_cloudpbx_response.xml
**** Sending request #: 3 from file: C:\Users\cs\Desktop\VisualStudioProjects\CloudPBX\ProyectoEmpresa\bin\Debug\voxcom\tmp_userLicense\GetUserLicense\3_GetUserLicense_request.xml at: 2019.07.22 12:46:22:402 CLT
**** Time Out:120

**** Received response (Request process time: 12 ms)

Run #: 1 -- Statistics ========================>
Total Requests: 3
Total Time for all requests: 36 ms
Average Time per request: 12 ms
Smallest request time: 10 ms
Longest request time: 14 ms, FileName: C:\Users\cs\Desktop\VisualStudioProjects\CloudPBX\ProyectoEmpresa\bin\Debug\voxcom\tmp_userLicense\GetUserLicense\1_GetUserLicense_request.xml, Time: 2019.07.22 12:46:22:360 CLT
<========================

**** Sending request at: 2019.07.22 12:46:22:845 CLT
**** Time Out:1

**** Received response (Request process time: 1001 ms)
LogoutRequest command successful (no response when OCS)

