**** Version Voxcom --> 2019.07.22 15:22:55:519 CLT
**** Start OCIClient initialization --> 2019.07.22 15:22:55:530 CLT
**** Sending request at: 2019.07.22 15:22:55:568 CLT
**** Time Out:120

**** Received response (Request process time: 24 ms)
AuthenticationRequest command successful

**** Sending request at: 2019.07.22 15:22:55:594 CLT
**** Time Out:120

**** Received response (Request process time: 181 ms)
LoginRequest command successful

**** Line InputFile: C:\Users\cs\Desktop\VisualStudioProjects\CloudPBX\ProyectoEmpresa\bin\Debug\voxcom\tmp_userLicense\GetUserListInGroup\1_GetUserList_request.xml;C:\Users\cs\Desktop\VisualStudioProjects\CloudPBX\ProyectoEmpresa\bin\Debug\voxcom\tmp_userLicense\GetUserListInGroup\1_cloudpbx_response.xml
********* Starting Run #: 1 in: 3 ms *********
**** Voxcom-> Procesando archivo de entrada:C:\Users\cs\Desktop\VisualStudioProjects\CloudPBX\ProyectoEmpresa\bin\Debug\voxcom\tmp_userLicense\GetUserListInGroup\1_GetUserList_request.xml
**** Voxcom-> Procesando archivo de salida :C:\Users\cs\Desktop\VisualStudioProjects\CloudPBX\ProyectoEmpresa\bin\Debug\voxcom\tmp_userLicense\GetUserListInGroup\1_cloudpbx_response.xml
**** Reading request(s) from file: C:\Users\cs\Desktop\VisualStudioProjects\CloudPBX\ProyectoEmpresa\bin\Debug\voxcom\tmp_userLicense\GetUserListInGroup\1_GetUserList_request.xml
**** Writing response to file: C:\Users\cs\Desktop\VisualStudioProjects\CloudPBX\ProyectoEmpresa\bin\Debug\voxcom\tmp_userLicense\GetUserListInGroup\1_cloudpbx_response.xml
**** Sending request #: 1 from file: C:\Users\cs\Desktop\VisualStudioProjects\CloudPBX\ProyectoEmpresa\bin\Debug\voxcom\tmp_userLicense\GetUserListInGroup\1_GetUserList_request.xml at: 2019.07.22 15:22:55:788 CLT
**** Time Out:120

**** Received response (Request process time: 12 ms)

Run #: 1 -- Statistics ========================>
Total Requests: 1
Total Time for all requests: 12 ms
Average Time per request: 12 ms
Smallest request time: 12 ms
Longest request time: 12 ms, FileName: C:\Users\cs\Desktop\VisualStudioProjects\CloudPBX\ProyectoEmpresa\bin\Debug\voxcom\tmp_userLicense\GetUserListInGroup\1_GetUserList_request.xml, Time: 2019.07.22 15:22:55:805 CLT
<========================

**** Sending request at: 2019.07.22 15:22:55:901 CLT
**** Time Out:1

**** Received response (Request process time: 1001 ms)
LogoutRequest command successful (no response when OCS)

