**** Version Voxcom --> 2019.07.20 16:14:15:028 CLT
**** Start OCIClient initialization --> 2019.07.20 16:14:15:036 CLT
**** Sending request at: 2019.07.20 16:14:15:082 CLT
**** Time Out:120

**** Received response (Request process time: 38 ms)
AuthenticationRequest command successful

**** Sending request at: 2019.07.20 16:14:15:124 CLT
**** Time Out:120

**** Received response (Request process time: 22 ms)
LoginRequest command successful

**** Line InputFile: C:\Users\cs\Desktop\VisualStudioProjects\CloudPBX\ProyectoEmpresa\bin\Debug\voxcom\tmp_userLicense\userGetListInGroup\1_UserGetList_request.xml;C:\Users\cs\Desktop\VisualStudioProjects\CloudPBX\ProyectoEmpresa\bin\Debug\voxcom\tmp_userLicense\userGetListInGroup\1_cloudpbx_response.xml
********* Starting Run #: 1 in: 3 ms *********
**** Voxcom-> Procesando archivo de entrada:C:\Users\cs\Desktop\VisualStudioProjects\CloudPBX\ProyectoEmpresa\bin\Debug\voxcom\tmp_userLicense\userGetListInGroup\1_UserGetList_request.xml
**** Voxcom-> Procesando archivo de salida :C:\Users\cs\Desktop\VisualStudioProjects\CloudPBX\ProyectoEmpresa\bin\Debug\voxcom\tmp_userLicense\userGetListInGroup\1_cloudpbx_response.xml
**** Reading request(s) from file: C:\Users\cs\Desktop\VisualStudioProjects\CloudPBX\ProyectoEmpresa\bin\Debug\voxcom\tmp_userLicense\userGetListInGroup\1_UserGetList_request.xml
**** Writing response to file: C:\Users\cs\Desktop\VisualStudioProjects\CloudPBX\ProyectoEmpresa\bin\Debug\voxcom\tmp_userLicense\userGetListInGroup\1_cloudpbx_response.xml
**** Sending request #: 1 from file: C:\Users\cs\Desktop\VisualStudioProjects\CloudPBX\ProyectoEmpresa\bin\Debug\voxcom\tmp_userLicense\userGetListInGroup\1_UserGetList_request.xml at: 2019.07.20 16:14:15:169 CLT
**** Time Out:120

**** Received response (Request process time: 24 ms)

Run #: 1 -- Statistics ========================>
Total Requests: 1
Total Time for all requests: 24 ms
Average Time per request: 24 ms
Smallest request time: 24 ms
Longest request time: 24 ms, FileName: C:\Users\cs\Desktop\VisualStudioProjects\CloudPBX\ProyectoEmpresa\bin\Debug\voxcom\tmp_userLicense\userGetListInGroup\1_UserGetList_request.xml, Time: 2019.07.20 16:14:15:197 CLT
<========================

**** Sending request at: 2019.07.20 16:14:15:232 CLT
**** Time Out:1

**** Received response (Request process time: 1001 ms)
LogoutRequest command successful (no response when OCS)

