**** Version Voxcom --> 2019.07.03 15:23:46:756 CLT
**** Start OCIClient initialization --> 2019.07.03 15:23:46:804 CLT
**** Sending request at: 2019.07.03 15:23:46:836 CLT
**** Time Out:120

**** Received response (Request process time: 27 ms)
AuthenticationRequest command successful

**** Sending request at: 2019.07.03 15:23:46:866 CLT
**** Time Out:120

**** Received response (Request process time: 9 ms)
LoginRequest command successful

**** Line InputFile: C:\Users\cs\Desktop\VisualStudioProjects\CloudPBX\ProyectoEmpresa\bin\Debug\voxcom\tmp\1_DeviceGetList_request_tmp.xml;C:\Users\cs\Desktop\VisualStudioProjects\CloudPBX\ProyectoEmpresa\bin\Debug\voxcom\tmp\1_Broadsoft_response_tmp.xml
********* Starting Run #: 1 in: 3 ms *********
**** Voxcom-> Procesando archivo de entrada:C:\Users\cs\Desktop\VisualStudioProjects\CloudPBX\ProyectoEmpresa\bin\Debug\voxcom\tmp\1_DeviceGetList_request_tmp.xml
**** Voxcom-> Procesando archivo de salida :C:\Users\cs\Desktop\VisualStudioProjects\CloudPBX\ProyectoEmpresa\bin\Debug\voxcom\tmp\1_Broadsoft_response_tmp.xml
**** Reading request(s) from file: C:\Users\cs\Desktop\VisualStudioProjects\CloudPBX\ProyectoEmpresa\bin\Debug\voxcom\tmp\1_DeviceGetList_request_tmp.xml
**** Writing response to file: C:\Users\cs\Desktop\VisualStudioProjects\CloudPBX\ProyectoEmpresa\bin\Debug\voxcom\tmp\1_Broadsoft_response_tmp.xml
**** Sending request #: 1 from file: C:\Users\cs\Desktop\VisualStudioProjects\CloudPBX\ProyectoEmpresa\bin\Debug\voxcom\tmp\1_DeviceGetList_request_tmp.xml at: 2019.07.03 15:23:46:890 CLT
**** Time Out:120

**** Received response (Request process time: 14 ms)

Run #: 1 -- Statistics ========================>
Total Requests: 1
Total Time for all requests: 14 ms
Average Time per request: 14 ms
Smallest request time: 14 ms
Longest request time: 14 ms, FileName: C:\Users\cs\Desktop\VisualStudioProjects\CloudPBX\ProyectoEmpresa\bin\Debug\voxcom\tmp\1_DeviceGetList_request_tmp.xml, Time: 2019.07.03 15:23:46:908 CLT
<========================

**** Sending request at: 2019.07.03 15:23:46:936 CLT
**** Time Out:1

**** Received response (Request process time: 1001 ms)
LogoutRequest command successful (no response when OCS)

