**** Version Voxcom --> 2019.07.22 11:35:00:264 CLT
**** Start OCIClient initialization --> 2019.07.22 11:35:00:272 CLT
**** Sending request at: 2019.07.22 11:35:00:310 CLT
**** Time Out:120

**** Received response (Request process time: 282 ms)
AuthenticationRequest command successful

**** Sending request at: 2019.07.22 11:35:00:599 CLT
**** Time Out:120

**** Received response (Request process time: 175 ms)
LoginRequest command successful

**** Line InputFile: C:\Users\cs\Desktop\VisualStudioProjects\CloudPBX\ProyectoEmpresa\bin\Debug\voxcom\tmp_userLicense\AssigmentUserLicense\1_AssignServices_request.xml;C:\Users\cs\Desktop\VisualStudioProjects\CloudPBX\ProyectoEmpresa\bin\Debug\voxcom\tmp_userLicense\AssigmentUserLicense\1_cloudpbx_response.xml
********* Starting Run #: 1 in: 3 ms *********
**** Voxcom-> Procesando archivo de entrada:C:\Users\cs\Desktop\VisualStudioProjects\CloudPBX\ProyectoEmpresa\bin\Debug\voxcom\tmp_userLicense\AssigmentUserLicense\1_AssignServices_request.xml
**** Voxcom-> Procesando archivo de salida :C:\Users\cs\Desktop\VisualStudioProjects\CloudPBX\ProyectoEmpresa\bin\Debug\voxcom\tmp_userLicense\AssigmentUserLicense\1_cloudpbx_response.xml
**** Reading request(s) from file: C:\Users\cs\Desktop\VisualStudioProjects\CloudPBX\ProyectoEmpresa\bin\Debug\voxcom\tmp_userLicense\AssigmentUserLicense\1_AssignServices_request.xml
**** Writing response to file: C:\Users\cs\Desktop\VisualStudioProjects\CloudPBX\ProyectoEmpresa\bin\Debug\voxcom\tmp_userLicense\AssigmentUserLicense\1_cloudpbx_response.xml
**** Sending request #: 1 from file: C:\Users\cs\Desktop\VisualStudioProjects\CloudPBX\ProyectoEmpresa\bin\Debug\voxcom\tmp_userLicense\AssigmentUserLicense\1_AssignServices_request.xml at: 2019.07.22 11:35:00:804 CLT
**** Time Out:120

**** Received response (Request process time: 13 ms)

Run #: 1 -- Statistics ========================>
Total Requests: 1
Total Time for all requests: 13 ms
Average Time per request: 13 ms
Smallest request time: 13 ms
Longest request time: 13 ms, FileName: C:\Users\cs\Desktop\VisualStudioProjects\CloudPBX\ProyectoEmpresa\bin\Debug\voxcom\tmp_userLicense\AssigmentUserLicense\1_AssignServices_request.xml, Time: 2019.07.22 11:35:00:822 CLT
<========================

**** Sending request at: 2019.07.22 11:35:00:852 CLT
**** Time Out:1
