**** Version Voxcom --> 2019.07.05 12:55:35:871 CLT
**** Start OCIClient initialization --> 2019.07.05 12:55:35:879 CLT
**** Sending request at: 2019.07.05 12:55:35:912 CLT
**** Time Out:120

**** Received response (Request process time: 26 ms)
AuthenticationRequest command successful

**** Sending request at: 2019.07.05 12:55:35:941 CLT
**** Time Out:120

**** Received response (Request process time: 12 ms)
LoginRequest command successful

**** Line InputFile: C:\Users\cs\Desktop\VisualStudioProjects\CloudPBX\ProyectoEmpresa\bin\Debug\voxcom\tmp\1_DeviceGetList_request_tmp.xml;C:\Users\cs\Desktop\VisualStudioProjects\CloudPBX\ProyectoEmpresa\bin\Debug\voxcom\tmp\1_Broadsoft_response_tmp.xml
********* Starting Run #: 1 in: 3 ms *********
**** Voxcom-> Procesando archivo de entrada:C:\Users\cs\Desktop\VisualStudioProjects\CloudPBX\ProyectoEmpresa\bin\Debug\voxcom\tmp\1_DeviceGetList_request_tmp.xml
**** Voxcom-> Procesando archivo de salida :C:\Users\cs\Desktop\VisualStudioProjects\CloudPBX\ProyectoEmpresa\bin\Debug\voxcom\tmp\1_Broadsoft_response_tmp.xml
**** Reading request(s) from file: C:\Users\cs\Desktop\VisualStudioProjects\CloudPBX\ProyectoEmpresa\bin\Debug\voxcom\tmp\1_DeviceGetList_request_tmp.xml
**** Writing response to file: C:\Users\cs\Desktop\VisualStudioProjects\CloudPBX\ProyectoEmpresa\bin\Debug\voxcom\tmp\1_Broadsoft_response_tmp.xml
**** Sending request #: 1 from file: C:\Users\cs\Desktop\VisualStudioProjects\CloudPBX\ProyectoEmpresa\bin\Debug\voxcom\tmp\1_DeviceGetList_request_tmp.xml at: 2019.07.05 12:55:35:966 CLT
**** Time Out:120

**** Received response (Request process time: 12 ms)

Run #: 1 -- Statistics ========================>
Total Requests: 1
Total Time for all requests: 12 ms
Average Time per request: 12 ms
Smallest request time: 12 ms
Longest request time: 12 ms, FileName: C:\Users\cs\Desktop\VisualStudioProjects\CloudPBX\ProyectoEmpresa\bin\Debug\voxcom\tmp\1_DeviceGetList_request_tmp.xml, Time: 2019.07.05 12:55:35:982 CLT
<========================

**** Sending request at: 2019.07.05 12:55:36:022 CLT
**** Time Out:1

**** Received response (Request process time: 1000 ms)
LogoutRequest command successful (no response when OCS)

