**** Version Voxcom --> 2019.07.05 15:42:56:420 CLT
**** Start OCIClient initialization --> 2019.07.05 15:42:56:420 CLT
**** Sending request at: 2019.07.05 15:42:56:592 CLT
**** Time Out:120

**** Received response (Request process time: 16 ms)
AuthenticationRequest command successful

**** Sending request at: 2019.07.05 15:42:56:623 CLT
**** Time Out:120

**** Received response (Request process time: 31 ms)
LoginRequest command successful

**** Line InputFile: C:\Users\cs\Desktop\VisualStudioProjects\CloudPBX\ProyectoEmpresa\bin\Debug\voxcom\tmp_proxy\1_DeviceGetList_request_tmp.xml;C:\Users\cs\Desktop\VisualStudioProjects\CloudPBX\ProyectoEmpresa\bin\Debug\voxcom\tmp_proxy\1_Broadsoft_response_tmp.xml
********* Starting Run #: 1 in: 3 ms *********
**** Voxcom-> Procesando archivo de entrada:C:\Users\cs\Desktop\VisualStudioProjects\CloudPBX\ProyectoEmpresa\bin\Debug\voxcom\tmp_proxy\1_DeviceGetList_request_tmp.xml
**** Voxcom-> Procesando archivo de salida :C:\Users\cs\Desktop\VisualStudioProjects\CloudPBX\ProyectoEmpresa\bin\Debug\voxcom\tmp_proxy\1_Broadsoft_response_tmp.xml
**** Reading request(s) from file: C:\Users\cs\Desktop\VisualStudioProjects\CloudPBX\ProyectoEmpresa\bin\Debug\voxcom\tmp_proxy\1_DeviceGetList_request_tmp.xml
**** Writing response to file: C:\Users\cs\Desktop\VisualStudioProjects\CloudPBX\ProyectoEmpresa\bin\Debug\voxcom\tmp_proxy\1_Broadsoft_response_tmp.xml
**** Sending request #: 1 from file: C:\Users\cs\Desktop\VisualStudioProjects\CloudPBX\ProyectoEmpresa\bin\Debug\voxcom\tmp_proxy\1_DeviceGetList_request_tmp.xml at: 2019.07.05 15:42:56:671 CLT
**** Time Out:120

**** Received response (Request process time: 0 ms)

Run #: 1 -- Statistics ========================>
Total Requests: 1
Total Time for all requests: 0 ms
Average Time per request: 0 ms
Smallest request time: 0 ms
Longest request time: 0 ms, FileName: , Time: 
<========================

**** Sending request at: 2019.07.05 15:42:56:702 CLT
**** Time Out:1

**** Received response (Request process time: 1000 ms)
LogoutRequest command successful (no response when OCS)

