**** Version Voxcom --> 2019.07.19 16:31:31:343 CLT
**** Start OCIClient initialization --> 2019.07.19 16:31:31:350 CLT
**** Sending request at: 2019.07.19 16:31:31:420 CLT
**** Time Out:120

**** Received response (Request process time: 23 ms)
AuthenticationRequest command successful

**** Sending request at: 2019.07.19 16:31:31:446 CLT
**** Time Out:120

**** Received response (Request process time: 9 ms)
LoginRequest command successful

**** Line InputFile: C:\Users\cs\Desktop\VisualStudioProjects\CloudPBX\ProyectoEmpresa\bin\Debug\voxcom\tmp_userLicense\userGetListInGroup\1_UserGetList_request.xml;C:\Users\cs\Desktop\VisualStudioProjects\CloudPBX\ProyectoEmpresa\bin\Debug\voxcom\tmp_userLicense\userGetListInGroup\1_cloudpbx_response.xml
********* Starting Run #: 1 in: 3 ms *********
**** Voxcom-> Procesando archivo de entrada:C:\Users\cs\Desktop\VisualStudioProjects\CloudPBX\ProyectoEmpresa\bin\Debug\voxcom\tmp_userLicense\userGetListInGroup\1_UserGetList_request.xml
**** Voxcom-> Procesando archivo de salida :C:\Users\cs\Desktop\VisualStudioProjects\CloudPBX\ProyectoEmpresa\bin\Debug\voxcom\tmp_userLicense\userGetListInGroup\1_cloudpbx_response.xml
**** Reading request(s) from file: C:\Users\cs\Desktop\VisualStudioProjects\CloudPBX\ProyectoEmpresa\bin\Debug\voxcom\tmp_userLicense\userGetListInGroup\1_UserGetList_request.xml
**** Writing response to file: C:\Users\cs\Desktop\VisualStudioProjects\CloudPBX\ProyectoEmpresa\bin\Debug\voxcom\tmp_userLicense\userGetListInGroup\1_cloudpbx_response.xml
**** Sending request #: 1 from file: C:\Users\cs\Desktop\VisualStudioProjects\CloudPBX\ProyectoEmpresa\bin\Debug\voxcom\tmp_userLicense\userGetListInGroup\1_UserGetList_request.xml at: 2019.07.19 16:31:31:468 CLT
**** Time Out:120

**** Received response (Request process time: 64 ms)

Run #: 1 -- Statistics ========================>
Total Requests: 1
Total Time for all requests: 64 ms
Average Time per request: 64 ms
Smallest request time: 64 ms
Longest request time: 64 ms, FileName: C:\Users\cs\Desktop\VisualStudioProjects\CloudPBX\ProyectoEmpresa\bin\Debug\voxcom\tmp_userLicense\userGetListInGroup\1_UserGetList_request.xml, Time: 2019.07.19 16:31:31:535 CLT
<========================

**** Sending request at: 2019.07.19 16:31:31:558 CLT
**** Time Out:1

**** Received response (Request process time: 1000 ms)
LogoutRequest command successful (no response when OCS)

