**** Version Voxcom --> 2019.07.08 12:03:25:850 CLT
**** Start OCIClient initialization --> 2019.07.08 12:03:25:852 CLT
**** Sending request at: 2019.07.08 12:03:25:946 CLT
**** Time Out:120

**** Received response (Request process time: 250 ms)
AuthenticationRequest command successful

**** Sending request at: 2019.07.08 12:03:26:211 CLT
**** Time Out:120

**** Received response (Request process time: 47 ms)
LoginRequest command successful

**** Line InputFile: C:\Users\cs\Desktop\VisualStudioProjects\CloudPBX\ProyectoEmpresa\bin\Debug\voxcom\tmp_proxy\getDeviceName\1_DeviceGetList_request_tmp.xml;C:\Users\cs\Desktop\VisualStudioProjects\CloudPBX\ProyectoEmpresa\bin\Debug\voxcom\tmp_proxy\getDeviceName\1_cloudpbx_response_.xml
********* Starting Run #: 1 in: 3 ms *********
**** Voxcom-> Procesando archivo de entrada:C:\Users\cs\Desktop\VisualStudioProjects\CloudPBX\ProyectoEmpresa\bin\Debug\voxcom\tmp_proxy\getDeviceName\1_DeviceGetList_request_tmp.xml
**** Voxcom-> Procesando archivo de salida :C:\Users\cs\Desktop\VisualStudioProjects\CloudPBX\ProyectoEmpresa\bin\Debug\voxcom\tmp_proxy\getDeviceName\1_cloudpbx_response_.xml
**** Reading request(s) from file: C:\Users\cs\Desktop\VisualStudioProjects\CloudPBX\ProyectoEmpresa\bin\Debug\voxcom\tmp_proxy\getDeviceName\1_DeviceGetList_request_tmp.xml
**** Writing response to file: C:\Users\cs\Desktop\VisualStudioProjects\CloudPBX\ProyectoEmpresa\bin\Debug\voxcom\tmp_proxy\getDeviceName\1_cloudpbx_response_.xml
**** Sending request #: 1 from file: C:\Users\cs\Desktop\VisualStudioProjects\CloudPBX\ProyectoEmpresa\bin\Debug\voxcom\tmp_proxy\getDeviceName\1_DeviceGetList_request_tmp.xml at: 2019.07.08 12:03:26:356 CLT
**** Time Out:120

**** Received response (Request process time: 205 ms)

Run #: 1 -- Statistics ========================>
Total Requests: 1
Total Time for all requests: 205 ms
Average Time per request: 205 ms
Smallest request time: 205 ms
Longest request time: 205 ms, FileName: C:\Users\cs\Desktop\VisualStudioProjects\CloudPBX\ProyectoEmpresa\bin\Debug\voxcom\tmp_proxy\getDeviceName\1_DeviceGetList_request_tmp.xml, Time: 2019.07.08 12:03:26:561 CLT
<========================

**** Sending request at: 2019.07.08 12:03:26:654 CLT
**** Time Out:1

**** Received response (Request process time: 1011 ms)
LogoutRequest command successful (no response when OCS)

