**** Version Voxcom --> 2019.07.03 14:34:52:475 CLT
**** Start OCIClient initialization --> 2019.07.03 14:34:52:489 CLT
**** Sending request at: 2019.07.03 14:34:52:542 CLT
**** Time Out:120

**** Received response (Request process time: 31 ms)
AuthenticationRequest command successful

**** Sending request at: 2019.07.03 14:34:52:575 CLT
**** Time Out:120

**** Received response (Request process time: 46 ms)
LoginRequest command successful

**** Line InputFile: C:\Users\cs\Desktop\VisualStudioProjects\CloudPBX\ProyectoEmpresa\bin\Debug\voxcom\tmp\1_DeviceGetList_request_tmp.xml;C:\Users\cs\Desktop\VisualStudioProjects\CloudPBX\ProyectoEmpresa\bin\Debug\voxcom\tmp\1_Broadsoft_response_tmp.xml
********* Starting Run #: 1 in: 3 ms *********
**** Voxcom-> Procesando archivo de entrada:C:\Users\cs\Desktop\VisualStudioProjects\CloudPBX\ProyectoEmpresa\bin\Debug\voxcom\tmp\1_DeviceGetList_request_tmp.xml
**** Voxcom-> Procesando archivo de salida :C:\Users\cs\Desktop\VisualStudioProjects\CloudPBX\ProyectoEmpresa\bin\Debug\voxcom\tmp\1_Broadsoft_response_tmp.xml
**** Reading request(s) from file: C:\Users\cs\Desktop\VisualStudioProjects\CloudPBX\ProyectoEmpresa\bin\Debug\voxcom\tmp\1_DeviceGetList_request_tmp.xml
**** Writing response to file: C:\Users\cs\Desktop\VisualStudioProjects\CloudPBX\ProyectoEmpresa\bin\Debug\voxcom\tmp\1_Broadsoft_response_tmp.xml
**** Sending request #: 1 from file: C:\Users\cs\Desktop\VisualStudioProjects\CloudPBX\ProyectoEmpresa\bin\Debug\voxcom\tmp\1_DeviceGetList_request_tmp.xml at: 2019.07.03 14:34:52:632 CLT
**** Time Out:120

**** Received response (Request process time: 61 ms)

Run #: 1 -- Statistics ========================>
Total Requests: 1
Total Time for all requests: 61 ms
Average Time per request: 61 ms
Smallest request time: 61 ms
Longest request time: 61 ms, FileName: C:\Users\cs\Desktop\VisualStudioProjects\CloudPBX\ProyectoEmpresa\bin\Debug\voxcom\tmp\1_DeviceGetList_request_tmp.xml, Time: 2019.07.03 14:34:52:696 CLT
<========================

**** Sending request at: 2019.07.03 14:34:52:999 CLT
**** Time Out:1

**** Received response (Request process time: 1000 ms)
LogoutRequest command successful (no response when OCS)

